{"/Users/oluwafemibabayemi/Documents/Personal-Project/e-commerce/src/config/env/development.js":{"path":"/Users/oluwafemibabayemi/Documents/Personal-Project/e-commerce/src/config/env/development.js","statementMap":{},"fnMap":{},"branchMap":{},"s":{},"f":{},"b":{},"_coverageSchema":"1a1c01bbd47fc00a2c39e90264f33305004495a9","hash":"f156dc231169edb9fd172253541e7adef32bcff5","contentHash":"50f32d0a37e804b7d7f51ab9a74d0e40d119718cb982d5abf0b8c46bf0834b71"},"/Users/oluwafemibabayemi/Documents/Personal-Project/e-commerce/src/config/env/production.js":{"path":"/Users/oluwafemibabayemi/Documents/Personal-Project/e-commerce/src/config/env/production.js","statementMap":{},"fnMap":{},"branchMap":{},"s":{},"f":{},"b":{},"_coverageSchema":"1a1c01bbd47fc00a2c39e90264f33305004495a9","hash":"ee2a9b36a377ecc89535780fd2e10a5d27f5f56c","contentHash":"28e707ec74508f7af1d4e3658ad180c707219afec41d1dbd908983cea5c26d93"},"/Users/oluwafemibabayemi/Documents/Personal-Project/e-commerce/src/config/env/test.js":{"path":"/Users/oluwafemibabayemi/Documents/Personal-Project/e-commerce/src/config/env/test.js","statementMap":{},"fnMap":{},"branchMap":{},"s":{},"f":{},"b":{},"_coverageSchema":"1a1c01bbd47fc00a2c39e90264f33305004495a9","hash":"7cb1a20f680c7b63deecaefcaacda16c59a84082","contentHash":"0de7ddd7e64412f9e19fecb602bb15de999d0406fc2a498570e01b57081a2a31"},"/Users/oluwafemibabayemi/Documents/Personal-Project/e-commerce/src/config/env/index.js":{"path":"/Users/oluwafemibabayemi/Documents/Personal-Project/e-commerce/src/config/env/index.js","statementMap":{"0":{"start":{"line":7,"column":4},"end":{"line":7,"column":15}}},"fnMap":{},"branchMap":{"0":{"loc":{"start":{"line":13,"column":2},"end":{"line":13,"column":27}},"type":"binary-expr","locations":[{"start":{"line":13,"column":2},"end":{"line":13,"column":10}},{"start":{"line":13,"column":14},"end":{"line":13,"column":27}}],"line":13}},"s":{"0":1},"f":{},"b":{"0":[1,0]},"_coverageSchema":"1a1c01bbd47fc00a2c39e90264f33305004495a9","hash":"27e83d6028fa0996fd2375723c32671fd7a793f8","contentHash":"7d4b7c6614007aa25d36cdffa01660fc0c2dc6245fdeb70954191d1e02c8d2f8"},"/Users/oluwafemibabayemi/Documents/Personal-Project/e-commerce/src/config/logger.js":{"path":"/Users/oluwafemibabayemi/Documents/Personal-Project/e-commerce/src/config/logger.js","statementMap":{"0":{"start":{"line":3,"column":17},"end":{"line":10,"column":1}},"1":{"start":{"line":8,"column":18},"end":{"line":8,"column":71}},"2":{"start":{"line":11,"column":15},"end":{"line":17,"column":2}}},"fnMap":{"0":{"name":"(anonymous_0)","decl":{"start":{"line":8,"column":8},"end":{"line":8,"column":9}},"loc":{"start":{"line":8,"column":18},"end":{"line":8,"column":71}},"line":8}},"branchMap":{},"s":{"0":1,"1":0,"2":1},"f":{"0":0},"b":{},"_coverageSchema":"1a1c01bbd47fc00a2c39e90264f33305004495a9","hash":"c35d34d6718517a4ee03c71451b9b4c8289f84a9","contentHash":"2becbed8e15f78d457a30bf6cf59ca8a5e9d864985e074fa8f2787c197f14f42"},"/Users/oluwafemibabayemi/Documents/Personal-Project/e-commerce/src/config/redis.js":{"path":"/Users/oluwafemibabayemi/Documents/Personal-Project/e-commerce/src/config/redis.js","statementMap":{"0":{"start":{"line":4,"column":15},"end":{"line":4,"column":63}},"1":{"start":{"line":6,"column":0},"end":{"line":8,"column":3}},"2":{"start":{"line":7,"column":4},"end":{"line":7,"column":24}}},"fnMap":{"0":{"name":"(anonymous_0)","decl":{"start":{"line":6,"column":19},"end":{"line":6,"column":20}},"loc":{"start":{"line":6,"column":30},"end":{"line":8,"column":1}},"line":6}},"branchMap":{},"s":{"0":1,"1":1,"2":0},"f":{"0":0},"b":{},"_coverageSchema":"1a1c01bbd47fc00a2c39e90264f33305004495a9","hash":"6e4f863722d3b2be49355204f1848dc1e527f689","contentHash":"965eac00b119eb446629862ea7d906eba8bb22ad7d92b6cd5765c3b7afc84b4d"},"/Users/oluwafemibabayemi/Documents/Personal-Project/e-commerce/src/utils/response/index.js":{"path":"/Users/oluwafemibabayemi/Documents/Personal-Project/e-commerce/src/utils/response/index.js","statementMap":{"0":{"start":{"line":1,"column":18},"end":{"line":5,"column":2}},"1":{"start":{"line":1,"column":42},"end":{"line":5,"column":2}},"2":{"start":{"line":7,"column":23},"end":{"line":11,"column":2}},"3":{"start":{"line":7,"column":47},"end":{"line":11,"column":2}},"4":{"start":{"line":13,"column":24},"end":{"line":17,"column":2}},"5":{"start":{"line":13,"column":48},"end":{"line":17,"column":2}},"6":{"start":{"line":19,"column":25},"end":{"line":22,"column":2}},"7":{"start":{"line":19,"column":43},"end":{"line":22,"column":2}},"8":{"start":{"line":24,"column":31},"end":{"line":28,"column":2}},"9":{"start":{"line":24,"column":49},"end":{"line":28,"column":2}},"10":{"start":{"line":30,"column":33},"end":{"line":34,"column":2}},"11":{"start":{"line":30,"column":51},"end":{"line":34,"column":2}},"12":{"start":{"line":36,"column":30},"end":{"line":40,"column":2}},"13":{"start":{"line":36,"column":48},"end":{"line":40,"column":2}},"14":{"start":{"line":42,"column":29},"end":{"line":46,"column":2}},"15":{"start":{"line":42,"column":47},"end":{"line":46,"column":2}},"16":{"start":{"line":48,"column":33},"end":{"line":52,"column":2}},"17":{"start":{"line":48,"column":51},"end":{"line":52,"column":2}},"18":{"start":{"line":54,"column":29},"end":{"line":58,"column":2}},"19":{"start":{"line":54,"column":47},"end":{"line":58,"column":2}},"20":{"start":{"line":60,"column":25},"end":{"line":64,"column":2}},"21":{"start":{"line":60,"column":43},"end":{"line":64,"column":2}},"22":{"start":{"line":66,"column":34},"end":{"line":70,"column":2}},"23":{"start":{"line":66,"column":52},"end":{"line":70,"column":2}},"24":{"start":{"line":72,"column":27},"end":{"line":76,"column":2}},"25":{"start":{"line":72,"column":45},"end":{"line":76,"column":2}},"26":{"start":{"line":78,"column":32},"end":{"line":82,"column":2}},"27":{"start":{"line":78,"column":58},"end":{"line":82,"column":1}}},"fnMap":{"0":{"name":"(anonymous_0)","decl":{"start":{"line":1,"column":18},"end":{"line":1,"column":19}},"loc":{"start":{"line":1,"column":42},"end":{"line":5,"column":2}},"line":1},"1":{"name":"(anonymous_1)","decl":{"start":{"line":7,"column":23},"end":{"line":7,"column":24}},"loc":{"start":{"line":7,"column":47},"end":{"line":11,"column":2}},"line":7},"2":{"name":"(anonymous_2)","decl":{"start":{"line":13,"column":24},"end":{"line":13,"column":25}},"loc":{"start":{"line":13,"column":48},"end":{"line":17,"column":2}},"line":13},"3":{"name":"(anonymous_3)","decl":{"start":{"line":19,"column":25},"end":{"line":19,"column":26}},"loc":{"start":{"line":19,"column":43},"end":{"line":22,"column":2}},"line":19},"4":{"name":"(anonymous_4)","decl":{"start":{"line":24,"column":31},"end":{"line":24,"column":32}},"loc":{"start":{"line":24,"column":49},"end":{"line":28,"column":2}},"line":24},"5":{"name":"(anonymous_5)","decl":{"start":{"line":30,"column":33},"end":{"line":30,"column":34}},"loc":{"start":{"line":30,"column":51},"end":{"line":34,"column":2}},"line":30},"6":{"name":"(anonymous_6)","decl":{"start":{"line":36,"column":30},"end":{"line":36,"column":31}},"loc":{"start":{"line":36,"column":48},"end":{"line":40,"column":2}},"line":36},"7":{"name":"(anonymous_7)","decl":{"start":{"line":42,"column":29},"end":{"line":42,"column":30}},"loc":{"start":{"line":42,"column":47},"end":{"line":46,"column":2}},"line":42},"8":{"name":"(anonymous_8)","decl":{"start":{"line":48,"column":33},"end":{"line":48,"column":34}},"loc":{"start":{"line":48,"column":51},"end":{"line":52,"column":2}},"line":48},"9":{"name":"(anonymous_9)","decl":{"start":{"line":54,"column":29},"end":{"line":54,"column":30}},"loc":{"start":{"line":54,"column":47},"end":{"line":58,"column":2}},"line":54},"10":{"name":"(anonymous_10)","decl":{"start":{"line":60,"column":25},"end":{"line":60,"column":26}},"loc":{"start":{"line":60,"column":43},"end":{"line":64,"column":2}},"line":60},"11":{"name":"(anonymous_11)","decl":{"start":{"line":66,"column":34},"end":{"line":66,"column":35}},"loc":{"start":{"line":66,"column":52},"end":{"line":70,"column":2}},"line":66},"12":{"name":"(anonymous_12)","decl":{"start":{"line":72,"column":27},"end":{"line":72,"column":28}},"loc":{"start":{"line":72,"column":45},"end":{"line":76,"column":2}},"line":72},"13":{"name":"(anonymous_13)","decl":{"start":{"line":78,"column":32},"end":{"line":78,"column":33}},"loc":{"start":{"line":78,"column":58},"end":{"line":82,"column":1}},"line":78}},"branchMap":{},"s":{"0":1,"1":23,"2":1,"3":6,"4":1,"5":0,"6":1,"7":0,"8":1,"9":5,"10":1,"11":0,"12":1,"13":0,"14":1,"15":2,"16":1,"17":0,"18":1,"19":1,"20":1,"21":0,"22":1,"23":0,"24":1,"25":1,"26":1,"27":0},"f":{"0":23,"1":6,"2":0,"3":0,"4":5,"5":0,"6":0,"7":2,"8":0,"9":1,"10":0,"11":0,"12":1,"13":0},"b":{},"_coverageSchema":"1a1c01bbd47fc00a2c39e90264f33305004495a9","hash":"faeefbb6585a85806573c3ac9eeafa63d0b4d7c4","contentHash":"8f2a520ab68dabba6ebacbaff90a974cdd048e300b747e1eff4b286d31529c33"},"/Users/oluwafemibabayemi/Documents/Personal-Project/e-commerce/src/utils/validate/index.js":{"path":"/Users/oluwafemibabayemi/Documents/Personal-Project/e-commerce/src/utils/validate/index.js","statementMap":{"0":{"start":{"line":3,"column":15},"end":{"line":80,"column":1}}},"fnMap":{},"branchMap":{},"s":{"0":1},"f":{},"b":{},"_coverageSchema":"1a1c01bbd47fc00a2c39e90264f33305004495a9","hash":"ac268602e2069aac89e648b92d53e45bec51e47c","contentHash":"242bcaad7b6458958fa836b013c465f2af86e34967259392f1ac020cdd53a77e"},"/Users/oluwafemibabayemi/Documents/Personal-Project/e-commerce/src/utils/hash/index.js":{"path":"/Users/oluwafemibabayemi/Documents/Personal-Project/e-commerce/src/utils/hash/index.js","statementMap":{"0":{"start":{"line":5,"column":12},"end":{"line":5,"column":30}},"1":{"start":{"line":19,"column":27},"end":{"line":19,"column":29}},"2":{"start":{"line":20,"column":21},"end":{"line":20,"column":51}},"3":{"start":{"line":21,"column":21},"end":{"line":21,"column":52}},"4":{"start":{"line":22,"column":8},"end":{"line":24,"column":9}},"5":{"start":{"line":23,"column":12},"end":{"line":23,"column":34}},"6":{"start":{"line":25,"column":8},"end":{"line":25,"column":21}},"7":{"start":{"line":36,"column":30},"end":{"line":36,"column":64}},"8":{"start":{"line":37,"column":8},"end":{"line":39,"column":9}},"9":{"start":{"line":38,"column":12},"end":{"line":38,"column":24}},"10":{"start":{"line":40,"column":8},"end":{"line":40,"column":21}},"11":{"start":{"line":51,"column":8},"end":{"line":51,"column":73}},"12":{"start":{"line":61,"column":8},"end":{"line":65,"column":9}},"13":{"start":{"line":62,"column":12},"end":{"line":62,"column":42}},"14":{"start":{"line":64,"column":12},"end":{"line":64,"column":25}}},"fnMap":{"0":{"name":"(anonymous_0)","decl":{"start":{"line":18,"column":4},"end":{"line":18,"column":5}},"loc":{"start":{"line":18,"column":34},"end":{"line":26,"column":5}},"line":18},"1":{"name":"(anonymous_1)","decl":{"start":{"line":35,"column":4},"end":{"line":35,"column":5}},"loc":{"start":{"line":35,"column":43},"end":{"line":41,"column":5}},"line":35},"2":{"name":"(anonymous_2)","decl":{"start":{"line":50,"column":4},"end":{"line":50,"column":5}},"loc":{"start":{"line":50,"column":44},"end":{"line":52,"column":5}},"line":50},"3":{"name":"(anonymous_3)","decl":{"start":{"line":60,"column":4},"end":{"line":60,"column":5}},"loc":{"start":{"line":60,"column":30},"end":{"line":66,"column":5}},"line":60}},"branchMap":{"0":{"loc":{"start":{"line":22,"column":8},"end":{"line":24,"column":9}},"type":"if","locations":[{"start":{"line":22,"column":8},"end":{"line":24,"column":9}},{"start":{"line":22,"column":8},"end":{"line":24,"column":9}}],"line":22},"1":{"loc":{"start":{"line":22,"column":12},"end":{"line":22,"column":24}},"type":"binary-expr","locations":[{"start":{"line":22,"column":12},"end":{"line":22,"column":16}},{"start":{"line":22,"column":20},"end":{"line":22,"column":24}}],"line":22},"2":{"loc":{"start":{"line":37,"column":8},"end":{"line":39,"column":9}},"type":"if","locations":[{"start":{"line":37,"column":8},"end":{"line":39,"column":9}},{"start":{"line":37,"column":8},"end":{"line":39,"column":9}}],"line":37}},"s":{"0":1,"1":2,"2":2,"3":2,"4":2,"5":2,"6":0,"7":6,"8":6,"9":6,"10":0,"11":6,"12":17,"13":17,"14":0},"f":{"0":2,"1":6,"2":6,"3":17},"b":{"0":[2,0],"1":[2,2],"2":[6,0]},"_coverageSchema":"1a1c01bbd47fc00a2c39e90264f33305004495a9","hash":"aab796d64646ffa6a29d874f6e17472a7898e2c0","contentHash":"e6cc413eedc8c424e6516a0a608531f23abc5877f4f5e63af639b19be32dace4"},"/Users/oluwafemibabayemi/Documents/Personal-Project/e-commerce/src/utils/emailTemplate/index.js":{"path":"/Users/oluwafemibabayemi/Documents/Personal-Project/e-commerce/src/utils/emailTemplate/index.js","statementMap":{"0":{"start":{"line":1,"column":18},"end":{"line":499,"column":1}},"1":{"start":{"line":3,"column":21},"end":{"line":3,"column":49}},"2":{"start":{"line":4,"column":8},"end":{"line":105,"column":5}},"3":{"start":{"line":108,"column":21},"end":{"line":108,"column":49}},"4":{"start":{"line":109,"column":8},"end":{"line":198,"column":16}},"5":{"start":{"line":201,"column":21},"end":{"line":201,"column":49}},"6":{"start":{"line":202,"column":8},"end":{"line":301,"column":16}},"7":{"start":{"line":304,"column":8},"end":{"line":404,"column":8}},"8":{"start":{"line":407,"column":21},"end":{"line":407,"column":49}},"9":{"start":{"line":408,"column":8},"end":{"line":497,"column":16}}},"fnMap":{"0":{"name":"(anonymous_0)","decl":{"start":{"line":2,"column":30},"end":{"line":2,"column":31}},"loc":{"start":{"line":2,"column":87},"end":{"line":106,"column":5}},"line":2},"1":{"name":"(anonymous_1)","decl":{"start":{"line":107,"column":36},"end":{"line":107,"column":37}},"loc":{"start":{"line":107,"column":70},"end":{"line":199,"column":5}},"line":107},"2":{"name":"(anonymous_2)","decl":{"start":{"line":200,"column":32},"end":{"line":200,"column":33}},"loc":{"start":{"line":200,"column":89},"end":{"line":302,"column":5}},"line":200},"3":{"name":"(anonymous_3)","decl":{"start":{"line":303,"column":27},"end":{"line":303,"column":28}},"loc":{"start":{"line":303,"column":61},"end":{"line":405,"column":5}},"line":303},"4":{"name":"(anonymous_4)","decl":{"start":{"line":406,"column":29},"end":{"line":406,"column":30}},"loc":{"start":{"line":406,"column":63},"end":{"line":498,"column":5}},"line":406}},"branchMap":{},"s":{"0":1,"1":1,"2":1,"3":1,"4":1,"5":1,"6":1,"7":1,"8":1,"9":1},"f":{"0":1,"1":1,"2":1,"3":1,"4":1},"b":{},"_coverageSchema":"1a1c01bbd47fc00a2c39e90264f33305004495a9","hash":"f10ee684811ec31f411b97af129020d25022e412","contentHash":"17a766b19b292ca29f59597c7c0a3e7928817cc879728223a66f22f7920ca14f"},"/Users/oluwafemibabayemi/Documents/Personal-Project/e-commerce/src/utils/nodemailer/index.js":{"path":"/Users/oluwafemibabayemi/Documents/Personal-Project/e-commerce/src/utils/nodemailer/index.js","statementMap":{"0":{"start":{"line":5,"column":18},"end":{"line":13,"column":2}},"1":{"start":{"line":15,"column":0},"end":{"line":21,"column":3}},"2":{"start":{"line":16,"column":4},"end":{"line":20,"column":5}},"3":{"start":{"line":17,"column":8},"end":{"line":17,"column":27}},"4":{"start":{"line":19,"column":8},"end":{"line":19,"column":60}}},"fnMap":{"0":{"name":"(anonymous_0)","decl":{"start":{"line":15,"column":17},"end":{"line":15,"column":18}},"loc":{"start":{"line":15,"column":37},"end":{"line":21,"column":1}},"line":15}},"branchMap":{"0":{"loc":{"start":{"line":16,"column":4},"end":{"line":20,"column":5}},"type":"if","locations":[{"start":{"line":16,"column":4},"end":{"line":20,"column":5}},{"start":{"line":16,"column":4},"end":{"line":20,"column":5}}],"line":16}},"s":{"0":1,"1":1,"2":1,"3":0,"4":1},"f":{"0":1},"b":{"0":[0,1]},"_coverageSchema":"1a1c01bbd47fc00a2c39e90264f33305004495a9","hash":"c5871486522f0715ad78314c4597617c2f7ac4c7","contentHash":"3219e0e4f50762b31d8584d125117de2aedede7ae2fd2f52e6b758305c209c6f"},"/Users/oluwafemibabayemi/Documents/Personal-Project/e-commerce/src/utils/index.js":{"path":"/Users/oluwafemibabayemi/Documents/Personal-Project/e-commerce/src/utils/index.js","statementMap":{},"fnMap":{},"branchMap":{},"s":{},"f":{},"b":{},"_coverageSchema":"1a1c01bbd47fc00a2c39e90264f33305004495a9","hash":"d027aaeec2fa7fe03b9c1b0f4713fd682ace0656","contentHash":"b757913c82f54a21ebca45158ead7dc24ca948453e439ec346a9f407a53a80f7"},"/Users/oluwafemibabayemi/Documents/Personal-Project/e-commerce/src/db/setup/postgres.js":{"path":"/Users/oluwafemibabayemi/Documents/Personal-Project/e-commerce/src/db/setup/postgres.js","statementMap":{"0":{"start":{"line":6,"column":16},"end":{"line":8,"column":1}},"1":{"start":{"line":10,"column":12},"end":{"line":10,"column":23}},"2":{"start":{"line":11,"column":11},"end":{"line":11,"column":35}}},"fnMap":{},"branchMap":{},"s":{"0":1,"1":1,"2":1},"f":{},"b":{},"_coverageSchema":"1a1c01bbd47fc00a2c39e90264f33305004495a9","hash":"bdf58555ca8e7bb1b44f70724477792f84fba446","contentHash":"62aea3ef00b70ddc4aa91722e4f0b166d5e2bfaa3ffa739ef6be245a9903c8dc"},"/Users/oluwafemibabayemi/Documents/Personal-Project/e-commerce/src/db/queries/user.js":{"path":"/Users/oluwafemibabayemi/Documents/Personal-Project/e-commerce/src/db/queries/user.js","statementMap":{},"fnMap":{},"branchMap":{},"s":{},"f":{},"b":{},"_coverageSchema":"1a1c01bbd47fc00a2c39e90264f33305004495a9","hash":"98d42fe0a58eeb9c91dcedb9bea87294dbb81024","contentHash":"dc54ddd3c9524c3906fa8994fb3df41a84840f2d46d33bdf37d117a6edb98826"},"/Users/oluwafemibabayemi/Documents/Personal-Project/e-commerce/src/db/queries/category.js":{"path":"/Users/oluwafemibabayemi/Documents/Personal-Project/e-commerce/src/db/queries/category.js","statementMap":{},"fnMap":{},"branchMap":{},"s":{},"f":{},"b":{},"_coverageSchema":"1a1c01bbd47fc00a2c39e90264f33305004495a9","hash":"83364858faae71bcba21247f620a0441baea43ff","contentHash":"dce8b827ce2d2ec066af65f67529a3977e2f0aa733a7b9982177078913f62eed"},"/Users/oluwafemibabayemi/Documents/Personal-Project/e-commerce/src/db/queries/subCategory.js":{"path":"/Users/oluwafemibabayemi/Documents/Personal-Project/e-commerce/src/db/queries/subCategory.js","statementMap":{},"fnMap":{},"branchMap":{},"s":{},"f":{},"b":{},"_coverageSchema":"1a1c01bbd47fc00a2c39e90264f33305004495a9","hash":"1244b02aeabbc7c8ff9d98f5bd0e7d39d696593d","contentHash":"ac850c72f8ea400df824ed0087adb890d18808e139d30b8b5f7df8c8fa06b716"},"/Users/oluwafemibabayemi/Documents/Personal-Project/e-commerce/src/db/queries/product.js":{"path":"/Users/oluwafemibabayemi/Documents/Personal-Project/e-commerce/src/db/queries/product.js","statementMap":{},"fnMap":{},"branchMap":{},"s":{},"f":{},"b":{},"_coverageSchema":"1a1c01bbd47fc00a2c39e90264f33305004495a9","hash":"a072dc093074d2791ea0b53572934afb018cb717","contentHash":"8d5a03b2c40e26ab7a3a4460e7ba0120c85fda929274985a3f27bc24becca8b0"},"/Users/oluwafemibabayemi/Documents/Personal-Project/e-commerce/src/db/queries/order.js":{"path":"/Users/oluwafemibabayemi/Documents/Personal-Project/e-commerce/src/db/queries/order.js","statementMap":{},"fnMap":{},"branchMap":{},"s":{},"f":{},"b":{},"_coverageSchema":"1a1c01bbd47fc00a2c39e90264f33305004495a9","hash":"ac0b419c2ce1a23667ebca2b8ede4bf1976ca677","contentHash":"ff8017ae9fc2190f5ddafca8511dcfad6b244a7ac314c86a5f7a0bf4123617d2"},"/Users/oluwafemibabayemi/Documents/Personal-Project/e-commerce/src/db/queries/cart.js":{"path":"/Users/oluwafemibabayemi/Documents/Personal-Project/e-commerce/src/db/queries/cart.js","statementMap":{},"fnMap":{},"branchMap":{},"s":{},"f":{},"b":{},"_coverageSchema":"1a1c01bbd47fc00a2c39e90264f33305004495a9","hash":"927430cb276ec3493686d4921546a08be27caff9","contentHash":"555e8f1e5c4246a5cbf7ed686fdcfd22d93684940d859199520620ba45f2a945"},"/Users/oluwafemibabayemi/Documents/Personal-Project/e-commerce/src/db/queries/transaction.js":{"path":"/Users/oluwafemibabayemi/Documents/Personal-Project/e-commerce/src/db/queries/transaction.js","statementMap":{},"fnMap":{},"branchMap":{},"s":{},"f":{},"b":{},"_coverageSchema":"1a1c01bbd47fc00a2c39e90264f33305004495a9","hash":"9a5c146d0a0b1dc945897343f3c1cc736ec5aafc","contentHash":"8ba94b2b2fcd16362dfc9e282979efb563bbbfa854d2740eae57a9fc14a81974"},"/Users/oluwafemibabayemi/Documents/Personal-Project/e-commerce/src/db/index.js":{"path":"/Users/oluwafemibabayemi/Documents/Personal-Project/e-commerce/src/db/index.js","statementMap":{},"fnMap":{},"branchMap":{},"s":{},"f":{},"b":{},"_coverageSchema":"1a1c01bbd47fc00a2c39e90264f33305004495a9","hash":"04a2ade2b585d85152b2f6dd49ac6d8f1dffcfed","contentHash":"19443c0cdfb53010ae6af3411e7cc30e4c1f53db131af87ca6af7720abdaa6c7"},"/Users/oluwafemibabayemi/Documents/Personal-Project/e-commerce/src/services/userServices.js":{"path":"/Users/oluwafemibabayemi/Documents/Personal-Project/e-commerce/src/services/userServices.js","statementMap":{"0":{"start":{"line":9,"column":19},"end":{"line":9,"column":27}},"1":{"start":{"line":10,"column":73},"end":{"line":10,"column":77}},"2":{"start":{"line":11,"column":30},"end":{"line":11,"column":49}},"3":{"start":{"line":12,"column":26},"end":{"line":12,"column":82}},"4":{"start":{"line":13,"column":25},"end":{"line":13,"column":79}},"5":{"start":{"line":14,"column":31},"end":{"line":14,"column":58}},"6":{"start":{"line":15,"column":31},"end":{"line":15,"column":45}},"7":{"start":{"line":16,"column":41},"end":{"line":16,"column":98}},"8":{"start":{"line":17,"column":34},"end":{"line":17,"column":77}},"9":{"start":{"line":18,"column":24},"end":{"line":18,"column":135}},"10":{"start":{"line":20,"column":8},"end":{"line":20,"column":59}},"11":{"start":{"line":24,"column":8},"end":{"line":24,"column":62}},"12":{"start":{"line":28,"column":24},"end":{"line":28,"column":39}},"13":{"start":{"line":29,"column":8},"end":{"line":29,"column":73}},"14":{"start":{"line":33,"column":8},"end":{"line":33,"column":58}},"15":{"start":{"line":37,"column":8},"end":{"line":37,"column":79}},"16":{"start":{"line":41,"column":8},"end":{"line":41,"column":74}},"17":{"start":{"line":47,"column":24},"end":{"line":47,"column":73}},"18":{"start":{"line":48,"column":8},"end":{"line":48,"column":71}},"19":{"start":{"line":52,"column":29},"end":{"line":52,"column":33}},"20":{"start":{"line":53,"column":31},"end":{"line":53,"column":58}},"21":{"start":{"line":54,"column":31},"end":{"line":54,"column":45}},"22":{"start":{"line":55,"column":24},"end":{"line":55,"column":59}},"23":{"start":{"line":56,"column":8},"end":{"line":56,"column":62}}},"fnMap":{"0":{"name":"(anonymous_0)","decl":{"start":{"line":8,"column":4},"end":{"line":8,"column":5}},"loc":{"start":{"line":8,"column":34},"end":{"line":21,"column":5}},"line":8},"1":{"name":"(anonymous_1)","decl":{"start":{"line":23,"column":4},"end":{"line":23,"column":5}},"loc":{"start":{"line":23,"column":41},"end":{"line":25,"column":5}},"line":23},"2":{"name":"(anonymous_2)","decl":{"start":{"line":27,"column":4},"end":{"line":27,"column":5}},"loc":{"start":{"line":27,"column":64},"end":{"line":30,"column":5}},"line":27},"3":{"name":"(anonymous_3)","decl":{"start":{"line":32,"column":4},"end":{"line":32,"column":5}},"loc":{"start":{"line":32,"column":36},"end":{"line":34,"column":5}},"line":32},"4":{"name":"(anonymous_4)","decl":{"start":{"line":36,"column":4},"end":{"line":36,"column":5}},"loc":{"start":{"line":36,"column":57},"end":{"line":38,"column":5}},"line":36},"5":{"name":"(anonymous_5)","decl":{"start":{"line":40,"column":4},"end":{"line":40,"column":5}},"loc":{"start":{"line":40,"column":57},"end":{"line":42,"column":5}},"line":40},"6":{"name":"(anonymous_6)","decl":{"start":{"line":44,"column":4},"end":{"line":44,"column":5}},"loc":{"start":{"line":46,"column":94},"end":{"line":49,"column":5}},"line":46},"7":{"name":"(anonymous_7)","decl":{"start":{"line":51,"column":4},"end":{"line":51,"column":5}},"loc":{"start":{"line":51,"column":60},"end":{"line":57,"column":5}},"line":51}},"branchMap":{"0":{"loc":{"start":{"line":27,"column":46},"end":{"line":27,"column":62}},"type":"default-arg","locations":[{"start":{"line":27,"column":58},"end":{"line":27,"column":62}}],"line":27},"1":{"loc":{"start":{"line":40,"column":39},"end":{"line":40,"column":55}},"type":"default-arg","locations":[{"start":{"line":40,"column":51},"end":{"line":40,"column":55}}],"line":40},"2":{"loc":{"start":{"line":45,"column":8},"end":{"line":45,"column":71}},"type":"default-arg","locations":[{"start":{"line":45,"column":28},"end":{"line":45,"column":71}}],"line":45},"3":{"loc":{"start":{"line":46,"column":8},"end":{"line":46,"column":92}},"type":"default-arg","locations":[{"start":{"line":46,"column":35},"end":{"line":46,"column":92}}],"line":46}},"s":{"0":1,"1":1,"2":1,"3":1,"4":1,"5":1,"6":1,"7":1,"8":1,"9":1,"10":1,"11":35,"12":1,"13":1,"14":4,"15":4,"16":0,"17":2,"18":2,"19":1,"20":1,"21":1,"22":1,"23":1},"f":{"0":1,"1":35,"2":1,"3":4,"4":4,"5":0,"6":2,"7":1},"b":{"0":[1],"1":[0],"2":[2],"3":[2]},"_coverageSchema":"1a1c01bbd47fc00a2c39e90264f33305004495a9","hash":"0e72d6d79f768cba7cc5d2cc1163c32ad76a21c8","contentHash":"d320b4088d3e32992a37de31ce99d70936c817357abf63effe4700f7431b02ff"},"/Users/oluwafemibabayemi/Documents/Personal-Project/e-commerce/src/services/categoryServices.js":{"path":"/Users/oluwafemibabayemi/Documents/Personal-Project/e-commerce/src/services/categoryServices.js","statementMap":{"0":{"start":{"line":7,"column":19},"end":{"line":7,"column":27}},"1":{"start":{"line":8,"column":46},"end":{"line":8,"column":50}},"2":{"start":{"line":9,"column":21},"end":{"line":9,"column":81}},"3":{"start":{"line":10,"column":24},"end":{"line":10,"column":47}},"4":{"start":{"line":12,"column":8},"end":{"line":12,"column":66}},"5":{"start":{"line":16,"column":21},"end":{"line":16,"column":81}},"6":{"start":{"line":17,"column":8},"end":{"line":17,"column":75}},"7":{"start":{"line":21,"column":8},"end":{"line":21,"column":64}},"8":{"start":{"line":25,"column":8},"end":{"line":25,"column":52}},"9":{"start":{"line":29,"column":24},"end":{"line":29,"column":53}},"10":{"start":{"line":30,"column":24},"end":{"line":30,"column":47}},"11":{"start":{"line":31,"column":24},"end":{"line":31,"column":71}},"12":{"start":{"line":33,"column":8},"end":{"line":33,"column":68}},"13":{"start":{"line":37,"column":8},"end":{"line":37,"column":63}}},"fnMap":{"0":{"name":"(anonymous_0)","decl":{"start":{"line":6,"column":4},"end":{"line":6,"column":5}},"loc":{"start":{"line":6,"column":38},"end":{"line":13,"column":5}},"line":6},"1":{"name":"(anonymous_1)","decl":{"start":{"line":15,"column":4},"end":{"line":15,"column":5}},"loc":{"start":{"line":15,"column":52},"end":{"line":18,"column":5}},"line":15},"2":{"name":"(anonymous_2)","decl":{"start":{"line":20,"column":4},"end":{"line":20,"column":5}},"loc":{"start":{"line":20,"column":36},"end":{"line":22,"column":5}},"line":20},"3":{"name":"(anonymous_3)","decl":{"start":{"line":24,"column":4},"end":{"line":24,"column":5}},"loc":{"start":{"line":24,"column":34},"end":{"line":26,"column":5}},"line":24},"4":{"name":"(anonymous_4)","decl":{"start":{"line":28,"column":4},"end":{"line":28,"column":5}},"loc":{"start":{"line":28,"column":42},"end":{"line":34,"column":5}},"line":28},"5":{"name":"(anonymous_5)","decl":{"start":{"line":36,"column":4},"end":{"line":36,"column":5}},"loc":{"start":{"line":36,"column":36},"end":{"line":38,"column":5}},"line":36}},"branchMap":{},"s":{"0":1,"1":1,"2":1,"3":1,"4":1,"5":1,"6":1,"7":2,"8":1,"9":1,"10":1,"11":1,"12":1,"13":1},"f":{"0":1,"1":1,"2":2,"3":1,"4":1,"5":1},"b":{},"_coverageSchema":"1a1c01bbd47fc00a2c39e90264f33305004495a9","hash":"114782d0cae41e5212d94e117eefe4239f0a62b4","contentHash":"36595d103ce6df8a8f45b68b751f4d9fefecf394e729dd83527a55061e2c294f"},"/Users/oluwafemibabayemi/Documents/Personal-Project/e-commerce/src/services/subCategoryServices.js":{"path":"/Users/oluwafemibabayemi/Documents/Personal-Project/e-commerce/src/services/subCategoryServices.js","statementMap":{"0":{"start":{"line":7,"column":19},"end":{"line":7,"column":27}},"1":{"start":{"line":8,"column":54},"end":{"line":8,"column":58}},"2":{"start":{"line":9,"column":21},"end":{"line":9,"column":97}},"3":{"start":{"line":10,"column":24},"end":{"line":10,"column":60}},"4":{"start":{"line":12,"column":8},"end":{"line":12,"column":73}},"5":{"start":{"line":16,"column":8},"end":{"line":16,"column":58}},"6":{"start":{"line":20,"column":21},"end":{"line":20,"column":97}},"7":{"start":{"line":21,"column":8},"end":{"line":21,"column":88}},"8":{"start":{"line":25,"column":8},"end":{"line":25,"column":88}},"9":{"start":{"line":29,"column":8},"end":{"line":29,"column":71}},"10":{"start":{"line":33,"column":8},"end":{"line":33,"column":69}},"11":{"start":{"line":37,"column":24},"end":{"line":37,"column":64}},"12":{"start":{"line":38,"column":24},"end":{"line":38,"column":47}},"13":{"start":{"line":39,"column":24},"end":{"line":39,"column":79}},"14":{"start":{"line":41,"column":8},"end":{"line":41,"column":74}}},"fnMap":{"0":{"name":"(anonymous_0)","decl":{"start":{"line":6,"column":4},"end":{"line":6,"column":5}},"loc":{"start":{"line":6,"column":54},"end":{"line":13,"column":5}},"line":6},"1":{"name":"(anonymous_1)","decl":{"start":{"line":15,"column":4},"end":{"line":15,"column":5}},"loc":{"start":{"line":15,"column":37},"end":{"line":17,"column":5}},"line":15},"2":{"name":"(anonymous_2)","decl":{"start":{"line":19,"column":4},"end":{"line":19,"column":5}},"loc":{"start":{"line":19,"column":63},"end":{"line":22,"column":5}},"line":19},"3":{"name":"(anonymous_3)","decl":{"start":{"line":24,"column":4},"end":{"line":24,"column":5}},"loc":{"start":{"line":24,"column":53},"end":{"line":26,"column":5}},"line":24},"4":{"name":"(anonymous_4)","decl":{"start":{"line":28,"column":4},"end":{"line":28,"column":5}},"loc":{"start":{"line":28,"column":47},"end":{"line":30,"column":5}},"line":28},"5":{"name":"(anonymous_5)","decl":{"start":{"line":32,"column":4},"end":{"line":32,"column":5}},"loc":{"start":{"line":32,"column":39},"end":{"line":34,"column":5}},"line":32},"6":{"name":"(anonymous_6)","decl":{"start":{"line":36,"column":4},"end":{"line":36,"column":5}},"loc":{"start":{"line":36,"column":45},"end":{"line":42,"column":5}},"line":36}},"branchMap":{},"s":{"0":1,"1":1,"2":1,"3":1,"4":1,"5":1,"6":1,"7":1,"8":1,"9":2,"10":1,"11":1,"12":1,"13":1,"14":1},"f":{"0":1,"1":1,"2":1,"3":1,"4":2,"5":1,"6":1},"b":{},"_coverageSchema":"1a1c01bbd47fc00a2c39e90264f33305004495a9","hash":"4fe11fb1afe7ce3326059efbfd43ccf9e22922e3","contentHash":"f4b188a800a63a3ba4a937b86cf991a1400ba7ffad4f0fff469ddc8cc480e333"},"/Users/oluwafemibabayemi/Documents/Personal-Project/e-commerce/src/services/productServices.js":{"path":"/Users/oluwafemibabayemi/Documents/Personal-Project/e-commerce/src/services/productServices.js","statementMap":{"0":{"start":{"line":7,"column":19},"end":{"line":7,"column":27}},"1":{"start":{"line":8,"column":78},"end":{"line":8,"column":82}},"2":{"start":{"line":9,"column":21},"end":{"line":9,"column":81}},"3":{"start":{"line":10,"column":24},"end":{"line":10,"column":97}},"4":{"start":{"line":12,"column":8},"end":{"line":12,"column":65}},"5":{"start":{"line":16,"column":21},"end":{"line":16,"column":81}},"6":{"start":{"line":17,"column":8},"end":{"line":17,"column":66}},"7":{"start":{"line":21,"column":33},"end":{"line":21,"column":37}},"8":{"start":{"line":22,"column":21},"end":{"line":22,"column":81}},"9":{"start":{"line":23,"column":24},"end":{"line":23,"column":34}},"10":{"start":{"line":24,"column":8},"end":{"line":24,"column":70}},"11":{"start":{"line":28,"column":8},"end":{"line":28,"column":63}},"12":{"start":{"line":32,"column":8},"end":{"line":32,"column":50}},"13":{"start":{"line":36,"column":8},"end":{"line":36,"column":87}},"14":{"start":{"line":40,"column":8},"end":{"line":40,"column":61}},"15":{"start":{"line":44,"column":24},"end":{"line":44,"column":60}},"16":{"start":{"line":45,"column":24},"end":{"line":45,"column":47}},"17":{"start":{"line":46,"column":24},"end":{"line":46,"column":127}},"18":{"start":{"line":48,"column":8},"end":{"line":48,"column":66}}},"fnMap":{"0":{"name":"(anonymous_0)","decl":{"start":{"line":6,"column":4},"end":{"line":6,"column":5}},"loc":{"start":{"line":6,"column":54},"end":{"line":13,"column":5}},"line":6},"1":{"name":"(anonymous_1)","decl":{"start":{"line":15,"column":4},"end":{"line":15,"column":5}},"loc":{"start":{"line":15,"column":51},"end":{"line":18,"column":5}},"line":15},"2":{"name":"(anonymous_2)","decl":{"start":{"line":20,"column":4},"end":{"line":20,"column":5}},"loc":{"start":{"line":20,"column":37},"end":{"line":25,"column":5}},"line":20},"3":{"name":"(anonymous_3)","decl":{"start":{"line":27,"column":4},"end":{"line":27,"column":5}},"loc":{"start":{"line":27,"column":43},"end":{"line":29,"column":5}},"line":27},"4":{"name":"(anonymous_4)","decl":{"start":{"line":31,"column":4},"end":{"line":31,"column":5}},"loc":{"start":{"line":31,"column":33},"end":{"line":33,"column":5}},"line":31},"5":{"name":"(anonymous_5)","decl":{"start":{"line":35,"column":4},"end":{"line":35,"column":5}},"loc":{"start":{"line":35,"column":60},"end":{"line":37,"column":5}},"line":35},"6":{"name":"(anonymous_6)","decl":{"start":{"line":39,"column":4},"end":{"line":39,"column":5}},"loc":{"start":{"line":39,"column":35},"end":{"line":41,"column":5}},"line":39},"7":{"name":"(anonymous_7)","decl":{"start":{"line":43,"column":4},"end":{"line":43,"column":5}},"loc":{"start":{"line":43,"column":41},"end":{"line":49,"column":5}},"line":43}},"branchMap":{},"s":{"0":1,"1":1,"2":1,"3":1,"4":1,"5":1,"6":1,"7":1,"8":1,"9":1,"10":1,"11":3,"12":1,"13":1,"14":1,"15":1,"16":1,"17":1,"18":1},"f":{"0":1,"1":1,"2":1,"3":3,"4":1,"5":1,"6":1,"7":1},"b":{},"_coverageSchema":"1a1c01bbd47fc00a2c39e90264f33305004495a9","hash":"45fd33e2e4a545e3ac79f09895c363752789e22c","contentHash":"b39b893f21cfdc2782cded5bcfd4bee84744ef8dac964a0884e3e9ebfdc1a453"},"/Users/oluwafemibabayemi/Documents/Personal-Project/e-commerce/src/services/uploadServices.js":{"path":"/Users/oluwafemibabayemi/Documents/Personal-Project/e-commerce/src/services/uploadServices.js","statementMap":{"0":{"start":{"line":4,"column":11},"end":{"line":7,"column":2}},"1":{"start":{"line":12,"column":8},"end":{"line":28,"column":9}},"2":{"start":{"line":13,"column":27},"end":{"line":19,"column":13}},"3":{"start":{"line":21,"column":25},"end":{"line":21,"column":52}},"4":{"start":{"line":22,"column":26},"end":{"line":24,"column":36}},"5":{"start":{"line":23,"column":34},"end":{"line":23,"column":40}},"6":{"start":{"line":24,"column":32},"end":{"line":24,"column":35}},"7":{"start":{"line":25,"column":12},"end":{"line":25,"column":24}},"8":{"start":{"line":27,"column":12},"end":{"line":27,"column":20}}},"fnMap":{"0":{"name":"(anonymous_0)","decl":{"start":{"line":11,"column":4},"end":{"line":11,"column":5}},"loc":{"start":{"line":11,"column":35},"end":{"line":29,"column":5}},"line":11},"1":{"name":"(anonymous_1)","decl":{"start":{"line":23,"column":22},"end":{"line":23,"column":23}},"loc":{"start":{"line":23,"column":34},"end":{"line":23,"column":40}},"line":23},"2":{"name":"(anonymous_2)","decl":{"start":{"line":24,"column":23},"end":{"line":24,"column":24}},"loc":{"start":{"line":24,"column":32},"end":{"line":24,"column":35}},"line":24}},"branchMap":{},"s":{"0":1,"1":2,"2":2,"3":2,"4":2,"5":2,"6":0,"7":2,"8":0},"f":{"0":2,"1":2,"2":0},"b":{},"_coverageSchema":"1a1c01bbd47fc00a2c39e90264f33305004495a9","hash":"29f959d646df11a3adfd3d48b9d95f34d0de72da","contentHash":"c23d5fb79e9d5301a4e7bbb479c85603a554f648a54382eeaf9cda1efe041720"},"/Users/oluwafemibabayemi/Documents/Personal-Project/e-commerce/src/services/orderServices.js":{"path":"/Users/oluwafemibabayemi/Documents/Personal-Project/e-commerce/src/services/orderServices.js","statementMap":{"0":{"start":{"line":7,"column":19},"end":{"line":7,"column":27}},"1":{"start":{"line":8,"column":78},"end":{"line":8,"column":82}},"2":{"start":{"line":9,"column":26},"end":{"line":9,"column":82}},"3":{"start":{"line":10,"column":25},"end":{"line":10,"column":79}},"4":{"start":{"line":11,"column":24},"end":{"line":11,"column":94}},"5":{"start":{"line":13,"column":8},"end":{"line":13,"column":67}},"6":{"start":{"line":17,"column":8},"end":{"line":17,"column":64}},"7":{"start":{"line":21,"column":8},"end":{"line":21,"column":65}},"8":{"start":{"line":25,"column":8},"end":{"line":25,"column":76}},"9":{"start":{"line":29,"column":24},"end":{"line":29,"column":65}},"10":{"start":{"line":30,"column":24},"end":{"line":30,"column":47}},"11":{"start":{"line":31,"column":24},"end":{"line":31,"column":135}},"12":{"start":{"line":33,"column":8},"end":{"line":33,"column":69}}},"fnMap":{"0":{"name":"(anonymous_0)","decl":{"start":{"line":6,"column":4},"end":{"line":6,"column":5}},"loc":{"start":{"line":6,"column":51},"end":{"line":14,"column":5}},"line":6},"1":{"name":"(anonymous_1)","decl":{"start":{"line":16,"column":4},"end":{"line":16,"column":5}},"loc":{"start":{"line":16,"column":40},"end":{"line":18,"column":5}},"line":16},"2":{"name":"(anonymous_2)","decl":{"start":{"line":20,"column":4},"end":{"line":20,"column":5}},"loc":{"start":{"line":20,"column":48},"end":{"line":22,"column":5}},"line":20},"3":{"name":"(anonymous_3)","decl":{"start":{"line":24,"column":4},"end":{"line":24,"column":5}},"loc":{"start":{"line":24,"column":50},"end":{"line":26,"column":5}},"line":24},"4":{"name":"(anonymous_4)","decl":{"start":{"line":28,"column":4},"end":{"line":28,"column":5}},"loc":{"start":{"line":28,"column":46},"end":{"line":34,"column":5}},"line":28}},"branchMap":{},"s":{"0":1,"1":1,"2":1,"3":1,"4":1,"5":1,"6":1,"7":3,"8":1,"9":1,"10":1,"11":1,"12":1},"f":{"0":1,"1":1,"2":3,"3":1,"4":1},"b":{},"_coverageSchema":"1a1c01bbd47fc00a2c39e90264f33305004495a9","hash":"0fdd70dafc6a9a942782070a257e52bd89b3d5db","contentHash":"c12d7b5caffead169027840651b181d6b2b98569cc223dafd349f91c072faae2"},"/Users/oluwafemibabayemi/Documents/Personal-Project/e-commerce/src/services/cartServices.js":{"path":"/Users/oluwafemibabayemi/Documents/Personal-Project/e-commerce/src/services/cartServices.js","statementMap":{"0":{"start":{"line":7,"column":19},"end":{"line":7,"column":27}},"1":{"start":{"line":8,"column":24},"end":{"line":8,"column":67}},"2":{"start":{"line":10,"column":8},"end":{"line":10,"column":58}},"3":{"start":{"line":14,"column":8},"end":{"line":14,"column":67}},"4":{"start":{"line":18,"column":8},"end":{"line":18,"column":55}},"5":{"start":{"line":22,"column":8},"end":{"line":22,"column":56}},"6":{"start":{"line":26,"column":8},"end":{"line":26,"column":63}},"7":{"start":{"line":30,"column":24},"end":{"line":30,"column":57}},"8":{"start":{"line":31,"column":24},"end":{"line":31,"column":47}},"9":{"start":{"line":32,"column":26},"end":{"line":32,"column":58}},"10":{"start":{"line":33,"column":24},"end":{"line":33,"column":57}},"11":{"start":{"line":35,"column":8},"end":{"line":35,"column":60}}},"fnMap":{"0":{"name":"(anonymous_0)","decl":{"start":{"line":6,"column":4},"end":{"line":6,"column":5}},"loc":{"start":{"line":6,"column":67},"end":{"line":11,"column":5}},"line":6},"1":{"name":"(anonymous_1)","decl":{"start":{"line":13,"column":4},"end":{"line":13,"column":5}},"loc":{"start":{"line":13,"column":42},"end":{"line":15,"column":5}},"line":13},"2":{"name":"(anonymous_2)","decl":{"start":{"line":17,"column":4},"end":{"line":17,"column":5}},"loc":{"start":{"line":17,"column":32},"end":{"line":19,"column":5}},"line":17},"3":{"name":"(anonymous_3)","decl":{"start":{"line":21,"column":4},"end":{"line":21,"column":5}},"loc":{"start":{"line":21,"column":40},"end":{"line":23,"column":5}},"line":21},"4":{"name":"(anonymous_4)","decl":{"start":{"line":25,"column":4},"end":{"line":25,"column":5}},"loc":{"start":{"line":25,"column":43},"end":{"line":27,"column":5}},"line":25},"5":{"name":"(anonymous_5)","decl":{"start":{"line":29,"column":4},"end":{"line":29,"column":5}},"loc":{"start":{"line":29,"column":38},"end":{"line":36,"column":5}},"line":29}},"branchMap":{},"s":{"0":1,"1":1,"2":1,"3":1,"4":1,"5":3,"6":1,"7":1,"8":1,"9":1,"10":1,"11":1},"f":{"0":1,"1":1,"2":1,"3":3,"4":1,"5":1},"b":{},"_coverageSchema":"1a1c01bbd47fc00a2c39e90264f33305004495a9","hash":"e2fd02a0bccaee98af4e2e08b93cd5fdc56f3f24","contentHash":"f18c44695d01de0ddf71473e6ec1ff70aab78dfe59479834eea6340d4e31bc63"},"/Users/oluwafemibabayemi/Documents/Personal-Project/e-commerce/src/services/transactionServices.js":{"path":"/Users/oluwafemibabayemi/Documents/Personal-Project/e-commerce/src/services/transactionServices.js","statementMap":{"0":{"start":{"line":7,"column":24},"end":{"line":14,"column":9}},"1":{"start":{"line":16,"column":8},"end":{"line":16,"column":72}},"2":{"start":{"line":20,"column":8},"end":{"line":20,"column":84}}},"fnMap":{"0":{"name":"(anonymous_0)","decl":{"start":{"line":6,"column":4},"end":{"line":6,"column":5}},"loc":{"start":{"line":6,"column":52},"end":{"line":17,"column":5}},"line":6},"1":{"name":"(anonymous_1)","decl":{"start":{"line":19,"column":4},"end":{"line":19,"column":5}},"loc":{"start":{"line":19,"column":54},"end":{"line":21,"column":5}},"line":19}},"branchMap":{},"s":{"0":0,"1":0,"2":0},"f":{"0":0,"1":0},"b":{},"_coverageSchema":"1a1c01bbd47fc00a2c39e90264f33305004495a9","hash":"c4c7bbc8e5f0917615d05a14a248ad3dd7fabb86","contentHash":"59546df258c9e17e181e7703de5c2d8075f55fe08abe8e58c9b8fbb947aed5ba"},"/Users/oluwafemibabayemi/Documents/Personal-Project/e-commerce/src/services/index.js":{"path":"/Users/oluwafemibabayemi/Documents/Personal-Project/e-commerce/src/services/index.js","statementMap":{},"fnMap":{},"branchMap":{},"s":{},"f":{},"b":{},"_coverageSchema":"1a1c01bbd47fc00a2c39e90264f33305004495a9","hash":"d4ebb7e0c9333013342665d89c57fce65740e8ca","contentHash":"29b6b2a860adc20d566970bf8cd61f1dc3d4f2c246c440a42c0324c687eec9eb"},"/Users/oluwafemibabayemi/Documents/Personal-Project/e-commerce/src/middleware/user/user.js":{"path":"/Users/oluwafemibabayemi/Documents/Personal-Project/e-commerce/src/middleware/user/user.js","statementMap":{"0":{"start":{"line":7,"column":8},"end":{"line":17,"column":9}},"1":{"start":{"line":8,"column":12},"end":{"line":8,"column":63}},"2":{"start":{"line":9,"column":12},"end":{"line":9,"column":19}},"3":{"start":{"line":11,"column":12},"end":{"line":16,"column":15}},"4":{"start":{"line":21,"column":8},"end":{"line":37,"column":9}},"5":{"start":{"line":22,"column":30},"end":{"line":22,"column":38}},"6":{"start":{"line":24,"column":25},"end":{"line":24,"column":67}},"7":{"start":{"line":26,"column":12},"end":{"line":31,"column":13}},"8":{"start":{"line":27,"column":16},"end":{"line":30,"column":17}},"9":{"start":{"line":33,"column":12},"end":{"line":36,"column":13}},"10":{"start":{"line":38,"column":8},"end":{"line":38,"column":15}},"11":{"start":{"line":42,"column":23},"end":{"line":42,"column":32}},"12":{"start":{"line":43,"column":23},"end":{"line":43,"column":60}},"13":{"start":{"line":44,"column":8},"end":{"line":46,"column":9}},"14":{"start":{"line":45,"column":12},"end":{"line":45,"column":26}},"15":{"start":{"line":47,"column":8},"end":{"line":47,"column":64}},"16":{"start":{"line":51,"column":38},"end":{"line":51,"column":46}},"17":{"start":{"line":52,"column":23},"end":{"line":52,"column":32}},"18":{"start":{"line":53,"column":8},"end":{"line":71,"column":9}},"19":{"start":{"line":54,"column":25},"end":{"line":54,"column":83}},"20":{"start":{"line":55,"column":12},"end":{"line":65,"column":13}},"21":{"start":{"line":56,"column":34},"end":{"line":56,"column":48}},"22":{"start":{"line":57,"column":16},"end":{"line":62,"column":17}},"23":{"start":{"line":58,"column":20},"end":{"line":61,"column":21}},"24":{"start":{"line":64,"column":16},"end":{"line":64,"column":83}},"25":{"start":{"line":67,"column":12},"end":{"line":70,"column":13}},"26":{"start":{"line":72,"column":8},"end":{"line":72,"column":15}},"27":{"start":{"line":76,"column":38},"end":{"line":76,"column":46}},"28":{"start":{"line":77,"column":23},"end":{"line":77,"column":32}},"29":{"start":{"line":78,"column":8},"end":{"line":96,"column":9}},"30":{"start":{"line":79,"column":25},"end":{"line":79,"column":83}},"31":{"start":{"line":80,"column":12},"end":{"line":90,"column":13}},"32":{"start":{"line":81,"column":36},"end":{"line":81,"column":65}},"33":{"start":{"line":82,"column":16},"end":{"line":87,"column":17}},"34":{"start":{"line":83,"column":20},"end":{"line":86,"column":21}},"35":{"start":{"line":89,"column":16},"end":{"line":89,"column":83}},"36":{"start":{"line":92,"column":12},"end":{"line":95,"column":13}},"37":{"start":{"line":97,"column":8},"end":{"line":97,"column":15}},"38":{"start":{"line":101,"column":26},"end":{"line":101,"column":34}},"39":{"start":{"line":102,"column":21},"end":{"line":102,"column":63}},"40":{"start":{"line":103,"column":26},"end":{"line":103,"column":40}},"41":{"start":{"line":104,"column":8},"end":{"line":106,"column":9}},"42":{"start":{"line":105,"column":12},"end":{"line":105,"column":26}},"43":{"start":{"line":107,"column":8},"end":{"line":107,"column":93}},"44":{"start":{"line":111,"column":8},"end":{"line":121,"column":9}},"45":{"start":{"line":112,"column":12},"end":{"line":112,"column":64}},"46":{"start":{"line":113,"column":12},"end":{"line":113,"column":19}},"47":{"start":{"line":115,"column":12},"end":{"line":120,"column":15}},"48":{"start":{"line":125,"column":26},"end":{"line":125,"column":34}},"49":{"start":{"line":126,"column":21},"end":{"line":126,"column":63}},"50":{"start":{"line":127,"column":8},"end":{"line":134,"column":9}},"51":{"start":{"line":128,"column":12},"end":{"line":128,"column":28}},"52":{"start":{"line":129,"column":12},"end":{"line":132,"column":13}},"53":{"start":{"line":133,"column":12},"end":{"line":133,"column":26}},"54":{"start":{"line":135,"column":8},"end":{"line":135,"column":66}},"55":{"start":{"line":139,"column":22},"end":{"line":139,"column":83}},"56":{"start":{"line":140,"column":8},"end":{"line":144,"column":10}},"57":{"start":{"line":148,"column":26},"end":{"line":148,"column":37}},"58":{"start":{"line":149,"column":8},"end":{"line":154,"column":9}},"59":{"start":{"line":150,"column":12},"end":{"line":153,"column":13}},"60":{"start":{"line":155,"column":8},"end":{"line":169,"column":9}},"61":{"start":{"line":156,"column":28},"end":{"line":156,"column":51}},"62":{"start":{"line":157,"column":12},"end":{"line":160,"column":13}},"63":{"start":{"line":161,"column":12},"end":{"line":161,"column":39}},"64":{"start":{"line":162,"column":12},"end":{"line":162,"column":19}},"65":{"start":{"line":165,"column":12},"end":{"line":168,"column":13}},"66":{"start":{"line":173,"column":26},"end":{"line":173,"column":41}},"67":{"start":{"line":174,"column":8},"end":{"line":186,"column":9}},"68":{"start":{"line":175,"column":25},"end":{"line":175,"column":67}},"69":{"start":{"line":176,"column":29},"end":{"line":176,"column":42}},"70":{"start":{"line":177,"column":12},"end":{"line":179,"column":13}},"71":{"start":{"line":178,"column":16},"end":{"line":178,"column":30}},"72":{"start":{"line":180,"column":12},"end":{"line":180,"column":78}},"73":{"start":{"line":182,"column":12},"end":{"line":185,"column":13}},"74":{"start":{"line":190,"column":8},"end":{"line":200,"column":9}},"75":{"start":{"line":191,"column":12},"end":{"line":191,"column":64}},"76":{"start":{"line":192,"column":12},"end":{"line":192,"column":19}},"77":{"start":{"line":194,"column":12},"end":{"line":199,"column":15}},"78":{"start":{"line":204,"column":38},"end":{"line":204,"column":46}},"79":{"start":{"line":205,"column":23},"end":{"line":205,"column":32}},"80":{"start":{"line":206,"column":8},"end":{"line":220,"column":9}},"81":{"start":{"line":207,"column":25},"end":{"line":207,"column":83}},"82":{"start":{"line":208,"column":12},"end":{"line":213,"column":13}},"83":{"start":{"line":209,"column":34},"end":{"line":209,"column":48}},"84":{"start":{"line":210,"column":16},"end":{"line":212,"column":17}},"85":{"start":{"line":211,"column":20},"end":{"line":211,"column":34}},"86":{"start":{"line":214,"column":12},"end":{"line":214,"column":97}},"87":{"start":{"line":216,"column":12},"end":{"line":219,"column":13}}},"fnMap":{"0":{"name":"(anonymous_0)","decl":{"start":{"line":6,"column":4},"end":{"line":6,"column":5}},"loc":{"start":{"line":6,"column":50},"end":{"line":18,"column":5}},"line":6},"1":{"name":"(anonymous_1)","decl":{"start":{"line":20,"column":4},"end":{"line":20,"column":5}},"loc":{"start":{"line":20,"column":44},"end":{"line":39,"column":5}},"line":20},"2":{"name":"(anonymous_2)","decl":{"start":{"line":41,"column":4},"end":{"line":41,"column":5}},"loc":{"start":{"line":41,"column":41},"end":{"line":48,"column":5}},"line":41},"3":{"name":"(anonymous_3)","decl":{"start":{"line":50,"column":4},"end":{"line":50,"column":5}},"loc":{"start":{"line":50,"column":43},"end":{"line":73,"column":5}},"line":50},"4":{"name":"(anonymous_4)","decl":{"start":{"line":75,"column":4},"end":{"line":75,"column":5}},"loc":{"start":{"line":75,"column":45},"end":{"line":98,"column":5}},"line":75},"5":{"name":"(anonymous_5)","decl":{"start":{"line":100,"column":4},"end":{"line":100,"column":5}},"loc":{"start":{"line":100,"column":51},"end":{"line":108,"column":5}},"line":100},"6":{"name":"(anonymous_6)","decl":{"start":{"line":110,"column":4},"end":{"line":110,"column":5}},"loc":{"start":{"line":110,"column":49},"end":{"line":122,"column":5}},"line":110},"7":{"name":"(anonymous_7)","decl":{"start":{"line":124,"column":4},"end":{"line":124,"column":5}},"loc":{"start":{"line":124,"column":43},"end":{"line":136,"column":5}},"line":124},"8":{"name":"(anonymous_8)","decl":{"start":{"line":138,"column":4},"end":{"line":138,"column":5}},"loc":{"start":{"line":138,"column":36},"end":{"line":145,"column":5}},"line":138},"9":{"name":"(anonymous_9)","decl":{"start":{"line":147,"column":4},"end":{"line":147,"column":5}},"loc":{"start":{"line":147,"column":45},"end":{"line":170,"column":5}},"line":147},"10":{"name":"(anonymous_10)","decl":{"start":{"line":172,"column":4},"end":{"line":172,"column":5}},"loc":{"start":{"line":172,"column":43},"end":{"line":187,"column":5}},"line":172},"11":{"name":"(anonymous_11)","decl":{"start":{"line":189,"column":4},"end":{"line":189,"column":5}},"loc":{"start":{"line":189,"column":49},"end":{"line":201,"column":5}},"line":189},"12":{"name":"(anonymous_12)","decl":{"start":{"line":203,"column":4},"end":{"line":203,"column":5}},"loc":{"start":{"line":203,"column":48},"end":{"line":221,"column":5}},"line":203}},"branchMap":{"0":{"loc":{"start":{"line":26,"column":12},"end":{"line":31,"column":13}},"type":"if","locations":[{"start":{"line":26,"column":12},"end":{"line":31,"column":13}},{"start":{"line":26,"column":12},"end":{"line":31,"column":13}}],"line":26},"1":{"loc":{"start":{"line":44,"column":8},"end":{"line":46,"column":9}},"type":"if","locations":[{"start":{"line":44,"column":8},"end":{"line":46,"column":9}},{"start":{"line":44,"column":8},"end":{"line":46,"column":9}}],"line":44},"2":{"loc":{"start":{"line":55,"column":12},"end":{"line":65,"column":13}},"type":"if","locations":[{"start":{"line":55,"column":12},"end":{"line":65,"column":13}},{"start":{"line":55,"column":12},"end":{"line":65,"column":13}}],"line":55},"3":{"loc":{"start":{"line":57,"column":16},"end":{"line":62,"column":17}},"type":"if","locations":[{"start":{"line":57,"column":16},"end":{"line":62,"column":17}},{"start":{"line":57,"column":16},"end":{"line":62,"column":17}}],"line":57},"4":{"loc":{"start":{"line":80,"column":12},"end":{"line":90,"column":13}},"type":"if","locations":[{"start":{"line":80,"column":12},"end":{"line":90,"column":13}},{"start":{"line":80,"column":12},"end":{"line":90,"column":13}}],"line":80},"5":{"loc":{"start":{"line":82,"column":16},"end":{"line":87,"column":17}},"type":"if","locations":[{"start":{"line":82,"column":16},"end":{"line":87,"column":17}},{"start":{"line":82,"column":16},"end":{"line":87,"column":17}}],"line":82},"6":{"loc":{"start":{"line":104,"column":8},"end":{"line":106,"column":9}},"type":"if","locations":[{"start":{"line":104,"column":8},"end":{"line":106,"column":9}},{"start":{"line":104,"column":8},"end":{"line":106,"column":9}}],"line":104},"7":{"loc":{"start":{"line":127,"column":8},"end":{"line":134,"column":9}},"type":"if","locations":[{"start":{"line":127,"column":8},"end":{"line":134,"column":9}},{"start":{"line":127,"column":8},"end":{"line":134,"column":9}}],"line":127},"8":{"loc":{"start":{"line":149,"column":8},"end":{"line":154,"column":9}},"type":"if","locations":[{"start":{"line":149,"column":8},"end":{"line":154,"column":9}},{"start":{"line":149,"column":8},"end":{"line":154,"column":9}}],"line":149},"9":{"loc":{"start":{"line":177,"column":12},"end":{"line":179,"column":13}},"type":"if","locations":[{"start":{"line":177,"column":12},"end":{"line":179,"column":13}},{"start":{"line":177,"column":12},"end":{"line":179,"column":13}}],"line":177},"10":{"loc":{"start":{"line":208,"column":12},"end":{"line":213,"column":13}},"type":"if","locations":[{"start":{"line":208,"column":12},"end":{"line":213,"column":13}},{"start":{"line":208,"column":12},"end":{"line":213,"column":13}}],"line":208},"11":{"loc":{"start":{"line":210,"column":16},"end":{"line":212,"column":17}},"type":"if","locations":[{"start":{"line":210,"column":16},"end":{"line":212,"column":17}},{"start":{"line":210,"column":16},"end":{"line":212,"column":17}}],"line":210}},"s":{"0":3,"1":3,"2":2,"3":1,"4":3,"5":3,"6":3,"7":2,"8":1,"9":1,"10":1,"11":3,"12":3,"13":3,"14":2,"15":1,"16":2,"17":2,"18":1,"19":1,"20":1,"21":1,"22":1,"23":0,"24":0,"25":0,"26":1,"27":2,"28":2,"29":2,"30":2,"31":2,"32":2,"33":2,"34":0,"35":0,"36":0,"37":2,"38":6,"39":6,"40":6,"41":6,"42":6,"43":0,"44":6,"45":6,"46":6,"47":0,"48":6,"49":6,"50":6,"51":6,"52":6,"53":6,"54":0,"55":0,"56":0,"57":17,"58":17,"59":0,"60":17,"61":17,"62":17,"63":17,"64":17,"65":0,"66":9,"67":9,"68":9,"69":9,"70":9,"71":9,"72":0,"73":0,"74":1,"75":1,"76":1,"77":0,"78":1,"79":1,"80":1,"81":1,"82":1,"83":1,"84":1,"85":1,"86":0,"87":0},"f":{"0":3,"1":3,"2":3,"3":2,"4":2,"5":6,"6":6,"7":6,"8":0,"9":17,"10":9,"11":1,"12":1},"b":{"0":[1,1],"1":[2,1],"2":[1,0],"3":[0,1],"4":[2,0],"5":[0,2],"6":[6,0],"7":[6,0],"8":[0,17],"9":[9,0],"10":[1,0],"11":[1,0]},"_coverageSchema":"1a1c01bbd47fc00a2c39e90264f33305004495a9","hash":"d1641ab41d00f41c4db7ebbe5ffe39e62ad56a9e","contentHash":"2fc1875286207ed5d05f23d047fcb4eeaace98bd619ab5100e388c0325822c29"},"/Users/oluwafemibabayemi/Documents/Personal-Project/e-commerce/src/middleware/mail/mail.js":{"path":"/Users/oluwafemibabayemi/Documents/Personal-Project/e-commerce/src/middleware/mail/mail.js","statementMap":{"0":{"start":{"line":6,"column":21},"end":{"line":11,"column":9}},"1":{"start":{"line":13,"column":8},"end":{"line":19,"column":9}},"2":{"start":{"line":14,"column":29},"end":{"line":14,"column":62}},"3":{"start":{"line":15,"column":12},"end":{"line":15,"column":34}},"4":{"start":{"line":16,"column":12},"end":{"line":16,"column":44}},"5":{"start":{"line":18,"column":12},"end":{"line":18,"column":40}},"6":{"start":{"line":23,"column":21},"end":{"line":28,"column":9}},"7":{"start":{"line":30,"column":8},"end":{"line":35,"column":9}},"8":{"start":{"line":31,"column":29},"end":{"line":31,"column":62}},"9":{"start":{"line":32,"column":12},"end":{"line":32,"column":44}},"10":{"start":{"line":34,"column":12},"end":{"line":34,"column":40}},"11":{"start":{"line":39,"column":21},"end":{"line":44,"column":9}},"12":{"start":{"line":46,"column":8},"end":{"line":51,"column":9}},"13":{"start":{"line":47,"column":29},"end":{"line":47,"column":62}},"14":{"start":{"line":48,"column":12},"end":{"line":48,"column":44}},"15":{"start":{"line":50,"column":12},"end":{"line":50,"column":40}},"16":{"start":{"line":55,"column":21},"end":{"line":60,"column":9}},"17":{"start":{"line":62,"column":8},"end":{"line":67,"column":9}},"18":{"start":{"line":63,"column":29},"end":{"line":63,"column":62}},"19":{"start":{"line":64,"column":12},"end":{"line":64,"column":44}},"20":{"start":{"line":66,"column":12},"end":{"line":66,"column":40}},"21":{"start":{"line":71,"column":21},"end":{"line":76,"column":9}},"22":{"start":{"line":78,"column":8},"end":{"line":83,"column":9}},"23":{"start":{"line":79,"column":29},"end":{"line":79,"column":62}},"24":{"start":{"line":80,"column":12},"end":{"line":80,"column":44}},"25":{"start":{"line":82,"column":12},"end":{"line":82,"column":40}},"26":{"start":{"line":87,"column":8},"end":{"line":101,"column":9}},"27":{"start":{"line":88,"column":12},"end":{"line":100,"column":14}},"28":{"start":{"line":89,"column":16},"end":{"line":99,"column":19}},"29":{"start":{"line":90,"column":20},"end":{"line":98,"column":21}},"30":{"start":{"line":91,"column":24},"end":{"line":95,"column":26}},"31":{"start":{"line":97,"column":24},"end":{"line":97,"column":58}}},"fnMap":{"0":{"name":"(anonymous_0)","decl":{"start":{"line":5,"column":4},"end":{"line":5,"column":5}},"loc":{"start":{"line":5,"column":91},"end":{"line":20,"column":5}},"line":5},"1":{"name":"(anonymous_1)","decl":{"start":{"line":22,"column":4},"end":{"line":22,"column":5}},"loc":{"start":{"line":22,"column":78},"end":{"line":36,"column":5}},"line":22},"2":{"name":"(anonymous_2)","decl":{"start":{"line":38,"column":4},"end":{"line":38,"column":5}},"loc":{"start":{"line":38,"column":97},"end":{"line":52,"column":5}},"line":38},"3":{"name":"(anonymous_3)","decl":{"start":{"line":54,"column":4},"end":{"line":54,"column":5}},"loc":{"start":{"line":54,"column":65},"end":{"line":68,"column":5}},"line":54},"4":{"name":"(anonymous_4)","decl":{"start":{"line":70,"column":4},"end":{"line":70,"column":5}},"loc":{"start":{"line":70,"column":71},"end":{"line":84,"column":5}},"line":70},"5":{"name":"(anonymous_5)","decl":{"start":{"line":86,"column":4},"end":{"line":86,"column":5}},"loc":{"start":{"line":86,"column":40},"end":{"line":102,"column":5}},"line":86},"6":{"name":"(anonymous_6)","decl":{"start":{"line":88,"column":31},"end":{"line":88,"column":32}},"loc":{"start":{"line":88,"column":52},"end":{"line":100,"column":13}},"line":88},"7":{"name":"(anonymous_7)","decl":{"start":{"line":89,"column":41},"end":{"line":89,"column":42}},"loc":{"start":{"line":89,"column":56},"end":{"line":99,"column":17}},"line":89}},"branchMap":{"0":{"loc":{"start":{"line":87,"column":8},"end":{"line":101,"column":9}},"type":"if","locations":[{"start":{"line":87,"column":8},"end":{"line":101,"column":9}},{"start":{"line":87,"column":8},"end":{"line":101,"column":9}}],"line":87},"1":{"loc":{"start":{"line":90,"column":20},"end":{"line":98,"column":21}},"type":"if","locations":[{"start":{"line":90,"column":20},"end":{"line":98,"column":21}},{"start":{"line":90,"column":20},"end":{"line":98,"column":21}}],"line":90}},"s":{"0":1,"1":1,"2":1,"3":1,"4":1,"5":0,"6":1,"7":1,"8":1,"9":1,"10":0,"11":1,"12":1,"13":1,"14":1,"15":0,"16":1,"17":1,"18":1,"19":1,"20":0,"21":1,"22":1,"23":1,"24":1,"25":0,"26":5,"27":0,"28":0,"29":0,"30":0,"31":0},"f":{"0":1,"1":1,"2":1,"3":1,"4":1,"5":5,"6":0,"7":0},"b":{"0":[0,5],"1":[0,0]},"_coverageSchema":"1a1c01bbd47fc00a2c39e90264f33305004495a9","hash":"a5aaf9bd9c27c24b1143e807548e15d0b718de58","contentHash":"bd181059730b5c596034c92045a95dcf85b3f11043dee09a2d1ddf5df542ab42"},"/Users/oluwafemibabayemi/Documents/Personal-Project/e-commerce/src/middleware/category/category.js":{"path":"/Users/oluwafemibabayemi/Documents/Personal-Project/e-commerce/src/middleware/category/category.js","statementMap":{"0":{"start":{"line":7,"column":8},"end":{"line":17,"column":9}},"1":{"start":{"line":8,"column":12},"end":{"line":8,"column":67}},"2":{"start":{"line":9,"column":12},"end":{"line":9,"column":19}},"3":{"start":{"line":11,"column":12},"end":{"line":16,"column":15}},"4":{"start":{"line":21,"column":8},"end":{"line":36,"column":9}},"5":{"start":{"line":22,"column":37},"end":{"line":22,"column":45}},"6":{"start":{"line":24,"column":25},"end":{"line":24,"column":82}},"7":{"start":{"line":25,"column":12},"end":{"line":30,"column":13}},"8":{"start":{"line":26,"column":16},"end":{"line":29,"column":17}},"9":{"start":{"line":32,"column":12},"end":{"line":35,"column":13}},"10":{"start":{"line":37,"column":8},"end":{"line":37,"column":15}},"11":{"start":{"line":41,"column":23},"end":{"line":41,"column":33}},"12":{"start":{"line":42,"column":27},"end":{"line":42,"column":68}},"13":{"start":{"line":43,"column":8},"end":{"line":45,"column":9}},"14":{"start":{"line":44,"column":12},"end":{"line":44,"column":26}},"15":{"start":{"line":46,"column":8},"end":{"line":46,"column":68}}},"fnMap":{"0":{"name":"(anonymous_0)","decl":{"start":{"line":6,"column":4},"end":{"line":6,"column":5}},"loc":{"start":{"line":6,"column":50},"end":{"line":18,"column":5}},"line":6},"1":{"name":"(anonymous_1)","decl":{"start":{"line":20,"column":4},"end":{"line":20,"column":5}},"loc":{"start":{"line":20,"column":42},"end":{"line":38,"column":5}},"line":20},"2":{"name":"(anonymous_2)","decl":{"start":{"line":40,"column":4},"end":{"line":40,"column":5}},"loc":{"start":{"line":40,"column":49},"end":{"line":47,"column":5}},"line":40}},"branchMap":{"0":{"loc":{"start":{"line":25,"column":12},"end":{"line":30,"column":13}},"type":"if","locations":[{"start":{"line":25,"column":12},"end":{"line":30,"column":13}},{"start":{"line":25,"column":12},"end":{"line":30,"column":13}}],"line":25},"1":{"loc":{"start":{"line":43,"column":8},"end":{"line":45,"column":9}},"type":"if","locations":[{"start":{"line":43,"column":8},"end":{"line":45,"column":9}},{"start":{"line":43,"column":8},"end":{"line":45,"column":9}}],"line":43}},"s":{"0":1,"1":1,"2":1,"3":0,"4":1,"5":1,"6":1,"7":1,"8":0,"9":0,"10":1,"11":1,"12":1,"13":1,"14":1,"15":0},"f":{"0":1,"1":1,"2":1},"b":{"0":[0,1],"1":[1,0]},"_coverageSchema":"1a1c01bbd47fc00a2c39e90264f33305004495a9","hash":"fb7867904a232675ac8ee970198de031952184fc","contentHash":"eefeec20e9dfc0e11bf5326fc36e2ad5fee90a4239ab017f5e86c2c5304b6d80"},"/Users/oluwafemibabayemi/Documents/Personal-Project/e-commerce/src/middleware/subCategory/subCategory.js":{"path":"/Users/oluwafemibabayemi/Documents/Personal-Project/e-commerce/src/middleware/subCategory/subCategory.js","statementMap":{"0":{"start":{"line":7,"column":8},"end":{"line":17,"column":9}},"1":{"start":{"line":8,"column":12},"end":{"line":8,"column":70}},"2":{"start":{"line":9,"column":12},"end":{"line":9,"column":19}},"3":{"start":{"line":11,"column":12},"end":{"line":16,"column":15}},"4":{"start":{"line":21,"column":8},"end":{"line":36,"column":9}},"5":{"start":{"line":22,"column":45},"end":{"line":22,"column":53}},"6":{"start":{"line":24,"column":25},"end":{"line":24,"column":96}},"7":{"start":{"line":25,"column":12},"end":{"line":30,"column":13}},"8":{"start":{"line":26,"column":16},"end":{"line":29,"column":17}},"9":{"start":{"line":32,"column":12},"end":{"line":35,"column":13}},"10":{"start":{"line":37,"column":8},"end":{"line":37,"column":15}},"11":{"start":{"line":41,"column":23},"end":{"line":41,"column":33}},"12":{"start":{"line":42,"column":30},"end":{"line":42,"column":85}},"13":{"start":{"line":43,"column":8},"end":{"line":45,"column":9}},"14":{"start":{"line":44,"column":12},"end":{"line":44,"column":26}},"15":{"start":{"line":46,"column":8},"end":{"line":46,"column":72}}},"fnMap":{"0":{"name":"(anonymous_0)","decl":{"start":{"line":6,"column":4},"end":{"line":6,"column":5}},"loc":{"start":{"line":6,"column":50},"end":{"line":18,"column":5}},"line":6},"1":{"name":"(anonymous_1)","decl":{"start":{"line":20,"column":4},"end":{"line":20,"column":5}},"loc":{"start":{"line":20,"column":45},"end":{"line":38,"column":5}},"line":20},"2":{"name":"(anonymous_2)","decl":{"start":{"line":40,"column":4},"end":{"line":40,"column":5}},"loc":{"start":{"line":40,"column":52},"end":{"line":47,"column":5}},"line":40}},"branchMap":{"0":{"loc":{"start":{"line":25,"column":12},"end":{"line":30,"column":13}},"type":"if","locations":[{"start":{"line":25,"column":12},"end":{"line":30,"column":13}},{"start":{"line":25,"column":12},"end":{"line":30,"column":13}}],"line":25},"1":{"loc":{"start":{"line":43,"column":8},"end":{"line":45,"column":9}},"type":"if","locations":[{"start":{"line":43,"column":8},"end":{"line":45,"column":9}},{"start":{"line":43,"column":8},"end":{"line":45,"column":9}}],"line":43}},"s":{"0":1,"1":1,"2":1,"3":0,"4":1,"5":1,"6":1,"7":1,"8":0,"9":0,"10":1,"11":1,"12":1,"13":1,"14":1,"15":0},"f":{"0":1,"1":1,"2":1},"b":{"0":[0,1],"1":[1,0]},"_coverageSchema":"1a1c01bbd47fc00a2c39e90264f33305004495a9","hash":"0d264052a542d85020f3beaa85fdaae20c1b6c60","contentHash":"df3f80311a0e5f0b86a29ce3d5512f925efa8e3410ba8c36c5f9c993123f4188"},"/Users/oluwafemibabayemi/Documents/Personal-Project/e-commerce/src/middleware/product/product.js":{"path":"/Users/oluwafemibabayemi/Documents/Personal-Project/e-commerce/src/middleware/product/product.js","statementMap":{"0":{"start":{"line":7,"column":8},"end":{"line":17,"column":9}},"1":{"start":{"line":8,"column":12},"end":{"line":8,"column":66}},"2":{"start":{"line":9,"column":12},"end":{"line":9,"column":19}},"3":{"start":{"line":11,"column":12},"end":{"line":16,"column":15}},"4":{"start":{"line":21,"column":8},"end":{"line":36,"column":9}},"5":{"start":{"line":22,"column":37},"end":{"line":22,"column":45}},"6":{"start":{"line":24,"column":25},"end":{"line":24,"column":80}},"7":{"start":{"line":25,"column":12},"end":{"line":30,"column":13}},"8":{"start":{"line":26,"column":16},"end":{"line":29,"column":17}},"9":{"start":{"line":32,"column":12},"end":{"line":35,"column":13}},"10":{"start":{"line":37,"column":8},"end":{"line":37,"column":15}},"11":{"start":{"line":41,"column":23},"end":{"line":41,"column":33}},"12":{"start":{"line":42,"column":26},"end":{"line":42,"column":73}},"13":{"start":{"line":43,"column":8},"end":{"line":45,"column":9}},"14":{"start":{"line":44,"column":12},"end":{"line":44,"column":26}},"15":{"start":{"line":46,"column":8},"end":{"line":46,"column":69}},"16":{"start":{"line":50,"column":8},"end":{"line":60,"column":9}},"17":{"start":{"line":51,"column":12},"end":{"line":51,"column":70}},"18":{"start":{"line":52,"column":12},"end":{"line":52,"column":19}},"19":{"start":{"line":54,"column":12},"end":{"line":59,"column":15}}},"fnMap":{"0":{"name":"(anonymous_0)","decl":{"start":{"line":6,"column":4},"end":{"line":6,"column":5}},"loc":{"start":{"line":6,"column":50},"end":{"line":18,"column":5}},"line":6},"1":{"name":"(anonymous_1)","decl":{"start":{"line":20,"column":4},"end":{"line":20,"column":5}},"loc":{"start":{"line":20,"column":41},"end":{"line":38,"column":5}},"line":20},"2":{"name":"(anonymous_2)","decl":{"start":{"line":40,"column":4},"end":{"line":40,"column":5}},"loc":{"start":{"line":40,"column":48},"end":{"line":47,"column":5}},"line":40},"3":{"name":"(anonymous_3)","decl":{"start":{"line":49,"column":4},"end":{"line":49,"column":5}},"loc":{"start":{"line":49,"column":51},"end":{"line":61,"column":5}},"line":49}},"branchMap":{"0":{"loc":{"start":{"line":25,"column":12},"end":{"line":30,"column":13}},"type":"if","locations":[{"start":{"line":25,"column":12},"end":{"line":30,"column":13}},{"start":{"line":25,"column":12},"end":{"line":30,"column":13}}],"line":25},"1":{"loc":{"start":{"line":43,"column":8},"end":{"line":45,"column":9}},"type":"if","locations":[{"start":{"line":43,"column":8},"end":{"line":45,"column":9}},{"start":{"line":43,"column":8},"end":{"line":45,"column":9}}],"line":43}},"s":{"0":1,"1":1,"2":1,"3":0,"4":1,"5":1,"6":1,"7":1,"8":0,"9":0,"10":1,"11":1,"12":1,"13":1,"14":1,"15":0,"16":1,"17":1,"18":1,"19":0},"f":{"0":1,"1":1,"2":1,"3":1},"b":{"0":[0,1],"1":[1,0]},"_coverageSchema":"1a1c01bbd47fc00a2c39e90264f33305004495a9","hash":"8a8e40577a6316ffd4ddad5cb0613e5e97f449ac","contentHash":"7d60b32b85a0a67933218852d0b6d5a1007e3f3d56da05c24fb83156768998c7"},"/Users/oluwafemibabayemi/Documents/Personal-Project/e-commerce/src/middleware/multer/multer.js":{"path":"/Users/oluwafemibabayemi/Documents/Personal-Project/e-commerce/src/middleware/multer/multer.js","statementMap":{"0":{"start":{"line":3,"column":16},"end":{"line":3,"column":38}},"1":{"start":{"line":5,"column":15},"end":{"line":5,"column":58}}},"fnMap":{},"branchMap":{},"s":{"0":1,"1":1},"f":{},"b":{},"_coverageSchema":"1a1c01bbd47fc00a2c39e90264f33305004495a9","hash":"b1512b04c894bdb47a5d4bdb9bc25bc4ffe1b105","contentHash":"a2a0d9b42971da9a40f538974f6302ace076de7aef0b68c2dfabfbf9c79ca3be"},"/Users/oluwafemibabayemi/Documents/Personal-Project/e-commerce/src/middleware/order/order.js":{"path":"/Users/oluwafemibabayemi/Documents/Personal-Project/e-commerce/src/middleware/order/order.js","statementMap":{"0":{"start":{"line":7,"column":8},"end":{"line":17,"column":9}},"1":{"start":{"line":8,"column":12},"end":{"line":8,"column":71}},"2":{"start":{"line":9,"column":12},"end":{"line":9,"column":19}},"3":{"start":{"line":11,"column":12},"end":{"line":16,"column":15}},"4":{"start":{"line":21,"column":23},"end":{"line":21,"column":33}},"5":{"start":{"line":22,"column":24},"end":{"line":22,"column":74}},"6":{"start":{"line":23,"column":8},"end":{"line":25,"column":9}},"7":{"start":{"line":24,"column":12},"end":{"line":24,"column":26}},"8":{"start":{"line":26,"column":8},"end":{"line":26,"column":67}}},"fnMap":{"0":{"name":"(anonymous_0)","decl":{"start":{"line":6,"column":4},"end":{"line":6,"column":5}},"loc":{"start":{"line":6,"column":50},"end":{"line":18,"column":5}},"line":6},"1":{"name":"(anonymous_1)","decl":{"start":{"line":20,"column":4},"end":{"line":20,"column":5}},"loc":{"start":{"line":20,"column":53},"end":{"line":27,"column":5}},"line":20}},"branchMap":{"0":{"loc":{"start":{"line":23,"column":8},"end":{"line":25,"column":9}},"type":"if","locations":[{"start":{"line":23,"column":8},"end":{"line":25,"column":9}},{"start":{"line":23,"column":8},"end":{"line":25,"column":9}}],"line":23}},"s":{"0":1,"1":1,"2":1,"3":0,"4":2,"5":2,"6":2,"7":2,"8":0},"f":{"0":1,"1":2},"b":{"0":[2,0]},"_coverageSchema":"1a1c01bbd47fc00a2c39e90264f33305004495a9","hash":"416879b44e2b78defe0a33447c07d669cf3b3265","contentHash":"4ff0cbac05c0ea25aca39a691503a743beadab6892e570740ab4c55681ca3ee9"},"/Users/oluwafemibabayemi/Documents/Personal-Project/e-commerce/src/middleware/cart/cart.js":{"path":"/Users/oluwafemibabayemi/Documents/Personal-Project/e-commerce/src/middleware/cart/cart.js","statementMap":{"0":{"start":{"line":7,"column":23},"end":{"line":7,"column":33}},"1":{"start":{"line":8,"column":26},"end":{"line":8,"column":67}},"2":{"start":{"line":9,"column":8},"end":{"line":11,"column":9}},"3":{"start":{"line":10,"column":12},"end":{"line":10,"column":26}},"4":{"start":{"line":12,"column":8},"end":{"line":12,"column":66}},"5":{"start":{"line":16,"column":8},"end":{"line":31,"column":9}},"6":{"start":{"line":17,"column":35},"end":{"line":17,"column":45}},"7":{"start":{"line":19,"column":25},"end":{"line":19,"column":77}},"8":{"start":{"line":20,"column":12},"end":{"line":25,"column":13}},"9":{"start":{"line":21,"column":16},"end":{"line":24,"column":17}},"10":{"start":{"line":27,"column":12},"end":{"line":30,"column":13}},"11":{"start":{"line":32,"column":8},"end":{"line":32,"column":15}}},"fnMap":{"0":{"name":"(anonymous_0)","decl":{"start":{"line":6,"column":4},"end":{"line":6,"column":5}},"loc":{"start":{"line":6,"column":45},"end":{"line":13,"column":5}},"line":6},"1":{"name":"(anonymous_1)","decl":{"start":{"line":15,"column":4},"end":{"line":15,"column":5}},"loc":{"start":{"line":15,"column":38},"end":{"line":33,"column":5}},"line":15}},"branchMap":{"0":{"loc":{"start":{"line":9,"column":8},"end":{"line":11,"column":9}},"type":"if","locations":[{"start":{"line":9,"column":8},"end":{"line":11,"column":9}},{"start":{"line":9,"column":8},"end":{"line":11,"column":9}}],"line":9},"1":{"loc":{"start":{"line":20,"column":12},"end":{"line":25,"column":13}},"type":"if","locations":[{"start":{"line":20,"column":12},"end":{"line":25,"column":13}},{"start":{"line":20,"column":12},"end":{"line":25,"column":13}}],"line":20}},"s":{"0":2,"1":2,"2":2,"3":2,"4":0,"5":1,"6":1,"7":1,"8":1,"9":0,"10":0,"11":1},"f":{"0":2,"1":1},"b":{"0":[2,0],"1":[0,1]},"_coverageSchema":"1a1c01bbd47fc00a2c39e90264f33305004495a9","hash":"45565f92fd39dee9b8ee597f8ff84bdad6db6bda","contentHash":"88b5ab68e605914aff7a11afd2dbfda030342855b8204a0d310da73e6819d944"},"/Users/oluwafemibabayemi/Documents/Personal-Project/e-commerce/src/middleware/index.js":{"path":"/Users/oluwafemibabayemi/Documents/Personal-Project/e-commerce/src/middleware/index.js","statementMap":{},"fnMap":{},"branchMap":{},"s":{},"f":{},"b":{},"_coverageSchema":"1a1c01bbd47fc00a2c39e90264f33305004495a9","hash":"ba8cdbf750f7d8272c7a01a839e73d01071ac5f8","contentHash":"89287192ed7661cd21888753ed6e3e5843d60fa780c97a20d54336fbb04373ec"},"/Users/oluwafemibabayemi/Documents/Personal-Project/e-commerce/src/controllers/users/index.js":{"path":"/Users/oluwafemibabayemi/Documents/Personal-Project/e-commerce/src/controllers/users/index.js","statementMap":{"0":{"start":{"line":11,"column":8},"end":{"line":26,"column":9}},"1":{"start":{"line":12,"column":28},"end":{"line":12,"column":67}},"2":{"start":{"line":13,"column":12},"end":{"line":13,"column":146}},"3":{"start":{"line":14,"column":25},"end":{"line":20,"column":13}},"4":{"start":{"line":21,"column":12},"end":{"line":23,"column":71}},"5":{"start":{"line":25,"column":12},"end":{"line":25,"column":70}},"6":{"start":{"line":30,"column":8},"end":{"line":40,"column":9}},"7":{"start":{"line":31,"column":27},"end":{"line":31,"column":36}},"8":{"start":{"line":32,"column":25},"end":{"line":32,"column":70}},"9":{"start":{"line":33,"column":12},"end":{"line":33,"column":152}},"10":{"start":{"line":35,"column":12},"end":{"line":37,"column":85}},"11":{"start":{"line":39,"column":12},"end":{"line":39,"column":71}},"12":{"start":{"line":45,"column":8},"end":{"line":55,"column":9}},"13":{"start":{"line":46,"column":27},"end":{"line":46,"column":36}},"14":{"start":{"line":47,"column":25},"end":{"line":47,"column":72}},"15":{"start":{"line":48,"column":12},"end":{"line":48,"column":118}},"16":{"start":{"line":50,"column":12},"end":{"line":52,"column":73}},"17":{"start":{"line":54,"column":12},"end":{"line":54,"column":71}},"18":{"start":{"line":59,"column":8},"end":{"line":79,"column":9}},"19":{"start":{"line":60,"column":30},"end":{"line":60,"column":38}},"20":{"start":{"line":61,"column":25},"end":{"line":61,"column":67}},"21":{"start":{"line":62,"column":12},"end":{"line":75,"column":13}},"22":{"start":{"line":63,"column":30},"end":{"line":66,"column":17}},"23":{"start":{"line":67,"column":29},"end":{"line":73,"column":17}},"24":{"start":{"line":74,"column":16},"end":{"line":74,"column":74}},"25":{"start":{"line":76,"column":12},"end":{"line":76,"column":71}},"26":{"start":{"line":78,"column":12},"end":{"line":78,"column":71}},"27":{"start":{"line":83,"column":8},"end":{"line":98,"column":9}},"28":{"start":{"line":84,"column":30},"end":{"line":84,"column":38}},"29":{"start":{"line":85,"column":28},"end":{"line":85,"column":70}},"30":{"start":{"line":86,"column":23},"end":{"line":86,"column":33}},"31":{"start":{"line":87,"column":25},"end":{"line":87,"column":70}},"32":{"start":{"line":88,"column":25},"end":{"line":90,"column":13}},"33":{"start":{"line":91,"column":12},"end":{"line":91,"column":105}},"34":{"start":{"line":92,"column":12},"end":{"line":94,"column":77}},"35":{"start":{"line":97,"column":12},"end":{"line":97,"column":71}},"36":{"start":{"line":102,"column":8},"end":{"line":114,"column":9}},"37":{"start":{"line":103,"column":27},"end":{"line":103,"column":36}},"38":{"start":{"line":104,"column":28},"end":{"line":104,"column":65}},"39":{"start":{"line":105,"column":25},"end":{"line":105,"column":106}},"40":{"start":{"line":106,"column":12},"end":{"line":106,"column":110}},"41":{"start":{"line":108,"column":12},"end":{"line":110,"column":73}},"42":{"start":{"line":113,"column":12},"end":{"line":113,"column":71}}},"fnMap":{"0":{"name":"(anonymous_0)","decl":{"start":{"line":10,"column":4},"end":{"line":10,"column":5}},"loc":{"start":{"line":10,"column":34},"end":{"line":27,"column":5}},"line":10},"1":{"name":"(anonymous_1)","decl":{"start":{"line":29,"column":4},"end":{"line":29,"column":5}},"loc":{"start":{"line":29,"column":50},"end":{"line":42,"column":5}},"line":29},"2":{"name":"(anonymous_2)","decl":{"start":{"line":44,"column":4},"end":{"line":44,"column":5}},"loc":{"start":{"line":44,"column":52},"end":{"line":56,"column":5}},"line":44},"3":{"name":"(anonymous_3)","decl":{"start":{"line":58,"column":4},"end":{"line":58,"column":5}},"loc":{"start":{"line":58,"column":33},"end":{"line":80,"column":5}},"line":58},"4":{"name":"(anonymous_4)","decl":{"start":{"line":82,"column":4},"end":{"line":82,"column":5}},"loc":{"start":{"line":82,"column":42},"end":{"line":99,"column":5}},"line":82},"5":{"name":"(anonymous_5)","decl":{"start":{"line":101,"column":4},"end":{"line":101,"column":5}},"loc":{"start":{"line":101,"column":41},"end":{"line":115,"column":5}},"line":101}},"branchMap":{"0":{"loc":{"start":{"line":21,"column":19},"end":{"line":23,"column":71}},"type":"cond-expr","locations":[{"start":{"line":22,"column":18},"end":{"line":22,"column":75}},{"start":{"line":23,"column":18},"end":{"line":23,"column":71}}],"line":21},"1":{"loc":{"start":{"line":35,"column":19},"end":{"line":37,"column":84}},"type":"cond-expr","locations":[{"start":{"line":36,"column":18},"end":{"line":36,"column":79}},{"start":{"line":37,"column":18},"end":{"line":37,"column":84}}],"line":35},"2":{"loc":{"start":{"line":50,"column":19},"end":{"line":52,"column":72}},"type":"cond-expr","locations":[{"start":{"line":51,"column":18},"end":{"line":51,"column":65}},{"start":{"line":52,"column":18},"end":{"line":52,"column":72}}],"line":50},"3":{"loc":{"start":{"line":62,"column":12},"end":{"line":75,"column":13}},"type":"if","locations":[{"start":{"line":62,"column":12},"end":{"line":75,"column":13}},{"start":{"line":62,"column":12},"end":{"line":75,"column":13}}],"line":62},"4":{"loc":{"start":{"line":92,"column":19},"end":{"line":94,"column":76}},"type":"cond-expr","locations":[{"start":{"line":93,"column":18},"end":{"line":93,"column":73}},{"start":{"line":94,"column":18},"end":{"line":94,"column":76}}],"line":92},"5":{"loc":{"start":{"line":108,"column":19},"end":{"line":110,"column":72}},"type":"cond-expr","locations":[{"start":{"line":109,"column":18},"end":{"line":109,"column":67}},{"start":{"line":110,"column":18},"end":{"line":110,"column":72}}],"line":108}},"s":{"0":1,"1":1,"2":1,"3":1,"4":1,"5":0,"6":1,"7":1,"8":1,"9":1,"10":1,"11":0,"12":1,"13":1,"14":1,"15":1,"16":1,"17":0,"18":6,"19":6,"20":6,"21":6,"22":6,"23":6,"24":6,"25":0,"26":0,"27":1,"28":1,"29":1,"30":1,"31":1,"32":1,"33":1,"34":1,"35":0,"36":1,"37":1,"38":1,"39":1,"40":1,"41":1,"42":0},"f":{"0":1,"1":1,"2":1,"3":6,"4":1,"5":1},"b":{"0":[1,0],"1":[1,0],"2":[1,0],"3":[6,0],"4":[1,0],"5":[1,0]},"_coverageSchema":"1a1c01bbd47fc00a2c39e90264f33305004495a9","hash":"2409a48f9687cd65b1b2f6977d810abe7114190d","contentHash":"aa19b9cc095bb07b66664a0b85f3cd462d99c85b7fe6eee0a297b1d9bdeab23c"},"/Users/oluwafemibabayemi/Documents/Personal-Project/e-commerce/src/controllers/userAuth/fbAuth.js":{"path":"/Users/oluwafemibabayemi/Documents/Personal-Project/e-commerce/src/controllers/userAuth/fbAuth.js","statementMap":{"0":{"start":{"line":8,"column":25},"end":{"line":8,"column":42}},"1":{"start":{"line":10,"column":0},"end":{"line":12,"column":3}},"2":{"start":{"line":11,"column":4},"end":{"line":11,"column":21}},"3":{"start":{"line":14,"column":0},"end":{"line":16,"column":3}},"4":{"start":{"line":15,"column":4},"end":{"line":15,"column":21}},"5":{"start":{"line":18,"column":0},"end":{"line":47,"column":6}},"6":{"start":{"line":27,"column":12},"end":{"line":27,"column":32}},"7":{"start":{"line":28,"column":12},"end":{"line":44,"column":13}},"8":{"start":{"line":29,"column":57},"end":{"line":29,"column":70}},"9":{"start":{"line":30,"column":29},"end":{"line":30,"column":71}},"10":{"start":{"line":31,"column":16},"end":{"line":33,"column":17}},"11":{"start":{"line":32,"column":20},"end":{"line":32,"column":43}},"12":{"start":{"line":34,"column":27},"end":{"line":34,"column":35}}
[...]
":9,"column":25},"end":{"line":9,"column":67}},"3":{"start":{"line":10,"column":28},"end":{"line":10,"column":35}},"4":{"start":{"line":11,"column":29},"end":{"line":11,"column":86}},"5":{"start":{"line":12,"column":12},"end":{"line":21,"column":17}},"6":{"start":{"line":23,"column":12},"end":{"line":26,"column":13}},"7":{"start":{"line":31,"column":8},"end":{"line":50,"column":9}},"8":{"start":{"line":32,"column":27},"end":{"line":32,"column":37}},"9":{"start":{"line":33,"column":26},"end":{"line":33,"column":68}},"10":{"start":{"line":35,"column":12},"end":{"line":44,"column":17}},"11":{"start":{"line":46,"column":12},"end":{"line":49,"column":13}},"12":{"start":{"line":54,"column":8},"end":{"line":73,"column":9}},"13":{"start":{"line":55,"column":27},"end":{"line":55,"column":37}},"14":{"start":{"line":56,"column":26},"end":{"line":56,"column":78}},"15":{"start":{"line":58,"column":12},"end":{"line":67,"column":17}},"16":{"start":{"line":69,"column":12},"end":{"line":72,"column":13}},"17":{"start":{"line":77,"column":26},"end":{"line":77,"column":41}},"18":{"start":{"line":78,"column":8},"end":{"line":98,"column":9}},"19":{"start":{"line":79,"column":25},"end":{"line":79,"column":67}},"20":{"start":{"line":80,"column":28},"end":{"line":80,"column":35}},"21":{"start":{"line":81,"column":26},"end":{"line":81,"column":78}},"22":{"start":{"line":83,"column":12},"end":{"line":92,"column":17}},"23":{"start":{"line":94,"column":12},"end":{"line":97,"column":13}}},"fnMap":{"0":{"name":"(anonymous_0)","decl":{"start":{"line":6,"column":4},"end":{"line":6,"column":5}},"loc":{"start":{"line":6,"column":46},"end":{"line":28,"column":5}},"line":6},"1":{"name":"(anonymous_1)","decl":{"start":{"line":30,"column":4},"end":{"line":30,"column":5}},"loc":{"start":{"line":30,"column":46},"end":{"line":51,"column":5}},"line":30},"2":{"name":"(anonymous_2)","decl":{"start":{"line":53,"column":4},"end":{"line":53,"column":5}},"loc":{"start":{"line":53,"column":46},"end":{"line":74,"column":5}},"line":53},"3":{"name":"(anonymous_3)","decl":{"start":{"line":76,"column":4},"end":{"line":76,"column":5}},"loc":{"start":{"line":76,"column":51},"end":{"line":99,"column":5}},"line":76}},"branchMap":{"0":{"loc":{"start":{"line":12,"column":19},"end":{"line":21,"column":17}},"type":"cond-expr","locations":[{"start":{"line":13,"column":18},"end":{"line":17,"column":17}},{"start":{"line":18,"column":18},"end":{"line":21,"column":17}}],"line":12},"1":{"loc":{"start":{"line":35,"column":19},"end":{"line":44,"column":17}},"type":"cond-expr","locations":[{"start":{"line":36,"column":18},"end":{"line":40,"column":17}},{"start":{"line":41,"column":18},"end":{"line":44,"column":17}}],"line":35},"2":{"loc":{"start":{"line":58,"column":19},"end":{"line":67,"column":17}},"type":"cond-expr","locations":[{"start":{"line":59,"column":18},"end":{"line":63,"column":17}},{"start":{"line":64,"column":18},"end":{"line":67,"column":17}}],"line":58},"3":{"loc":{"start":{"line":83,"column":19},"end":{"line":92,"column":17}},"type":"cond-expr","locations":[{"start":{"line":84,"column":18},"end":{"line":88,"column":17}},{"start":{"line":89,"column":18},"end":{"line":92,"column":17}}],"line":83}},"s":{"0":1,"1":1,"2":1,"3":1,"4":1,"5":1,"6":0,"7":1,"8":1,"9":1,"10":1,"11":0,"12":1,"13":1,"14":1,"15":1,"16":0,"17":1,"18":1,"19":1,"20":1,"21":1,"22":1,"23":0},"f":{"0":1,"1":1,"2":1,"3":1},"b":{"0":[1,0],"1":[1,0],"2":[1,0],"3":[1,0]},"_coverageSchema":"1a1c01bbd47fc00a2c39e90264f33305004495a9","hash":"dbb8b2eeed53dd10bda8a50b8462868092a6d74a","contentHash":"029a115fedae5b9443efabaf1eea7d57fa22af8c38c484340093d2228dbf03c5"},"/Users/oluwafemibabayemi/Documents/Personal-Project/e-commerce/src/controllers/cart/index.js":{"path":"/Users/oluwafemibabayemi/Documents/Personal-Project/e-commerce/src/controllers/cart/index.js","statementMap":{"0":{"start":{"line":7,"column":26},"end":{"line":7,"column":41}},"1":{"start":{"line":8,"column":8},"end":{"line":29,"column":9}},"2":{"start":{"line":9,"column":35},"end":{"line":9,"column":45}},"3":{"start":{"line":10,"column":25},"end":{"line":10,"column":67}},"4":{"start":{"line":11,"column":28},"end":{"line":11,"column":35}},"5":{"start":{"line":12,"column":28},"end":{"line":12,"column":83}},"6":{"start":{"line":13,"column":28},"end":{"line":13,"column":117}},"7":{"start":{"line":14,"column":12},"end":{"line":23,"column":17}},"8":{"start":{"line":25,"column":12},"end":{"line":28,"column":13}},"9":{"start":{"line":33,"column":26},"end":{"line":33,"column":41}},"10":{"start":{"line":34,"column":8},"end":{"line":54,"column":9}},"11":{"start":{"line":35,"column":25},"end":{"line":35,"column":67}},"12":{"start":{"line":36,"column":28},"end":{"line":36,"column":35}},"13":{"start":{"line":37,"column":25},"end":{"line":37,"column":68}},"14":{"start":{"line":39,"column":12},"end":{"line":48,"column":17}},"15":{"start":{"line":50,"column":12},"end":{"line":53,"column":13}},"16":{"start":{"line":58,"column":8},"end":{"line":77,"column":9}},"17":{"start":{"line":59,"column":27},"end":{"line":59,"column":37}},"18":{"start":{"line":60,"column":25},"end":{"line":60,"column":58}},"19":{"start":{"line":62,"column":12},"end":{"line":71,"column":17}},"20":{"start":{"line":73,"column":12},"end":{"line":76,"column":13}},"21":{"start":{"line":81,"column":8},"end":{"line":100,"column":9}},"22":{"start":{"line":82,"column":27},"end":{"line":82,"column":37}},"23":{"start":{"line":83,"column":25},"end":{"line":83,"column":68}},"24":{"start":{"line":85,"column":12},"end":{"line":94,"column":17}},"25":{"start":{"line":96,"column":12},"end":{"line":99,"column":13}}},"fnMap":{"0":{"name":"(anonymous_0)","decl":{"start":{"line":6,"column":4},"end":{"line":6,"column":5}},"loc":{"start":{"line":6,"column":38},"end":{"line":30,"column":5}},"line":6},"1":{"name":"(anonymous_1)","decl":{"start":{"line":32,"column":4},"end":{"line":32,"column":5}},"loc":{"start":{"line":32,"column":43},"end":{"line":55,"column":5}},"line":32},"2":{"name":"(anonymous_2)","decl":{"start":{"line":57,"column":4},"end":{"line":57,"column":5}},"loc":{"start":{"line":57,"column":38},"end":{"line":78,"column":5}},"line":57},"3":{"name":"(anonymous_3)","decl":{"start":{"line":80,"column":4},"end":{"line":80,"column":5}},"loc":{"start":{"line":80,"column":38},"end":{"line":101,"column":5}},"line":80}},"branchMap":{"0":{"loc":{"start":{"line":14,"column":19},"end":{"line":23,"column":17}},"type":"cond-expr","locations":[{"start":{"line":15,"column":18},"end":{"line":19,"column":17}},{"start":{"line":20,"column":18},"end":{"line":23,"column":17}}],"line":14},"1":{"loc":{"start":{"line":39,"column":19},"end":{"line":48,"column":17}},"type":"cond-expr","locations":[{"start":{"line":40,"column":18},"end":{"line":44,"column":17}},{"start":{"line":45,"column":18},"end":{"line":48,"column":17}}],"line":39},"2":{"loc":{"start":{"line":62,"column":19},"end":{"line":71,"column":17}},"type":"cond-expr","locations":[{"start":{"line":63,"column":18},"end":{"line":67,"column":17}},{"start":{"line":68,"column":18},"end":{"line":71,"column":17}}],"line":62},"3":{"loc":{"start":{"line":85,"column":19},"end":{"line":94,"column":17}},"type":"cond-expr","locations":[{"start":{"line":86,"column":18},"end":{"line":90,"column":17}},{"start":{"line":91,"column":18},"end":{"line":94,"column":17}}],"line":85}},"s":{"0":1,"1":1,"2":1,"3":1,"4":1,"5":1,"6":1,"7":1,"8":0,"9":1,"10":1,"11":1,"12":1,"13":1,"14":1,"15":0,"16":1,"17":1,"18":1,"19":1,"20":0,"21":1,"22":1,"23":1,"24":1,"25":0},"f":{"0":1,"1":1,"2":1,"3":1},"b":{"0":[1,0],"1":[1,0],"2":[1,0],"3":[1,0]},"_coverageSchema":"1a1c01bbd47fc00a2c39e90264f33305004495a9","hash":"094ef17584107b8e24858567d83b5c59b77fdee1","contentHash":"4ee43a932497054499e0060d6cba297463c42f179f0936f32df5b8395f6e776d"},"/Users/oluwafemibabayemi/Documents/Personal-Project/e-commerce/src/controllers/index.js":{"path":"/Users/oluwafemibabayemi/Documents/Personal-Project/e-commerce/src/controllers/index.js","statementMap":{},"fnMap":{},"branchMap":{},"s":{},"f":{},"b":{},"_coverageSchema":"1a1c01bbd47fc00a2c39e90264f33305004495a9","hash":"4ba588ac672d7f37e7fdf412ad51ee8448fdd708","contentHash":"05c949e281f026c776fb2b25777359864a2271ba57c720f810e4aabaf59f810e"},"/Users/oluwafemibabayemi/Documents/Personal-Project/e-commerce/src/routes/users.js":{"path":"/Users/oluwafemibabayemi/Documents/Personal-Project/e-commerce/src/routes/users.js","statementMap":{"0":{"start":{"line":5,"column":15},"end":{"line":5,"column":27}},"1":{"start":{"line":7,"column":0},"end":{"line":7,"column":108}},"2":{"start":{"line":8,"column":0},"end":{"line":8,"column":148}},"3":{"start":{"line":9,"column":0},"end":{"line":9,"column":91}},"4":{"start":{"line":10,"column":0},"end":{"line":10,"column":136}},"5":{"start":{"line":11,"column":0},"end":{"line":11,"column":94}},"6":{"start":{"line":12,"column":0},"end":{"line":12,"column":118}}},"fnMap":{},"branchMap":{},"s":{"0":1,"1":1,"2":1,"3":1,"4":1,"5":1,"6":1},"f":{},"b":{},"_coverageSchema":"1a1c01bbd47fc00a2c39e90264f33305004495a9","hash":"f5ce384e1896b4bc15f4738e81198e765fae94b4","contentHash":"7105f12c16e7128f756d044ed61e23aa8b1762ae10767db3be34e3f1b5d955ca"},"/Users/oluwafemibabayemi/Documents/Personal-Project/e-commerce/src/routes/auth.js":{"path":"/Users/oluwafemibabayemi/Documents/Personal-Project/e-commerce/src/routes/auth.js","statementMap":{"0":{"start":{"line":6,"column":19},"end":{"line":6,"column":31}},"1":{"start":{"line":8,"column":0},"end":{"line":8,"column":85}},"2":{"start":{"line":10,"column":0},"end":{"line":10,"column":102}},"3":{"start":{"line":12,"column":0},"end":{"line":17,"column":7}},"4":{"start":{"line":16,"column":8},"end":{"line":16,"column":34}},"5":{"start":{"line":19,"column":0},"end":{"line":24,"column":7}},"6":{"start":{"line":23,"column":8},"end":{"line":23,"column":35}},"7":{"start":{"line":26,"column":0},"end":{"line":28,"column":3}},"8":{"start":{"line":27,"column":4},"end":{"line":27,"column":31}},"9":{"start":{"line":30,"column":0},"end":{"line":32,"column":3}},"10":{"start":{"line":31,"column":4},"end":{"line":31,"column":43}}},"fnMap":{"0":{"name":"(anonymous_0)","decl":{"start":{"line":15,"column":8},"end":{"line":15,"column":9}},"loc":{"start":{"line":15,"column":22},"end":{"line":17,"column":5}},"line":15},"1":{"name":"(anonymous_1)","decl":{"start":{"line":22,"column":8},"end":{"line":22,"column":9}},"loc":{"start":{"line":22,"column":22},"end":{"line":24,"column":5}},"line":22},"2":{"name":"(anonymous_2)","decl":{"start":{"line":26,"column":24},"end":{"line":26,"column":25}},"loc":{"start":{"line":26,"column":38},"end":{"line":28,"column":1}},"line":26},"3":{"name":"(anonymous_3)","decl":{"start":{"line":30,"column":29},"end":{"line":30,"column":30}},"loc":{"start":{"line":30,"column":49},"end":{"line":32,"column":1}},"line":30}},"branchMap":{},"s":{"0":1,"1":1,"2":1,"3":1,"4":0,"5":1,"6":0,"7":1,"8":0,"9":1,"10":0},"f":{"0":0,"1":0,"2":0,"3":0},"b":{},"_coverageSchema":"1a1c01bbd47fc00a2c39e90264f33305004495a9","hash":"49332a188c2a2962e7a9133ff3486ba7bfa21d2b","contentHash":"b8f76bdd49220c16f05595afbceb0d3038740d97c7456eff6d085cbaefa23f1b"},"/Users/oluwafemibabayemi/Documents/Personal-Project/e-commerce/src/routes/category.js":{"path":"/Users/oluwafemibabayemi/Documents/Personal-Project/e-commerce/src/routes/category.js","statementMap":{"0":{"start":{"line":5,"column":15},"end":{"line":5,"column":27}},"1":{"start":{"line":7,"column":0},"end":{"line":7,"column":172}},"2":{"start":{"line":8,"column":0},"end":{"line":8,"column":51}},"3":{"start":{"line":9,"column":0},"end":{"line":9,"column":108}},"4":{"start":{"line":10,"column":0},"end":{"line":10,"column":147}}},"fnMap":{},"branchMap":{},"s":{"0":1,"1":1,"2":1,"3":1,"4":1},"f":{},"b":{},"_coverageSchema":"1a1c01bbd47fc00a2c39e90264f33305004495a9","hash":"e1cdb2132a1aea21cf5c030de96da3cd95f07aec","contentHash":"85fe0eddbd5e2c9bbc849753a921de1520ab63e877493c164f10b78037b091df"},"/Users/oluwafemibabayemi/Documents/Personal-Project/e-commerce/src/routes/subCategory.js":{"path":"/Users/oluwafemibabayemi/Documents/Personal-Project/e-commerce/src/routes/subCategory.js","statementMap":{"0":{"start":{"line":5,"column":15},"end":{"line":5,"column":27}},"1":{"start":{"line":7,"column":0},"end":{"line":7,"column":199}},"2":{"start":{"line":8,"column":0},"end":{"line":8,"column":78}},"3":{"start":{"line":9,"column":0},"end":{"line":9,"column":57}},"4":{"start":{"line":10,"column":0},"end":{"line":10,"column":159}},"5":{"start":{"line":11,"column":0},"end":{"line":11,"column":113}}},"fnMap":{},"branchMap":{},"s":{"0":1,"1":1,"2":1,"3":1,"4":1,"5":1},"f":{},"b":{},"_coverageSchema":"1a1c01bbd47fc00a2c39e90264f33305004495a9","hash":"cce3d22629e3fa73093bdbd9b32e97d3d577d45d","contentHash":"bcef5bd2ecde155dcde1248351fd5481776b43e2e1de0c572ea3125de278e71c"},"/Users/oluwafemibabayemi/Documents/Personal-Project/e-commerce/src/routes/product.js":{"path":"/Users/oluwafemibabayemi/Documents/Personal-Project/e-commerce/src/routes/product.js","statementMap":{"0":{"start":{"line":5,"column":15},"end":{"line":5,"column":27}},"1":{"start":{"line":7,"column":0},"end":{"line":7,"column":211}},"2":{"start":{"line":8,"column":0},"end":{"line":8,"column":68}},"3":{"start":{"line":9,"column":0},"end":{"line":9,"column":112}},"4":{"start":{"line":10,"column":0},"end":{"line":10,"column":97}},"5":{"start":{"line":11,"column":0},"end":{"line":11,"column":163}},"6":{"start":{"line":12,"column":0},"end":{"line":12,"column":134}}},"fnMap":{},"branchMap":{},"s":{"0":1,"1":1,"2":1,"3":1,"4":1,"5":1,"6":1},"f":{},"b":{},"_coverageSchema":"1a1c01bbd47fc00a2c39e90264f33305004495a9","hash":"8e687095a80b1b40527868517809cfdf1c7b6683","contentHash":"187271b15b635ae2ca8e75becc40cd3cf253434464eca584548080c4742dceae"},"/Users/oluwafemibabayemi/Documents/Personal-Project/e-commerce/src/routes/cart.js":{"path":"/Users/oluwafemibabayemi/Documents/Personal-Project/e-commerce/src/routes/cart.js","statementMap":{"0":{"start":{"line":5,"column":15},"end":{"line":5,"column":27}},"1":{"start":{"line":7,"column":0},"end":{"line":7,"column":104}},"2":{"start":{"line":8,"column":0},"end":{"line":8,"column":76}},"3":{"start":{"line":9,"column":0},"end":{"line":9,"column":105}},"4":{"start":{"line":10,"column":0},"end":{"line":10,"column":102}}},"fnMap":{},"branchMap":{},"s":{"0":1,"1":1,"2":1,"3":1,"4":1},"f":{},"b":{},"_coverageSchema":"1a1c01bbd47fc00a2c39e90264f33305004495a9","hash":"c1b441ffac25070390f1ef3db437d865ca87fa9f","contentHash":"1d1230dd794573fa6411f9cd3ad1ca19e3a5946866526332e315e777d31da573"},"/Users/oluwafemibabayemi/Documents/Personal-Project/e-commerce/src/routes/orderDetails.js":{"path":"/Users/oluwafemibabayemi/Documents/Personal-Project/e-commerce/src/routes/orderDetails.js","statementMap":{"0":{"start":{"line":5,"column":15},"end":{"line":5,"column":27}},"1":{"start":{"line":7,"column":0},"end":{"line":7,"column":115}},"2":{"start":{"line":8,"column":0},"end":{"line":8,"column":85}},"3":{"start":{"line":9,"column":0},"end":{"line":9,"column":123}},"4":{"start":{"line":10,"column":0},"end":{"line":10,"column":120}}},"fnMap":{},"branchMap":{},"s":{"0":1,"1":1,"2":1,"3":1,"4":1},"f":{},"b":{},"_coverageSchema":"1a1c01bbd47fc00a2c39e90264f33305004495a9","hash":"d8549c16fe4833cfddc716210bbaaab8e0be5425","contentHash":"62f265dd90da460112c79c2ce426ad09eb0c4213ccf0daacc3790a2ebb9b2fda"},"/Users/oluwafemibabayemi/Documents/Personal-Project/e-commerce/src/config/versioning/v1.js":{"path":"/Users/oluwafemibabayemi/Documents/Personal-Project/e-commerce/src/config/versioning/v1.js","statementMap":{"0":{"start":{"line":10,"column":12},"end":{"line":10,"column":20}},"1":{"start":{"line":12,"column":0},"end":{"line":12,"column":24}},"2":{"start":{"line":13,"column":0},"end":{"line":13,"column":29}},"3":{"start":{"line":14,"column":0},"end":{"line":14,"column":31}},"4":{"start":{"line":15,"column":0},"end":{"line":15,"column":38}},"5":{"start":{"line":16,"column":0},"end":{"line":16,"column":22}},"6":{"start":{"line":17,"column":0},"end":{"line":17,"column":23}},"7":{"start":{"line":18,"column":0},"end":{"line":18,"column":40}}},"fnMap":{},"branchMap":{},"s":{"0":1,"1":1,"2":1,"3":1,"4":1,"5":1,"6":1,"7":1},"f":{},"b":{},"_coverageSchema":"1a1c01bbd47fc00a2c39e90264f33305004495a9","hash":"9d17a0f217270a6df3a022a3b1fbd65e0e801b27","contentHash":"c50ea3cf38560bce00dfbe37851e5470443dd14569985c0ca1eb3ec2bffd044b"},"/Users/oluwafemibabayemi/Documents/Personal-Project/e-commerce/src/routes/index.js":{"path":"/Users/oluwafemibabayemi/Documents/Personal-Project/e-commerce/src/routes/index.js","statementMap":{"0":{"start":{"line":3,"column":15},"end":{"line":5,"column":1}},"1":{"start":{"line":4,"column":4},"end":{"line":4,"column":36}}},"fnMap":{"0":{"name":"(anonymous_0)","decl":{"start":{"line":3,"column":15},"end":{"line":3,"column":16}},"loc":{"start":{"line":3,"column":24},"end":{"line":5,"column":1}},"line":3}},"branchMap":{},"s":{"0":1,"1":1},"f":{"0":1},"b":{},"_coverageSchema":"1a1c01bbd47fc00a2c39e90264f33305004495a9","hash":"9561bb6300861f68fc2736e07838b4c2f2f895ef","contentHash":"0db9c39a490ac89cc878d25d1e26b4c6d67405a1774efaf0b56a6be34bc4e9ed"},"/Users/oluwafemibabayemi/Documents/Personal-Project/e-commerce/src/config/express.js":{"path":"/Users/oluwafemibabayemi/Documents/Personal-Project/e-commerce/src/config/express.js","statementMap":{"0":{"start":{"line":13,"column":12},"end":{"line":13,"column":21}},"1":{"start":{"line":15,"column":0},"end":{"line":15,"column":52}},"2":{"start":{"line":16,"column":0},"end":{"line":16,"column":27}},"3":{"start":{"line":17,"column":0},"end":{"line":17,"column":56}},"4":{"start":{"line":20,"column":0},"end":{"line":24,"column":4}},"5":{"start":{"line":27,"column":0},"end":{"line":27,"column":31}},"6":{"start":{"line":28,"column":0},"end":{"line":28,"column":28}},"7":{"start":{"line":30,"column":0},"end":{"line":30,"column":16}},"8":{"start":{"line":32,"column":0},"end":{"line":42,"column":3}},"9":{"start":{"line":33,"column":4},"end":{"line":41,"column":7}},"10":{"start":{"line":34,"column":8},"end":{"line":39,"column":9}},"11":{"start":{"line":35,"column":12},"end":{"line":38,"column":13}},"12":{"start":{"line":40,"column":8},"end":{"line":40,"column":38}},"13":{"start":{"line":44,"column":0},"end":{"line":44,"column":12}},"14":{"start":{"line":46,"column":0},"end":{"line":48,"column":3}},"15":{"start":{"line":47,"column":4},"end":{"line":47,"column":52}}},"fnMap":{"0":{"name":"(anonymous_0)","decl":{"start":{"line":32,"column":13},"end":{"line":32,"column":14}},"loc":{"start":{"line":32,"column":27},"end":{"line":42,"column":1}},"line":32},"1":{"name":"(anonymous_1)","decl":{"start":{"line":33,"column":16},"end":{"line":33,"column":17}},"loc":{"start":{"line":33,"column":30},"end":{"line":41,"column":5}},"line":33},"2":{"name":"(anonymous_2)","decl":{"start":{"line":46,"column":8},"end":{"line":46,"column":9}},"loc":{"start":{"line":46,"column":22},"end":{"line":48,"column":1}},"line":46}},"branchMap":{"0":{"loc":{"start":{"line":34,"column":8},"end":{"line":39,"column":9}},"type":"if","locations":[{"start":{"line":34,"column":8},"end":{"line":39,"column":9}},{"start":{"line":34,"column":8},"end":{"line":39,"column":9}}],"line":34}},"s":{"0":1,"1":1,"2":1,"3":1,"4":1,"5":1,"6":1,"7":1,"8":1,"9":0,"10":0,"11":0,"12":0,"13":1,"14":1,"15":1},"f":{"0":0,"1":0,"2":1},"b":{"0":[0,0]},"_coverageSchema":"1a1c01bbd47fc00a2c39e90264f33305004495a9","hash":"74c4a5966b44a6c8a16cccbb468ff27aeea46fbf","contentHash":"5ea0afd8d358915405ff9f585de89a2544544f889fd945ac78cbdc2ab6955b38"},"/Users/oluwafemibabayemi/Documents/Personal-Project/e-commerce/src/config/index.js":{"path":"/Users/oluwafemibabayemi/Documents/Personal-Project/e-commerce/src/config/index.js","statementMap":{},"fnMap":{},"branchMap":{},"s":{},"f":{},"b":{},"_coverageSchema":"1a1c01bbd47fc00a2c39e90264f33305004495a9","hash":"924829afe3286497958abd7c2c7d03163cf64e2f","contentHash":"edd3e244edff0021d8aec2950c4d60e927aa839dcfa9f68c6939936a8e8385e5"}}