{"/Users/oluwafemibabayemi/Documents/Personal-Project/e-commerce/src/config/env/development.js":{"path":"/Users/oluwafemibabayemi/Documents/Personal-Project/e-commerce/src/config/env/development.js","statementMap":{},"fnMap":{},"branchMap":{},"s":{},"f":{},"b":{},"_coverageSchema":"1a1c01bbd47fc00a2c39e90264f33305004495a9","hash":"f156dc231169edb9fd172253541e7adef32bcff5","contentHash":"50f32d0a37e804b7d7f51ab9a74d0e40d119718cb982d5abf0b8c46bf0834b71"},"/Users/oluwafemibabayemi/Documents/Personal-Project/e-commerce/src/config/env/production.js":{"path":"/Users/oluwafemibabayemi/Documents/Personal-Project/e-commerce/src/config/env/production.js","statementMap":{},"fnMap":{},"branchMap":{},"s":{},"f":{},"b":{},"_coverageSchema":"1a1c01bbd47fc00a2c39e90264f33305004495a9","hash":"ee2a9b36a377ecc89535780fd2e10a5d27f5f56c","contentHash":"28e707ec74508f7af1d4e3658ad180c707219afec41d1dbd908983cea5c26d93"},"/Users/oluwafemibabayemi/Documents/Personal-Project/e-commerce/src/config/env/test.js":{"path":"/Users/oluwafemibabayemi/Documents/Personal-Project/e-commerce/src/config/env/test.js","statementMap":{},"fnMap":{},"branchMap":{},"s":{},"f":{},"b":{},"_coverageSchema":"1a1c01bbd47fc00a2c39e90264f33305004495a9","hash":"7cb1a20f680c7b63deecaefcaacda16c59a84082","contentHash":"0de7ddd7e64412f9e19fecb602bb15de999d0406fc2a498570e01b57081a2a31"},"/Users/oluwafemibabayemi/Documents/Personal-Project/e-commerce/src/config/env/index.js":{"path":"/Users/oluwafemibabayemi/Documents/Personal-Project/e-commerce/src/config/env/index.js","statementMap":{"0":{"start":{"line":7,"column":4},"end":{"line":7,"column":15}}},"fnMap":{},"branchMap":{"0":{"loc":{"start":{"line":13,"column":2},"end":{"line":13,"column":27}},"type":"binary-expr","locations":[{"start":{"line":13,"column":2},"end":{"line":13,"column":10}},{"start":{"line":13,"column":14},"end":{"line":13,"column":27}}],"line":13}},"s":{"0":1},"f":{},"b":{"0":[1,0]},"_coverageSchema":"1a1c01bbd47fc00a2c39e90264f33305004495a9","hash":"27e83d6028fa0996fd2375723c32671fd7a793f8","contentHash":"7d4b7c6614007aa25d36cdffa01660fc0c2dc6245fdeb70954191d1e02c8d2f8"},"/Users/oluwafemibabayemi/Documents/Personal-Project/e-commerce/src/config/logger.js":{"path":"/Users/oluwafemibabayemi/Documents/Personal-Project/e-commerce/src/config/logger.js","statementMap":{"0":{"start":{"line":3,"column":17},"end":{"line":10,"column":1}},"1":{"start":{"line":8,"column":18},"end":{"line":8,"column":71}},"2":{"start":{"line":11,"column":15},"end":{"line":17,"column":2}}},"fnMap":{"0":{"name":"(anonymous_0)","decl":{"start":{"line":8,"column":8},"end":{"line":8,"column":9}},"loc":{"start":{"line":8,"column":18},"end":{"line":8,"column":71}},"line":8}},"branchMap":{},"s":{"0":1,"1":0,"2":1},"f":{"0":0},"b":{},"_coverageSchema":"1a1c01bbd47fc00a2c39e90264f33305004495a9","hash":"c35d34d6718517a4ee03c71451b9b4c8289f84a9","contentHash":"2becbed8e15f78d457a30bf6cf59ca8a5e9d864985e074fa8f2787c197f14f42"},"/Users/oluwafemibabayemi/Documents/Personal-Project/e-commerce/src/config/redis.js":{"path":"/Users/oluwafemibabayemi/Documents/Personal-Project/e-commerce/src/config/redis.js","statementMap":{"0":{"start":{"line":4,"column":15},"end":{"line":4,"column":63}},"1":{"start":{"line":6,"column":0},"end":{"line":8,"column":3}},"2":{"start":{"line":7,"column":4},"end":{"line":7,"column":23}}},"fnMap":{"0":{"name":"(anonymous_0)","decl":{"start":{"line":6,"column":19},"end":{"line":6,"column":20}},"loc":{"start":{"line":6,"column":30},"end":{"line":8,"column":1}},"line":6}},"branchMap":{},"s":{"0":1,"1":1,"2":0},"f":{"0":0},"b":{},"_coverageSchema":"1a1c01bbd47fc00a2c39e90264f33305004495a9","hash":"1e5ad8d8e8afb4057e31d3f2b727a1ccf07258cc","contentHash":"6c3f38dafd7170711392f7767ea948dada1a8fb114ec56d190f6eb7c4c10f3ea"},"/Users/oluwafemibabayemi/Documents/Personal-Project/e-commerce/src/utils/response/index.js":{"path":"/Users/oluwafemibabayemi/Documents/Personal-Project/e-commerce/src/utils/response/index.js","statementMap":{"0":{"start":{"line":1,"column":18},"end":{"line":5,"column":2}},"1":{"start":{"line":1,"column":42},"end":{"line":5,"column":2}},"2":{"start":{"line":7,"column":23},"end":{"line":11,"column":2}},"3":{"start":{"line":7,"column":47},"end":{"line":11,"column":2}},"4":{"start":{"line":13,"column":24},"end":{"line":17,"column":2}},"5":{"start":{"line":13,"column":48},"end":{"line":17,"column":2}},"6":{"start":{"line":19,"column":25},"end":{"line":22,"column":2}},"7":{"start":{"line":19,"column":43},"end":{"line":22,"column":2}},"8":{"start":{"line":24,"column":31},"end":{"line":28,"column":2}},"9":{"start":{"line":24,"column":49},"end":{"line":28,"column":2}},"10":{"start":{"line":30,"column":33},"end":{"line":34,"column":2}},"11":{"start":{"line":30,"column":51},"end":{"line":34,"column":2}},"12":{"start":{"line":36,"column":30},"end":{"line":40,"column":2}},"13":{"start":{"line":36,"column":48},"end":{"line":40,"column":2}},"14":{"start":{"line":42,"column":29},"end":{"line":46,"column":2}},"15":{"start":{"line":42,"column":47},"end":{"line":46,"column":2}},"16":{"start":{"line":48,"column":33},"end":{"line":52,"column":2}},"17":{"start":{"line":48,"column":51},"end":{"line":52,"column":2}},"18":{"start":{"line":54,"column":29},"end":{"line":58,"column":2}},"19":{"start":{"line":54,"column":47},"end":{"line":58,"column":2}},"20":{"start":{"line":60,"column":25},"end":{"line":64,"column":2}},"21":{"start":{"line":60,"column":43},"end":{"line":64,"column":2}},"22":{"start":{"line":66,"column":34},"end":{"line":70,"column":2}},"23":{"start":{"line":66,"column":52},"end":{"line":70,"column":2}},"24":{"start":{"line":72,"column":27},"end":{"line":76,"column":2}},"25":{"start":{"line":72,"column":45},"end":{"line":76,"column":2}},"26":{"start":{"line":78,"column":32},"end":{"line":82,"column":2}},"27":{"start":{"line":78,"column":58},"end":{"line":82,"column":1}}},"fnMap":{"0":{"name":"(anonymous_0)","decl":{"start":{"line":1,"column":18},"end":{"line":1,"column":19}},"loc":{"start":{"line":1,"column":42},"end":{"line":5,"column":2}},"line":1},"1":{"name":"(anonymous_1)","decl":{"start":{"line":7,"column":23},"end":{"line":7,"column":24}},"loc":{"start":{"line":7,"column":47},"end":{"line":11,"column":2}},"line":7},"2":{"name":"(anonymous_2)","decl":{"start":{"line":13,"column":24},"end":{"line":13,"column":25}},"loc":{"start":{"line":13,"column":48},"end":{"line":17,"column":2}},"line":13},"3":{"name":"(anonymous_3)","decl":{"start":{"line":19,"column":25},"end":{"line":19,"column":26}},"loc":{"start":{"line":19,"column":43},"end":{"line":22,"column":2}},"line":19},"4":{"name":"(anonymous_4)","decl":{"start":{"line":24,"column":31},"end":{"line":24,"column":32}},"loc":{"start":{"line":24,"column":49},"end":{"line":28,"column":2}},"line":24},"5":{"name":"(anonymous_5)","decl":{"start":{"line":30,"column":33},"end":{"line":30,"column":34}},"loc":{"start":{"line":30,"column":51},"end":{"line":34,"column":2}},"line":30},"6":{"name":"(anonymous_6)","decl":{"start":{"line":36,"column":30},"end":{"line":36,"column":31}},"loc":{"start":{"line":36,"column":48},"end":{"line":40,"column":2}},"line":36},"7":{"name":"(anonymous_7)","decl":{"start":{"line":42,"column":29},"end":{"line":42,"column":30}},"loc":{"start":{"line":42,"column":47},"end":{"line":46,"column":2}},"line":42},"8":{"name":"(anonymous_8)","decl":{"start":{"line":48,"column":33},"end":{"line":48,"column":34}},"loc":{"start":{"line":48,"column":51},"end":{"line":52,"column":2}},"line":48},"9":{"name":"(anonymous_9)","decl":{"start":{"line":54,"column":29},"end":{"line":54,"column":30}},"loc":{"start":{"line":54,"column":47},"end":{"line":58,"column":2}},"line":54},"10":{"name":"(anonymous_10)","decl":{"start":{"line":60,"column":25},"end":{"line":60,"column":26}},"loc":{"start":{"line":60,"column":43},"end":{"line":64,"column":2}},"line":60},"11":{"name":"(anonymous_11)","decl":{"start":{"line":66,"column":34},"end":{"line":66,"column":35}},"loc":{"start":{"line":66,"column":52},"end":{"line":70,"column":2}},"line":66},"12":{"name":"(anonymous_12)","decl":{"start":{"line":72,"column":27},"end":{"line":72,"column":28}},"loc":{"start":{"line":72,"column":45},"end":{"line":76,"column":2}},"line":72},"13":{"name":"(anonymous_13)","decl":{"start":{"line":78,"column":32},"end":{"line":78,"column":33}},"loc":{"start":{"line":78,"column":58},"end":{"line":82,"column":1}},"line":78}},"branchMap":{},"s":{"0":1,"1":21,"2":1,"3":6,"4":1,"5":0,"6":1,"7":0,"8":1,"9":0,"10":1,"11":0,"12":1,"13":0,"14":1,"15":2,"16":1,"17":0,"18":1,"19":1,"20":1,"21":0,"22":1,"23":0,"24":1,"25":1,"26":1,"27":0},"f":{"0":21,"1":6,"2":0,"3":0,"4":0,"5":0,"6":0,"7":2,"8":0,"9":1,"10":0,"11":0,"12":1,"13":0},"b":{},"_coverageSchema":"1a1c01bbd47fc00a2c39e90264f33305004495a9","hash":"faeefbb6585a85806573c3ac9eeafa63d0b4d7c4","contentHash":"8f2a520ab68dabba6ebacbaff90a974cdd048e300b747e1eff4b286d31529c33"},"/Users/oluwafemibabayemi/Documents/Personal-Project/e-commerce/src/utils/validate/index.js":{"path":"/Users/oluwafemibabayemi/Documents/Personal-Project/e-commerce/src/utils/validate/index.js","statementMap":{"0":{"start":{"line":3,"column":15},"end":{"line":80,"column":1}}},"fnMap":{},"branchMap":{},"s":{"0":1},"f":{},"b":{},"_coverageSchema":"1a1c01bbd47fc00a2c39e90264f33305004495a9","hash":"ac268602e2069aac89e648b92d53e45bec51e47c","contentHash":"efb7aa45b15f97509f1f65cadec3cc07cbe30cf0591e05a8d1316ba16ba70a1f"},"/Users/oluwafemibabayemi/Documents/Personal-Project/e-commerce/src/utils/hash/index.js":{"path":"/Users/oluwafemibabayemi/Documents/Personal-Project/e-commerce/src/utils/hash/index.js","statementMap":{"0":{"start":{"line":5,"column":12},"end":{"line":5,"column":30}},"1":{"start":{"line":19,"column":27},"end":{"line":19,"column":29}},"2":{"start":{"line":20,"column":21},"end":{"line":20,"column":51}},"3":{"start":{"line":21,"column":21},"end":{"line":21,"column":52}},"4":{"start":{"line":22,"column":8},"end":{"line":24,"column":9}},"5":{"start":{"line":23,"column":12},"end":{"line":23,"column":34}},"6":{"start":{"line":25,"column":8},"end":{"line":25,"column":21}},"7":{"start":{"line":36,"column":30},"end":{"line":36,"column":64}},"8":{"start":{"line":37,"column":8},"end":{"line":39,"column":9}},"9":{"start":{"line":38,"column":12},"end":{"line":38,"column":24}},"10":{"start":{"line":40,"column":8},"end":{"line":40,"column":21}},"11":{"start":{"line":51,"column":8},"end":{"line":51,"column":73}},"12":{"start":{"line":61,"column":8},"end":{"line":65,"column":9}},"13":{"start":{"line":62,"column":12},"end":{"line":62,"column":42}},"14":{"start":{"line":64,"column":12},"end":{"line":64,"column":25}}},"fnMap":{"0":{"name":"(anonymous_0)","decl":{"start":{"line":18,"column":4},"end":{"line":18,"column":5}},"loc":{"start":{"line":18,"column":34},"end":{"line":26,"column":5}},"line":18},"1":{"name":"(anonymous_1)","decl":{"start":{"line":35,"column":4},"end":{"line":35,"column":5}},"loc":{"start":{"line":35,"column":43},"end":{"line":41,"column":5}},"line":35},"2":{"name":"(anonymous_2)","decl":{"start":{"line":50,"column":4},"end":{"line":50,"column":5}},"loc":{"start":{"line":50,"column":44},"end":{"line":52,"column":5}},"line":50},"3":{"name":"(anonymous_3)","decl":{"start":{"line":60,"column":4},"end":{"line":60,"column":5}},"loc":{"start":{"line":60,"column":30},"end":{"line":66,"column":5}},"line":60}},"branchMap":{"0":{"loc":{"start":{"line":22,"column":8},"end":{"line":24,"column":9}},"type":"if","locations":[{"start":{"line":22,"column":8},"end":{"line":24,"column":9}},{"start":{"line":22,"column":8},"end":{"line":24,"column":9}}],"line":22},"1":{"loc":{"start":{"line":22,"column":12},"end":{"line":22,"column":24}},"type":"binary-expr","locations":[{"start":{"line":22,"column":12},"end":{"line":22,"column":16}},{"start":{"line":22,"column":20},"end":{"line":22,"column":24}}],"line":22},"2":{"loc":{"start":{"line":37,"column":8},"end":{"line":39,"column":9}},"type":"if","locations":[{"start":{"line":37,"column":8},"end":{"line":39,"column":9}},{"start":{"line":37,"column":8},"end":{"line":39,"column":9}}],"line":37}},"s":{"0":1,"1":2,"2":2,"3":2,"4":2,"5":2,"6":0,"7":6,"8":6,"9":6,"10":0,"11":6,"12":15,"13":15,"14":0},"f":{"0":2,"1":6,"2":6,"3":15},"b":{"0":[2,0],"1":[2,2],"2":[6,0]},"_coverageSchema":"1a1c01bbd47fc00a2c39e90264f33305004495a9","hash":"aab796d64646ffa6a29d874f6e17472a7898e2c0","contentHash":"e6cc413eedc8c424e6516a0a608531f23abc5877f4f5e63af639b19be32dace4"},"/Users/oluwafemibabayemi/Documents/Personal-Project/e-commerce/src/utils/emailTemplate/index.js":{"path":"/Users/oluwafemibabayemi/Documents/Personal-Project/e-commerce/src/utils/emailTemplate/index.js","statementMap":{"0":{"start":{"line":1,"column":18},"end":{"line":499,"column":1}},"1":{"start":{"line":3,"column":21},"end":{"line":3,"column":49}},"2":{"start":{"line":4,"column":8},"end":{"line":105,"column":5}},"3":{"start":{"line":108,"column":21},"end":{"line":108,"column":49}},"4":{"start":{"line":109,"column":8},"end":{"line":198,"column":16}},"5":{"start":{"line":201,"column":21},"end":{"line":201,"column":49}},"6":{"start":{"line":202,"column":8},"end":{"line":301,"column":16}},"7":{"start":{"line":304,"column":8},"end":{"line":404,"column":8}},"8":{"start":{"line":407,"column":21},"end":{"line":407,"column":49}},"9":{"start":{"line":408,"column":8},"end":{"line":497,"column":16}}},"fnMap":{"0":{"name":"(anonymous_0)","decl":{"start":{"line":2,"column":30},"end":{"line":2,"column":31}},"loc":{"start":{"line":2,"column":87},"end":{"line":106,"column":5}},"line":2},"1":{"name":"(anonymous_1)","decl":{"start":{"line":107,"column":36},"end":{"line":107,"column":37}},"loc":{"start":{"line":107,"column":70},"end":{"line":199,"column":5}},"line":107},"2":{"name":"(anonymous_2)","decl":{"start":{"line":200,"column":32},"end":{"line":200,"column":33}},"loc":{"start":{"line":200,"column":89},"end":{"line":302,"column":5}},"line":200},"3":{"name":"(anonymous_3)","decl":{"start":{"line":303,"column":27},"end":{"line":303,"column":28}},"loc":{"start":{"line":303,"column":61},"end":{"line":405,"column":5}},"line":303},"4":{"name":"(anonymous_4)","decl":{"start":{"line":406,"column":29},"end":{"line":406,"column":30}},"loc":{"start":{"line":406,"column":63},"end":{"line":498,"column":5}},"line":406}},"branchMap":{},"s":{"0":1,"1":1,"2":1,"3":1,"4":1,"5":1,"6":1,"7":1,"8":1,"9":1},"f":{"0":1,"1":1,"2":1,"3":1,"4":1},"b":{},"_coverageSchema":"1a1c01bbd47fc00a2c39e90264f33305004495a9","hash":"f10ee684811ec31f411b97af129020d25022e412","contentHash":"99524d333248d5d21fafa95d7775764b942b0c4fd5ec3a29e715141b44e35739"},"/Users/oluwafemibabayemi/Documents/Personal-Project/e-commerce/src/utils/nodemailer/index.js":{"path":"/Users/oluwafemibabayemi/Documents/Personal-Project/e-commerce/src/utils/nodemailer/index.js","statementMap":{"0":{"start":{"line":5,"column":18},"end":{"line":13,"column":2}},"1":{"start":{"line":15,"column":0},"end":{"line":21,"column":3}},"2":{"start":{"line":16,"column":4},"end":{"line":20,"column":5}},"3":{"start":{"line":17,"column":8},"end":{"line":17,"column":27}},"4":{"start":{"line":19,"column":8},"end":{"line":19,"column":60}}},"fnMap":{"0":{"name":"(anonymous_0)","decl":{"start":{"line":15,"column":17},"end":{"line":15,"column":18}},"loc":{"start":{"line":15,"column":37},"end":{"line":21,"column":1}},"line":15}},"branchMap":{"0":{"loc":{"start":{"line":16,"column":4},"end":{"line":20,"column":5}},"type":"if","locations":[{"start":{"line":16,"column":4},"end":{"line":20,"column":5}},{"start":{"line":16,"column":4},"end":{"line":20,"column":5}}],"line":16}},"s":{"0":1,"1":1,"2":1,"3":0,"4":1},"f":{"0":1},"b":{"0":[0,1]},"_coverageSchema":"1a1c01bbd47fc00a2c39e90264f33305004495a9","hash":"c5871486522f0715ad78314c4597617c2f7ac4c7","contentHash":"3219e0e4f50762b31d8584d125117de2aedede7ae2fd2f52e6b758305c209c6f"},"/Users/oluwafemibabayemi/Documents/Personal-Project/e-commerce/src/utils/index.js":{"path":"/Users/oluwafemibabayemi/Documents/Personal-Project/e-commerce/src/utils/index.js","statementMap":{},"fnMap":{},"branchMap":{},"s":{},"f":{},"b":{},"_coverageSchema":"1a1c01bbd47fc00a2c39e90264f33305004495a9","hash":"d027aaeec2fa7fe03b9c1b0f4713fd682ace0656","contentHash":"b757913c82f54a21ebca45158ead7dc24ca948453e439ec346a9f407a53a80f7"},"/Users/oluwafemibabayemi/Documents/Personal-Project/e-commerce/src/db/setup/postgres.js":{"path":"/Users/oluwafemibabayemi/Documents/Personal-Project/e-commerce/src/db/setup/postgres.js","statementMap":{"0":{"start":{"line":6,"column":16},"end":{"line":8,"column":1}},"1":{"start":{"line":10,"column":12},"end":{"line":10,"column":23}},"2":{"start":{"line":11,"column":11},"end":{"line":11,"column":35}}},"fnMap":{},"branchMap":{},"s":{"0":1,"1":1,"2":1},"f":{},"b":{},"_coverageSchema":"1a1c01bbd47fc00a2c39e90264f33305004495a9","hash":"bdf58555ca8e7bb1b44f70724477792f84fba446","contentHash":"62aea3ef00b70ddc4aa91722e4f0b166d5e2bfaa3ffa739ef6be245a9903c8dc"},"/Users/oluwafemibabayemi/Documents/Personal-Project/e-commerce/src/db/queries/user.js":{"path":"/Users/oluwafemibabayemi/Documents/Personal-Project/e-commerce/src/db/queries/user.js","statementMap":{},"fnMap":{},"branchMap":{},"s":{},"f":{},"b":{},"_coverageSchema":"1a1c01bbd47fc00a2c39e90264f33305004495a9","hash":"98d42fe0a58eeb9c91dcedb9bea87294dbb81024","contentHash":"dc54ddd3c9524c3906fa8994fb3df41a84840f2d46d33bdf37d117a6edb98826"},"/Users/oluwafemibabayemi/Documents/Personal-Project/e-commerce/src/db/queries/category.js":{"path":"/Users/oluwafemibabayemi/Documents/Personal-Project/e-commerce/src/db/queries/category.js","statementMap":{},"fnMap":{},"branchMap":{},"s":{},"f":{},"b":{},"_coverageSchema":"1a1c01bbd47fc00a2c39e90264f33305004495a9","hash":"83364858faae71bcba21247f620a0441baea43ff","contentHash":"dce8b827ce2d2ec066af65f67529a3977e2f0aa733a7b9982177078913f62eed"},"/Users/oluwafemibabayemi/Documents/Personal-Project/e-commerce/src/db/queries/subCategory.js":{"path":"/Users/oluwafemibabayemi/Documents/Personal-Project/e-commerce/src/db/queries/subCategory.js","statementMap":{},"fnMap":{},"branchMap":{},"s":{},"f":{},"b":{},"_coverageSchema":"1a1c01bbd47fc00a2c39e90264f33305004495a9","hash":"1244b02aeabbc7c8ff9d98f5bd0e7d39d696593d","contentHash":"ac850c72f8ea400df824ed0087adb890d18808e139d30b8b5f7df8c8fa06b716"},"/Users/oluwafemibabayemi/Documents/Personal-Project/e-commerce/src/db/queries/product.js":{"path":"/Users/oluwafemibabayemi/Documents/Personal-Project/e-commerce/src/db/queries/product.js","statementMap":{},"fnMap":{},"branchMap":{},"s":{},"f":{},"b":{},"_coverageSchema":"1a1c01bbd47fc00a2c39e90264f33305004495a9","hash":"a072dc093074d2791ea0b53572934afb018cb717","contentHash":"9c9e36854d6a7d7dfff7a2c73ad142d14a07ad57fba9f62efa77260eb2741fb9"},"/Users/oluwafemibabayemi/Documents/Personal-Project/e-commerce/src/db/queries/orderDetails.js":{"path":"/Users/oluwafemibabayemi/Documents/Personal-Project/e-commerce/src/db/queries/orderDetails.js","statementMap":{},"fnMap":{},"branchMap":{},"s":{},"f":{},"b":{},"_coverageSchema":"1a1c01bbd47fc00a2c39e90264f33305004495a9","hash":"2773c16893c742e120413c7bfded7afcfdef6ceb","contentHash":"2616ab8326eb76f369e43ea193b2849c51844ccb3f49ac3d79237e9b21b6cbd6"},"/Users/oluwafemibabayemi/Documents/Personal-Project/e-commerce/src/db/queries/order.js":{"path":"/Users/oluwafemibabayemi/Documents/Personal-Project/e-commerce/src/db/queries/order.js","statementMap":{},"fnMap":{},"branchMap":{},"s":{},"f":{},"b":{},"_coverageSchema":"1a1c01bbd47fc00a2c39e90264f33305004495a9","hash":"ac0b419c2ce1a23667ebca2b8ede4bf1976ca677","contentHash":"5796e8c03c34134e484f7cab7d44a213d19422583790d60085c4d6fbb379e56e"},"/Users/oluwafemibabayemi/Documents/Personal-Project/e-commerce/src/db/queries/cart.js":{"path":"/Users/oluwafemibabayemi/Documents/Personal-Project/e-commerce/src/db/queries/cart.js","statementMap":{},"fnMap":{},"branchMap":{},"s":{},"f":{},"b":{},"_coverageSchema":"1a1c01bbd47fc00a2c39e90264f33305004495a9","hash":"927430cb276ec3493686d4921546a08be27caff9","contentHash":"10ca75aa79a4a4280a2e669dd3763186ffc8a8ee83f3bfcd38a9f2917a1fcff8"},"/Users/oluwafemibabayemi/Documents/Personal-Project/e-commerce/src/db/queries/transaction.js":{"path":"/Users/oluwafemibabayemi/Documents/Personal-Project/e-commerce/src/db/queries/transaction.js","statementMap":{},"fnMap":{},"branchMap":{},"s":{},"f":{},"b":{},"_coverageSchema":"1a1c01bbd47fc00a2c39e90264f33305004495a9","hash":"9a5c146d0a0b1dc945897343f3c1cc736ec5aafc","contentHash":"07b5b2e299ca56d13ceaab3303cd51335cb91dd859b09efbaea02ca3f54209a1"},"/Users/oluwafemibabayemi/Documents/Personal-Project/e-commerce/src/db/index.js":{"path":"/Users/oluwafemibabayemi/Documents/Personal-Project/e-commerce/src/db/index.js","statementMap":{},"fnMap":{},"branchMap":{},"s":{},"f":{},"b":{},"_coverageSchema":"1a1c01bbd47fc00a2c39e90264f33305004495a9","hash":"04a2ade2b585d85152b2f6dd49ac6d8f1dffcfed","contentHash":"a58a81830ddca790762f12c33b058928c14dbfefb71a733b311cc3250c6de76a"},"/Users/oluwafemibabayemi/Documents/Personal-Project/e-commerce/src/services/userServices.js":{"path":"/Users/oluwafemibabayemi/Documents/Personal-Project/e-commerce/src/services/userServices.js","statementMap":{"0":{"start":{"line":9,"column":19},"end":{"line":9,"column":27}},"1":{"start":{"line":10,"column":73},"end":{"line":10,"column":77}},"2":{"start":{"line":11,"column":30},"end":{"line":11,"column":49}},"3":{"start":{"line":12,"column":26},"end":{"line":12,"column":82}},"4":{"start":{"line":13,"column":25},"end":{"line":13,"column":79}},"5":{"start":{"line":14,"column":31},"end":{"line":14,"column":58}},"6":{"start":{"line":15,"column":31},"end":{"line":15,"column":45}},"7":{"start":{"line":16,"column":41},"end":{"line":16,"column":98}},"8":{"start":{"line":17,"column":34},"end":{"line":17,"column":77}},"9":{"start":{"line":18,"column":24},"end":{"line":18,"column":135}},"10":{"start":{"line":20,"column":8},"end":{"line":20,"column":59}},"11":{"start":{"line":24,"column":8},"end":{"line":24,"column":62}},"12":{"start":{"line":28,"column":24},"end":{"line":28,"column":39}},"13":{"start":{"line":29,"column":8},"end":{"line":29,"column":73}},"14":{"start":{"line":33,"column":8},"end":{"line":33,"column":58}},"15":{"start":{"line":37,"column":8},"end":{"line":37,"column":79}},"16":{"start":{"line":41,"column":8},"end":{"line":41,"column":74}},"17":{"start":{"line":47,"column":24},"end":{"line":47,"column":73}},"18":{"start":{"line":48,"column":8},"end":{"line":48,"column":71}},"19":{"start":{"line":52,"column":29},"end":{"line":52,"column":33}},"20":{"start":{"line":53,"column":31},"end":{"line":53,"column":58}},"21":{"start":{"line":54,"column":31},"end":{"line":54,"column":45}},"22":{"start":{"line":55,"column":24},"end":{"line":55,"column":59}},"23":{"start":{"line":56,"column":8},"end":{"line":56,"column":62}}},"fnMap":{"0":{"name":"(anonymous_0)","decl":{"start":{"line":8,"column":4},"end":{"line":8,"column":5}},"loc":{"start":{"line":8,"column":34},"end":{"line":21,"column":5}},"line":8},"1":{"name":"(anonymous_1)","decl":{"start":{"line":23,"column":4},"end":{"line":23,"column":5}},"loc":{"start":{"line":23,"column":41},"end":{"line":25,"column":5}},"line":23},"2":{"name":"(anonymous_2)","decl":{"start":{"line":27,"column":4},"end":{"line":27,"column":5}},"loc":{"start":{"line":27,"column":64},"end":{"line":30,"column":5}},"line":27},"3":{"name":"(anonymous_3)","decl":{"start":{"line":32,"column":4},"end":{"line":32,"column":5}},"loc":{"start":{"line":32,"column":36},"end":{"line":34,"column":5}},"line":32},"4":{"name":"(anonymous_4)","decl":{"start":{"line":36,"column":4},"end":{"line":36,"column":5}},"loc":{"start":{"line":36,"column":57},"end":{"line":38,"column":5}},"line":36},"5":{"name":"(anonymous_5)","decl":{"start":{"line":40,"column":4},"end":{"line":40,"column":5}},"loc":{"start":{"line":40,"column":57},"end":{"line":42,"column":5}},"line":40},"6":{"name":"(anonymous_6)","decl":{"start":{"line":44,"column":4},"end":{"line":44,"column":5}},"loc":{"start":{"line":46,"column":94},"end":{"line":49,"column":5}},"line":46},"7":{"name":"(anonymous_7)","decl":{"start":{"line":51,"column":4},"end":{"line":51,"column":5}},"loc":{"start":{"line":51,"column":60},"end":{"line":57,"column":5}},"line":51}},"branchMap":{"0":{"loc":{"start":{"line":27,"column":46},"end":{"line":27,"column":62}},"type":"default-arg","locations":[{"start":{"line":27,"column":58},"end":{"line":27,"column":62}}],"line":27},"1":{"loc":{"start":{"line":40,"column":39},"end":{"line":40,"column":55}},"type":"default-arg","locations":[{"start":{"line":40,"column":51},"end":{"line":40,"column":55}}],"line":40},"2":{"loc":{"start":{"line":45,"column":8},"end":{"line":45,"column":71}},"type":"default-arg","locations":[{"start":{"line":45,"column":28},"end":{"line":45,"column":71}}],"line":45},"3":{"loc":{"start":{"line":46,"column":8},"end":{"line":46,"column":92}},"type":"default-arg","locations":[{"start":{"line":46,"column":35},"end":{"line":46,"column":92}}],"line":46}},"s":{"0":1,"1":1,"2":1,"3":1,"4":1,"5":1,"6":1,"7":1,"8":1,"9":1,"10":1,"11":36,"12":1,"13":1,"14":4,"15":4,"16":0,"17":2,"18":2,"19":1,"20":1,"21":1,"22":1,"23":1},"f":{"0":1,"1":36,"2":1,"3":4,"4":4,"5":0,"6":2,"7":1},"b":{"0":[1],"1":[0],"2":[2],"3":[2]},"_coverageSchema":"1a1c01bbd47fc00a2c39e90264f33305004495a9","hash":"0e72d6d79f768cba7cc5d2cc1163c32ad76a21c8","contentHash":"d320b4088d3e32992a37de31ce99d70936c817357abf63effe4700f7431b02ff"},"/Users/oluwafemibabayemi/Documents/Personal-Project/e-commerce/src/services/categoryServices.js":{"path":"/Users/oluwafemibabayemi/Documents/Personal-Project/e-commerce/src/services/categoryServices.js","statementMap":{"0":{"start":{"line":7,"column":19},"end":{"line":7,"column":27}},"1":{"start":{"line":8,"column":46},"end":{"line":8,"column":50}},"2":{"start":{"line":9,"column":21},"end":{"line":9,"column":81}},"3":{"start":{"line":10,"column":24},"end":{"line":10,"column":47}},"4":{"start":{"line":12,"column":8},"end":{"line":12,"column":66}},"5":{"start":{"line":16,"column":21},"end":{"line":16,"column":81}},"6":{"start":{"line":17,"column":8},"end":{"line":17,"column":75}},"7":{"start":{"line":21,"column":8},"end":{"line":21,"column":64}},"8":{"start":{"line":25,"column":8},"end":{"line":25,"column":52}},"9":{"start":{"line":29,"column":24},"end":{"line":29,"column":53}},"10":{"start":{"line":30,"column":24},"end":{"line":30,"column":47}},"11":{"start":{"line":31,"column":24},"end":{"line":31,"column":71}},"12":{"start":{"line":33,"column":8},"end":{"line":33,"column":68}},"13":{"start":{"line":37,"column":8},"end":{"line":37,"column":63}}},"fnMap":{"0":{"name":"(anonymous_0)","decl":{"start":{"line":6,"column":4},"end":{"line":6,"column":5}},"loc":{"start":{"line":6,"column":38},"end":{"line":13,"column":5}},"line":6},"1":{"name":"(anonymous_1)","decl":{"start":{"line":15,"column":4},"end":{"line":15,"column":5}},"loc":{"start":{"line":15,"column":52},"end":{"line":18,"column":5}},"line":15},"2":{"name":"(anonymous_2)","decl":{"start":{"line":20,"column":4},"end":{"line":20,"column":5}},"loc":{"start":{"line":20,"column":36},"end":{"line":22,"column":5}},"line":20},"3":{"name":"(anonymous_3)","decl":{"start":{"line":24,"column":4},"end":{"line":24,"column":5}},"loc":{"start":{"line":24,"column":34},"end":{"line":26,"column":5}},"line":24},"4":{"name":"(anonymous_4)","decl":{"start":{"line":28,"column":4},"end":{"line":28,"column":5}},"loc":{"start":{"line":28,"column":42},"end":{"line":34,"column":5}},"line":28},"5":{"name":"(anonymous_5)","decl":{"start":{"line":36,"column":4},"end":{"line":36,"column":5}},"loc":{"start":{"line":36,"column":36},"end":{"line":38,"column":5}},"line":36}},"branchMap":{},"s":{"0":1,"1":1,"2":1,"3":1,"4":1,"5":1,"6":1,"7":2,"8":0,"9":1,"10":1,"11":1,"12":1,"13":1},"f":{"0":1,"1":1,"2":2,"3":0,"4":1,"5":1},"b":{},"_coverageSchema":"1a1c01bbd47fc00a2c39e90264f33305004495a9","hash":"114782d0cae41e5212d94e117eefe4239f0a62b4","contentHash":"36595d103ce6df8a8f45b68b751f4d9fefecf394e729dd83527a55061e2c294f"},"/Users/oluwafemibabayemi/Documents/Personal-Project/e-commerce/src/services/subCategoryServices.js":{"path":"/Users/oluwafemibabayemi/Documents/Personal-Project/e-commerce/src/services/subCategoryServices.js","statementMap":{"0":{"start":{"line":7,"column":19},"end":{"line":7,"column":27}},"1":{"start":{"line":8,"column":54},"end":{"line":8,"column":58}},"2":{"start":{"line":9,"column":21},"end":{"line":9,"column":97}},"3":{"start":{"line":10,"column":24},"end":{"line":10,"column":60}},"4":{"start":{"line":12,"column":8},"end":{"line":12,"column":73}},"5":{"start":{"line":16,"column":8},"end":{"line":16,"column":58}},"6":{"start":{"line":20,"column":21},"end":{"line":20,"column":97}},"7":{"start":{"line":21,"column":8},"end":{"line":21,"column":88}},"8":{"start":{"line":25,"column":8},"end":{"line":25,"column":88}},"9":{"start":{"line":29,"column":8},"end":{"line":29,"column":71}},"10":{"start":{"line":33,"column":8},"end":{"line":33,"column":69}},"11":{"start":{"line":37,"column":24},"end":{"line":37,"column":64}},"12":{"start":{"line":38,"column":24},"end":{"line":38,"column":47}},"13":{"start":{"line":39,"column":24},"end":{"line":39,"column":79}},"14":{"start":{"line":41,"column":8},"end":{"line":41,"column":74}}},"fnMap":{"0":{"name":"(anonymous_0)","decl":{"start":{"line":6,"column":4},"end":{"line":6,"column":5}},"loc":{"start":{"line":6,"column":54},"end":{"line":13,"column":5}},"line":6},"1":{"name":"(anonymous_1)","decl":{"start":{"line":15,"column":4},"end":{"line":15,"column":5}},"loc":{"start":{"line":15,"column":37},"end":{"line":17,"column":5}},"line":15},"2":{"name":"(anonymous_2)","decl":{"start":{"line":19,"column":4},"end":{"line":19,"column":5}},"loc":{"start":{"line":19,"column":63},"end":{"line":22,"column":5}},"line":19},"3":{"name":"(anonymous_3)","decl":{"start":{"line":24,"column":4},"end":{"line":24,"column":5}},"loc":{"start":{"line":24,"column":53},"end":{"line":26,"column":5}},"line":24},"4":{"name":"(anonymous_4)","decl":{"start":{"line":28,"column":4},"end":{"line":28,"column":5}},"loc":{"start":{"line":28,"column":47},"end":{"line":30,"column":5}},"line":28},"5":{"name":"(anonymous_5)","decl":{"start":{"line":32,"column":4},"end":{"line":32,"column":5}},"loc":{"start":{"line":32,"column":39},"end":{"line":34,"column":5}},"line":32},"6":{"name":"(anonymous_6)","decl":{"start":{"line":36,"column":4},"end":{"line":36,"column":5}},"loc":{"start":{"line":36,"column":45},"end":{"line":42,"column":5}},"line":36}},"branchMap":{},"s":{"0":1,"1":1,"2":1,"3":1,"4":1,"5":0,"6":1,"7":1,"8":0,"9":2,"10":1,"11":1,"12":1,"13":1,"14":1},"f":{"0":1,"1":0,"2":1,"3":0,"4":2,"5":1,"6":1},"b":{},"_coverageSchema":"1a1c01bbd47fc00a2c39e90264f33305004495a9","hash":"4fe11fb1afe7ce3326059efbfd43ccf9e22922e3","contentHash":"f4b188a800a63a3ba4a937b86cf991a1400ba7ffad4f0fff469ddc8cc480e333"},"/Users/oluwafemibabayemi/Documents/Personal-Project/e-commerce/src/services/productServices.js":{"path":"/Users/oluwafemibabayemi/Documents/Personal-Project/e-commerce/src/services/productServices.js","statementMap":{"0":{"start":{"line":7,"column":19},"end":{"line":7,"column":27}},"1":{"start":{"line":8,"column":78},"end":{"line":8,"column":82}},"2":{"start":{"line":9,"column":21},"end":{"line":9,"column":81}},"3":{"start":{"line":10,"column":24},"end":{"line":10,"column":102}},"4":{"start":{"line":12,"column":8},"end":{"line":12,"column":65}},"5":{"start":{"line":16,"column":21},"end":{"line":16,"column":81}},"6":{"start":{"line":17,"column":8},"end":{"line":17,"column":66}},"7":{"start":{"line":21,"column":33},"end":{"line":21,"column":37}},"8":{"start":{"line":22,"column":21},"end":{"line":22,"column":81}},"9":{"start":{"line":23,"column":24},"end":{"line":23,"column":34}},"10":{"start":{"line":24,"column":8},"end":{"line":24,"column":70}},"11":{"start":{"line":28,"column":8},"end":{"line":28,"column":62}},"12":{"start":{"line":32,"column":8},"end":{"line":32,"column":50}},"13":{"start":{"line":36,"column":8},"end":{"line":36,"column":87}},"14":{"start":{"line":40,"column":8},"end":{"line":40,"column":97}},"15":{"start":{"line":44,"column":8},"end":{"line":44,"column":61}},"16":{"start":{"line":48,"column":24},"end":{"line":48,"column":60}},"17":{"start":{"line":49,"column":24},"end":{"line":49,"column":47}},"18":{"start":{"line":50,"column":24},"end":{"line":50,"column":127}},"19":{"start":{"line":52,"column":8},"end":{"line":52,"column":66}},"20":{"start":{"line":56,"column":8},"end":{"line":56,"column":67}},"21":{"start":{"line":60,"column":8},"end":{"line":60,"column":97}}},"fnMap":{"0":{"name":"(anonymous_0)","decl":{"start":{"line":6,"column":4},"end":{"line":6,"column":5}},"loc":{"start":{"line":6,"column":60},"end":{"line":13,"column":5}},"line":6},"1":{"name":"(anonymous_1)","decl":{"start":{"line":15,"column":4},"end":{"line":15,"column":5}},"loc":{"start":{"line":15,"column":51},"end":{"line":18,"column":5}},"line":15},"2":{"name":"(anonymous_2)","decl":{"start":{"line":20,"column":4},"end":{"line":20,"column":5}},"loc":{"start":{"line":20,"column":37},"end":{"line":25,"column":5}},"line":20},"3":{"name":"(anonymous_3)","decl":{"start":{"line":27,"column":4},"end":{"line":27,"column":5}},"loc":{"start":{"line":27,"column":43},"end":{"line":29,"column":5}},"line":27},"4":{"name":"(anonymous_4)","decl":{"start":{"line":31,"column":4},"end":{"line":31,"column":5}},"loc":{"start":{"line":31,"column":33},"end":{"line":33,"column":5}},"line":31},"5":{"name":"(anonymous_5)","decl":{"start":{"line":35,"column":4},"end":{"line":35,"column":5}},"loc":{"start":{"line":35,"column":60},"end":{"line":37,"column":5}},"line":35},"6":{"name":"(anonymous_6)","decl":{"start":{"line":39,"column":4},"end":{"line":39,"column":5}},"loc":{"start":{"line":39,"column":63},"end":{"line":41,"column":5}},"line":39},"7":{"name":"(anonymous_7)","decl":{"start":{"line":43,"column":4},"end":{"line":43,"column":5}},"loc":{"start":{"line":43,"column":35},"end":{"line":45,"column":5}},"line":43},"8":{"name":"(anonymous_8)","decl":{"start":{"line":47,"column":4},"end":{"line":47,"column":5}},"loc":{"start":{"line":47,"column":41},"end":{"line":53,"column":5}},"line":47},"9":{"name":"(anonymous_9)","decl":{"start":{"line":55,"column":4},"end":{"line":55,"column":5}},"loc":{"start":{"line":55,"column":51},"end":{"line":57,"column":5}},"line":55},"10":{"name":"(anonymous_10)","decl":{"start":{"line":59,"column":4},"end":{"line":59,"column":5}},"loc":{"start":{"line":59,"column":70},"end":{"line":61,"column":5}},"line":59}},"branchMap":{},"s":{"0":1,"1":1,"2":1,"3":1,"4":1,"5":1,"6":1,"7":1,"8":1,"9":1,"10":1,"11":3,"12":0,"13":0,"14":0,"15":1,"16":1,"17":1,"18":1,"19":1,"20":1,"21":0},"f":{"0":1,"1":1,"2":1,"3":3,"4":0,"5":0,"6":0,"7":1,"8":1,"9":1,"10":0},"b":{},"_coverageSchema":"1a1c01bbd47fc00a2c39e90264f33305004495a9","hash":"14eae80adf0f28d7f2de1dcfdd307f6732f3b49b","contentHash":"52ce876663b348731f59662ae0dadcc61635b4391147acddc070653c1b1334c8"},"/Users/oluwafemibabayemi/Documents/Personal-Project/e-commerce/src/services/uploadServices.js":{"path":"/Users/oluwafemibabayemi/Documents/Personal-Project/e-commerce/src/services/uploadServices.js","statementMap":{"0":{"start":{"line":4,"column":11},"end":{"line":7,"column":2}},"1":{"start":{"line":12,"column":8},"end":{"line":28,"column":9}},"2":{"start":{"line":13,"column":27},"end":{"line":19,"column":13}},"3":{"start":{"line":21,"column":25},"end":{"line":21,"column":52}},"4":{"start":{"line":22,"column":26},"end":{"line":24,"column":36}},"5":{"start":{"line":23,"column":34},"end":{"line":23,"column":40}},"6":{"start":{"line":24,"column":32},"end":{"line":24,"column":35}},"7":{"start":{"line":25,"column":12},"end":{"line":25,"column":24}},"8":{"start":{"line":27,"column":12},"end":{"line":27,"column":24}}},"fnMap":{"0":{"name":"(anonymous_0)","decl":{"start":{"line":11,"column":4},"end":{"line":11,"column":5}},"loc":{"start":{"line":11,"column":35},"end":{"line":29,"column":5}},"line":11},"1":{"name":"(anonymous_1)","decl":{"start":{"line":23,"column":22},"end":{"line":23,"column":23}},"loc":{"start":{"line":23,"column":34},"end":{"line":23,"column":40}},"line":23},"2":{"name":"(anonymous_2)","decl":{"start":{"line":24,"column":23},"end":{"line":24,"column":24}},"loc":{"start":{"line":24,"column":32},"end":{"line":24,"column":35}},"line":24}},"branchMap":{},"s":{"0":1,"1":2,"2":2,"3":2,"4":2,"5":2,"6":0,"7":2,"8":0},"f":{"0":2,"1":2,"2":0},"b":{},"_coverageSchema":"1a1c01bbd47fc00a2c39e90264f33305004495a9","hash":"e3597cd323045e956e114ec9eb9110fb517bfcbf","contentHash":"a7986187521929f27555335be23d127ff35f9c589cd1c5c5dea4cf58e57e0845"},"/Users/oluwafemibabayemi/Documents/Personal-Project/e-commerce/src/services/orderDetailsServices.js":{"path":"/Users/oluwafemibabayemi/Documents/Personal-Project/e-commerce/src/services/orderDetailsServices.js","statementMap":{"0":{"start":{"line":7,"column":19},"end":{"line":7,"column":27}},"1":{"start":{"line":8,"column":78},"end":{"line":8,"column":82}},"2":{"start":{"line":9,"column":26},"end":{"line":9,"column":82}},"3":{"start":{"line":10,"column":25},"end":{"line":10,"column":79}},"4":{"start":{"line":11,"column":24},"end":{"line":11,"column":106}},"5":{"start":{"line":13,"column":8},"end":{"line":13,"column":74}},"6":{"start":{"line":17,"column":8},"end":{"line":17,"column":71}},"7":{"start":{"line":21,"column":8},"end":{"line":21,"column":72}},"8":{"start":{"line":25,"column":8},"end":{"line":25,"column":83}},"9":{"start":{"line":29,"column":24},"end":{"line":29,"column":65}},"10":{"start":{"line":30,"column":24},"end":{"line":30,"column":47}},"11":{"start":{"line":31,"column":24},"end":{"line":31,"column":135}},"12":{"start":{"line":33,"column":8},"end":{"line":33,"column":76}},"13":{"start":{"line":37,"column":8},"end":{"line":37,"column":71}},"14":{"start":{"line":41,"column":8},"end":{"line":41,"column":72}}},"fnMap":{"0":{"name":"(anonymous_0)","decl":{"start":{"line":6,"column":4},"end":{"line":6,"column":5}},"loc":{"start":{"line":6,"column":63},"end":{"line":14,"column":5}},"line":6},"1":{"name":"(anonymous_1)","decl":{"start":{"line":16,"column":4},"end":{"line":16,"column":5}},"loc":{"start":{"line":16,"column":40},"end":{"line":18,"column":5}},"line":16},"2":{"name":"(anonymous_2)","decl":{"start":{"line":20,"column":4},"end":{"line":20,"column":5}},"loc":{"start":{"line":20,"column":48},"end":{"line":22,"column":5}},"line":20},"3":{"name":"(anonymous_3)","decl":{"start":{"line":24,"column":4},"end":{"line":24,"column":5}},"loc":{"start":{"line":24,"column":50},"end":{"line":26,"column":5}},"line":24},"4":{"name":"(anonymous_4)","decl":{"start":{"line":28,"column":4},"end":{"line":28,"column":5}},"loc":{"start":{"line":28,"column":46},"end":{"line":34,"column":5}},"line":28},"5":{"name":"(anonymous_5)","decl":{"start":{"line":36,"column":4},"end":{"line":36,"column":5}},"loc":{"start":{"line":36,"column":39},"end":{"line":38,"column":5}},"line":36},"6":{"name":"(anonymous_6)","decl":{"start":{"line":40,"column":4},"end":{"line":40,"column":5}},"loc":{"start":{"line":40,"column":39},"end":{"line":42,"column":5}},"line":40}},"branchMap":{},"s":{"0":1,"1":1,"2":1,"3":1,"4":1,"5":1,"6":1,"7":3,"8":2,"9":1,"10":1,"11":1,"12":1,"13":0,"14":0},"f":{"0":1,"1":1,"2":3,"3":2,"4":1,"5":0,"6":0},"b":{},"_coverageSchema":"1a1c01bbd47fc00a2c39e90264f33305004495a9","hash":"13a6d17729d482ace8ab3387b71008950bdfd3a4","contentHash":"f72efe6b19147843ecb0c72989d6bea5a67a54b280ffb2621a0db2186eea7251"},"/Users/oluwafemibabayemi/Documents/Personal-Project/e-commerce/src/services/orderServices.js":{"path":"/Users/oluwafemibabayemi/Documents/Personal-Project/e-commerce/src/services/orderServices.js","statementMap":{"0":{"start":{"line":7,"column":19},"end":{"line":7,"column":27}},"1":{"start":{"line":8,"column":22},"end":{"line":16,"column":11}},"2":{"start":{"line":8,"column":41},"end":{"line":16,"column":10}},"3":{"start":{"line":17,"column":8},"end":{"line":17,"column":20}}},"fnMap":{"0":{"name":"(anonymous_0)","decl":{"start":{"line":6,"column":4},"end":{"line":6,"column":5}},"loc":{"start":{"line":6,"column":44},"end":{"line":18,"column":5}},"line":6},"1":{"name":"(anonymous_1)","decl":{"start":{"line":8,"column":31},"end":{"line":8,"column":32}},"loc":{"start":{"line":8,"column":41},"end":{"line":16,"column":10}},"line":8}},"branchMap":{},"s":{"0":0,"1":0,"2":0,"3":0},"f":{"0":0,"1":0},"b":{},"_coverageSchema":"1a1c01bbd47fc00a2c39e90264f33305004495a9","hash":"45b7f71cb6087b0af53995aadde5fb1677026333","contentHash":"0adfe14797e6ed7afb64801aa19a73620822ace95fc9e0c6eee93b95971de297"},"/Users/oluwafemibabayemi/Documents/Personal-Project/e-commerce/src/services/cartServices.js":{"path":"/Users/oluwafemibabayemi/Documents/Personal-Project/e-commerce/src/services/cartServices.js","statementMap":{"0":{"start":{"line":8,"column":23},"end":{"line":8,"column":31}},"1":{"start":{"line":9,"column":12},"end":{"line":9,"column":69}},"2":{"start":{"line":13,"column":23},"end":{"line":13,"column":31}},"3":{"start":{"line":14,"column":28},"end":{"line":14,"column":71}},"4":{"start":{"line":15,"column":12},"end":{"line":15,"column":80}},"5":{"start":{"line":16,"column":12},"end":{"line":16,"column":70}},"6":{"start":{"line":20,"column":8},"end":{"line":28,"column":10}},"7":{"start":{"line":21,"column":28},"end":{"line":21,"column":36}},"8":{"start":{"line":22,"column":23},"end":{"line":22,"column":31}},"9":{"start":{"line":23,"column":25},"end":{"line":23,"column":84}},"10":{"start":{"line":24,"column":28},"end":{"line":24,"column":71}},"11":{"start":{"line":25,"column":33},"end":{"line":25,"column":110}},"12":{"start":{"line":25,"column":59},"end":{"line":25,"column":108}},"13":{"start":{"line":27,"column":12},"end":{"line":27,"column":49}},"14":{"start":{"line":32,"column":8},"end":{"line":32,"column":67}},"15":{"start":{"line":36,"column":8},"end":{"line":36,"column":74}},"16":{"start":{"line":40,"column":8},"end":{"line":40,"column":66}},"17":{"start":{"line":44,"column":8},"end":{"line":44,"column":62}},"18":{"start":{"line":48,"column":8},"end":{"line":48,"column":55}},"19":{"start":{"line":52,"column":8},"end":{"line":52,"column":63}},"20":{"start":{"line":56,"column":8},"end":{"line":56,"column":80}},"21":{"start":{"line":60,"column":24},"end":{"line":60,"column":64}},"22":{"start":{"line":61,"column":24},"end":{"line":61,"column":47}},"23":{"start":{"line":62,"column":26},"end":{"line":62,"column":58}},"24":{"start":{"line":63,"column":24},"end":{"line":63,"column":57}},"25":{"start":{"line":65,"column":8},"end":{"line":65,"column":67}},"26":{"start":{"line":69,"column":8},"end":{"line":69,"column":62}}},"fnMap":{"0":{"name":"(anonymous_0)","decl":{"start":{"line":7,"column":4},"end":{"line":7,"column":5}},"loc":{"start":{"line":7,"column":37},"end":{"line":10,"column":5}},"line":7},"1":{"name":"(anonymous_1)","decl":{"start":{"line":12,"column":4},"end":{"line":12,"column":5}},"loc":{"start":{"line":12,"column":74},"end":{"line":17,"column":5}},"line":12},"2":{"name":"(anonymous_2)","decl":{"start":{"line":19,"column":4},"end":{"line":19,"column":5}},"loc":{"start":{"line":19,"column":79},"end":{"line":29,"column":5}},"line":19},"3":{"name":"(anonymous_3)","decl":{"start":{"line":20,"column":14},"end":{"line":20,"column":15}},"loc":{"start":{"line":20,"column":25},"end":{"line":28,"column":9}},"line":20},"4":{"name":"(anonymous_4)","decl":{"start":{"line":25,"column":49},"end":{"line":25,"column":50}},"loc":{"start":{"line":25,"column":59},"end":{"line":25,"column":108}},"line":25},"5":{"name":"(anonymous_5)","decl":{"start":{"line":31,"column":4},"end":{"line":31,"column":5}},"loc":{"start":{"line":31,"column":42},"end":{"line":33,"column":5}},"line":31},"6":{"name":"(anonymous_6)","decl":{"start":{"line":35,"column":4},"end":{"line":35,"column":5}},"loc":{"start":{"line":35,"column":49},"end":{"line":37,"column":5}},"line":35},"7":{"name":"(anonymous_7)","decl":{"start":{"line":39,"column":4},"end":{"line":39,"column":5}},"loc":{"start":{"line":39,"column":41},"end":{"line":41,"column":5}},"line":39},"8":{"name":"(anonymous_8)","decl":{"start":{"line":43,"column":4},"end":{"line":43,"column":5}},"loc":{"start":{"line":43,"column":39},"end":{"line":45,"column":5}},"line":43},"9":{"name":"(anonymous_9)","decl":{"start":{"line":47,"column":4},"end":{"line":47,"column":5}},"loc":{"start":{"line":47,"column":32},"end":{"line":49,"column":5}},"line":47},"10":{"name":"(anonymous_10)","decl":{"start":{"line":51,"column":4},"end":{"line":51,"column":5}},"loc":{"start":{"line":51,"column":47},"end":{"line":53,"column":5}},"line":51},"11":{"name":"(anonymous_11)","decl":{"start":{"line":55,"column":4},"end":{"line":55,"column":5}},"loc":{"start":{"line":55,"column":60},"end":{"line":57,"column":5}},"line":55},"12":{"name":"(anonymous_12)","decl":{"start":{"line":59,"column":4},"end":{"line":59,"column":5}},"loc":{"start":{"line":59,"column":38},"end":{"line":66,"column":5}},"line":59},"13":{"name":"(anonymous_13)","decl":{"start":{"line":68,"column":4},"end":{"line":68,"column":5}},"loc":{"start":{"line":68,"column":38},"end":{"line":70,"column":5}},"line":68}},"branchMap":{},"s":{"0":1,"1":1,"2":1,"3":1,"4":1,"5":1,"6":0,"7":0,"8":0,"9":0,"10":0,"11":0,"12":0,"13":0,"14":3,"15":1,"16":0,"17":0,"18":0,"19":0,"20":0,"21":0,"22":0,"23":0,"24":0,"25":0,"26":0},"f":{"0":1,"1":1,"2":0,"3":0,"4":0,"5":3,"6":1,"7":0,"8":0,"9":0,"10":0,"11":0,"12":0,"13":0},"b":{},"_coverageSchema":"1a1c01bbd47fc00a2c39e90264f33305004495a9","hash":"83013a7426cf05fcc927bfc3df0d8e5ae4e78981","contentHash":"679a005281f277c840ca91f7d08468d937b2c1d5a4790aab8d7c95ec33c30de1"},"/Users/oluwafemibabayemi/Documents/Personal-Project/e-commerce/src/services/transactionServices.js":{"path":"/Users/oluwafemibabayemi/Documents/Personal-Project/e-commerce/src/services/transactionServices.js","statementMap":{"0":{"start":{"line":7,"column":19},"end":{"line":7,"column":27}},"1":{"start":{"line":8,"column":27},"end":{"line":8,"column":34}},"2":{"start":{"line":9,"column":24},"end":{"line":18,"column":9}},"3":{"start":{"line":19,"column":8},"end":{"line":19,"column":72}},"4":{"start":{"line":23,"column":8},"end":{"line":23,"column":84}},"5":{"start":{"line":27,"column":8},"end":{"line":27,"column":84}}},"fnMap":{"0":{"name":"(anonymous_0)","decl":{"start":{"line":6,"column":4},"end":{"line":6,"column":5}},"loc":{"start":{"line":6,"column":50},"end":{"line":20,"column":5}},"line":6},"1":{"name":"(anonymous_1)","decl":{"start":{"line":22,"column":4},"end":{"line":22,"column":5}},"loc":{"start":{"line":22,"column":54},"end":{"line":24,"column":5}},"line":22},"2":{"name":"(anonymous_2)","decl":{"start":{"line":26,"column":4},"end":{"line":26,"column":5}},"loc":{"start":{"line":26,"column":51},"end":{"line":28,"column":5}},"line":26}},"branchMap":{},"s":{"0":0,"1":0,"2":0,"3":0,"4":0,"5":0},"f":{"0":0,"1":0,"2":0},"b":{},"_coverageSchema":"1a1c01bbd47fc00a2c39e90264f33305004495a9","hash":"2bf59693026b29c287e6cce2121955c497fbb08b","contentHash":"8f91e1f1f3de545d5f397b43fbce886af9452cc1be93b70a4c67ffaac6eaae86"},"/Users/oluwafemibabayemi/Documents/Personal-Project/e-commerce/src/services/index.js":{"path":"/Users/oluwafemibabayemi/Documents/Personal-Project/e-commerce/src/services/index.js","statementMap":{},"fnMap":{},"branchMap":{},"s":{},"f":{},"b":{},"_coverageSchema":"1a1c01bbd47fc00a2c39e90264f33305004495a9","hash":"d4ebb7e0c9333013342665d89c57fce65740e8ca","contentHash":"04ac49a4016668e1c29a2cca007ae6e1c14e69e3052847a783f67f732e0fff19"},"/Users/oluwafemibabayemi/Documents/Personal-Project/e-commerce/src/middleware/user/user.js":{"path":"/Users/oluwafemibabayemi/Documents/Personal-Project/e-commerce/src/middleware/user/user.js","statementMap":{"0":{"start":{"line":7,"column":8},"end":{"line":17,"column":9}},"1":{"start":{"line":8,"column":12},"end":{"line":8,"column":63}},"2":{"start":{"line":9,"column":12},"end":{"line":9,"column":19}},"3":{"start":{"line":11,"column":12},"end":{"line":16,"column":15}},"4":{"start":{"line":21,"column":8},"end":{"line":31,"column":9}},"5":{"start":{"line":22,"column":30},"end":{"line":22,"column":38}},"6":{"start":{"line":24,"column":25},"end":{"line":24,"column":67}},"7":{"start":{"line":26,"column":12},"end":{"line":28,"column":13}},"8":{"start":{"line":27,"column":16},"end":{"line":27,"column":72}},"9":{"start":{"line":30,"column":12},"end":{"line":30,"column":69}},"10":{"start":{"line":32,"column":8},"end":{"line":32,"column":15}},"11":{"start":{"line":36,"column":23},"end":{"line":36,"column":32}},"12":{"start":{"line":37,"column":23},"end":{"line":37,"column":60}},"13":{"start":{"line":38,"column":8},"end":{"line":40,"column":9}},"14":{"start":{"line":39,"column":12},"end":{"line":39,"column":26}},"15":{"start":{"line":41,"column":8},"end":{"line":41,"column":64}},"16":{"start":{"line":45,"column":38},"end":{"line":45,"column":46}},"17":{"start":{"line":46,"column":23},"end":{"line":46,"column":32}},"18":{"start":{"line":47,"column":8},"end":{"line":65,"column":9}},"19":{"start":{"line":48,"column":25},"end":{"line":48,"column":83}},"20":{"start":{"line":49,"column":12},"end":{"line":59,"column":13}},"21":{"start":{"line":50,"column":34},"end":{"line":50,"column":48}},"22":{"start":{"line":51,"column":16},"end":{"line":56,"column":17}},"23":{"start":{"line":52,"column":20},"end":{"line":55,"column":21}},"24":{"start":{"line":58,"column":16},"end":{"line":58,"column":83}},"25":{"start":{"line":61,"column":12},"end":{"line":64,"column":13}},"26":{"start":{"line":66,"column":8},"end":{"line":66,"column":15}},"27":{"start":{"line":70,"column":38},"end":{"line":70,"column":46}},"28":{"start":{"line":71,"column":23},"end":{"line":71,"column":32}},"29":{"start":{"line":72,"column":8},"end":{"line":90,"column":9}},"30":{"start":{"line":73,"column":25},"end":{"line":73,"column":83}},"31":{"start":{"line":74,"column":12},"end":{"line":84,"column":13}},"32":{"start":{"line":75,"column":36},"end":{"line":75,"column":65}},"33":{"start":{"line":76,"column":16},"end":{"line":81,"column":17}},"34":{"start":{"line":77,"column":20},"end":{"line":80,"column":21}},"35":{"start":{"line":83,"column":16},"end":{"line":83,"column":83}},"36":{"start":{"line":86,"column":12},"end":{"line":89,"column":13}},"37":{"start":{"line":91,"column":8},"end":{"line":91,"column":15}},"38":{"start":{"line":95,"column":26},"end":{"line":95,"column":34}},"39":{"start":{"line":96,"column":21},"end":{"line":96,"column":63}},"40":{"start":{"line":97,"column":26},"end":{"line":97,"column":40}},"41":{"start":{"line":98,"column":8},"end":{"line":100,"column":9}},"42":{"start":{"line":99,"column":12},"end":{"line":99,"column":26}},"43":{"start":{"line":101,"column":8},"end":{"line":101,"column":93}},"44":{"start":{"line":105,"column":8},"end":{"line":115,"column":9}},"45":{"start":{"line":106,"column":12},"end":{"line":106,"column":64}},"46":{"start":{"line":107,"column":12},"end":{"line":107,"column":19}},"47":{"start":{"line":109,"column":12},"end":{"line":114,"column":15}},"48":{"start":{"line":119,"column":26},"end":{"line":119,"column":34}},"49":{"start":{"line":120,"column":21},"end":{"line":120,"column":63}},"50":{"start":{"line":121,"column":8},"end":{"line":128,"column":9}},"51":{"start":{"line":122,"column":12},"end":{"line":122,"column":28}},"52":{"start":{"line":123,"column":12},"end":{"line":126,"column":13}},"53":{"start":{"line":127,"column":12},"end":{"line":127,"column":26}},"54":{"start":{"line":129,"column":8},"end":{"line":129,"column":66}},"55":{"start":{"line":133,"column":22},"end":{"line":133,"column":83}},"56":{"start":{"line":134,"column":8},"end":{"line":138,"column":10}},"57":{"start":{"line":142,"column":26},"end":{"line":142,"column":37}},"58":{"start":{"line":143,"column":8},"end":{"line":148,"column":9}},"59":{"start":{"line":144,"column":12},"end":{"line":147,"column":13}},"60":{"start":{"line":149,"column":8},"end":{"line":160,"column":9}},"61":{"start":{"line":150,"column":28},"end":{"line":150,"column":51}},"62":{"start":{"line":151,"column":12},"end":{"line":154,"column":13}},"63":{"start":{"line":155,"column":12},"end":{"line":155,"column":39}},"64":{"start":{"line":156,"column":12},"end":{"line":156,"column":19}},"65":{"start":{"line":159,"column":12},"end":{"line":159,"column":68}},"66":{"start":{"line":164,"column":26},"end":{"line":164,"column":41}},"67":{"start":{"line":165,"column":8},"end":{"line":174,"column":9}},"68":{"start":{"line":166,"column":25},"end":{"line":166,"column":67}},"69":{"start":{"line":167,"column":29},"end":{"line":167,"column":42}},"70":{"start":{"line":168,"column":12},"end":{"line":170,"column":13}},"71":{"start":{"line":169,"column":16},"end":{"line":169,"column":30}},"72":{"start":{"line":171,"column":12},"end":{"line":171,"column":78}},"73":{"start":{"line":173,"column":12},"end":{"line":173,"column":69}},"74":{"start":{"line":178,"column":8},"end":{"line":188,"column":9}},"75":{"start":{"line":179,"column":12},"end":{"line":179,"column":64}},"76":{"start":{"line":180,"column":12},"end":{"line":180,"column":19}},"77":{"start":{"line":182,"column":12},"end":{"line":187,"column":15}},"78":{"start":{"line":192,"column":38},"end":{"line":192,"column":46}},"79":{"start":{"line":193,"column":23},"end":{"line":193,"column":32}},"80":{"start":{"line":194,"column":8},"end":{"line":205,"column":9}},"81":{"start":{"line":195,"column":25},"end":{"line":195,"column":83}},"82":{"start":{"line":196,"column":12},"end":{"line":201,"column":13}},"83":{"start":{"line":197,"column":34},"end":{"line":197,"column":48}},"84":{"start":{"line":198,"column":16},"end":{"line":200,"column":17}},"85":{"start":{"line":199,"column":20},"end":{"line":199,"column":34}},"86":{"start":{"line":202,"column":12},"end":{"line":202,"column":97}},"87":{"start":{"line":204,"column":12},"end":{"line":204,"column":68}}},"fnMap":{"0":{"name":"(anonymous_0)","decl":{"start":{"line":6,"column":4},"end":{"line":6,"column":5}},"loc":{"start":{"line":6,"column":50},"end":{"line":18,"column":5}},"line":6},"1":{"name":"(anonymous_1)","decl":{"start":{"line":20,"column":4},"end":{"line":20,"column":5}},"loc":{"start":{"line":20,"column":44},"end":{"line":33,"column":5}},"line":20},"2":{"name":"(anonymous_2)","decl":{"start":{"line":35,"column":4},"end":{"line":35,"column":5}},"loc":{"start":{"line":35,"column":41},"end":{"line":42,"column":5}},"line":35},"3":{"name":"(anonymous_3)","decl":{"start":{"line":44,"column":4},"end":{"line":44,"column":5}},"loc":{"start":{"line":44,"column":43},"end":{"line":67,"column":5}},"line":44},"4":{"name":"(anonymous_4)","decl":{"start":{"line":69,"column":4},"end":{"line":69,"column":5}},"loc":{"start":{"line":69,"column":45},"end":{"line":92,"column":5}},"line":69},"5":{"name":"(anonymous_5)","decl":{"start":{"line":94,"column":4},"end":{"line":94,"column":5}},"loc":{"start":{"line":94,"column":51},"end":{"line":102,"column":5}},"line":94},"6":{"name":"(anonymous_6)","decl":{"start":{"line":104,"column":4},"end":{"line":104,"column":5}},"loc":{"start":{"line":104,"column":49},"end":{"line":116,"column":5}},"line":104},"7":{"name":"(anonymous_7)","decl":{"start":{"line":118,"column":4},"end":{"line":118,"column":5}},"loc":{"start":{"line":118,"column":43},"end":{"line":130,"column":5}},"line":118},"8":{"name":"(anonymous_8)","decl":{"start":{"line":132,"column":4},"end":{"line":132,"column":5}},"loc":{"start":{"line":132,"column":36},"end":{"line":139,"column":5}},"line":132},"9":{"name":"(anonymous_9)","decl":{"start":{"line":141,"column":4},"end":{"line":141,"column":5}},"loc":{"start":{"line":141,"column":45},"end":{"line":161,"column":5}},"line":141},"10":{"name":"(anonymous_10)","decl":{"start":{"line":163,"column":4},"end":{"line":163,"column":5}},"loc":{"start":{"line":163,"column":43},"end":{"line":175,"column":5}},"line":163},"11":{"name":"(anonymous_11)","decl":{"start":{"line":177,"column":4},"end":{"line":177,"column":5}},"loc":{"start":{"line":177,"column":49},"end":{"line":189,"column":5}},"line":177},"12":{"name":"(anonymous_12)","decl":{"start":{"line":191,"column":4},"end":{"line":191,"column":5}},"loc":{"start":{"line":191,"column":48},"end":{"line":206,"column":5}},"line":191}},"branchMap":{"0":{"loc":{"start":{"line":26,"column":12},"end":{"line":28,"column":13}},"type":"if","locations":[{"start":{"line":26,"column":12},"end":{"line":28,"column":13}},{"start":{"line":26,"column":12},"end":{"line":28,"column":13}}],"line":26},"1":{"loc":{"start":{"line":38,"column":8},"end":{"line":40,"column":9}},"type":"if","locations":[{"start":{"line":38,"column":8},"end":{"line":40,"column":9}},{"start":{"line":38,"column":8},"end":{"line":40,"column":9}}],"line":38},"2":{"loc":{"start":{"line":49,"column":12},"end":{"line":59,"column":13}},"type":"if","locations":[{"start":{"line":49,"column":12},"end":{"line":59,"column":13}},{"start":{"line":49,"column":12},"end":{"line":59,"column":13}}],"line":49},"3":{"loc":{"start":{"line":51,"column":16},"end":{"line":56,"column":17}},"type":"if","locations":[{"start":{"line":51,"column":16},"end":{"line":56,"column":17}},{"start":{"line":51,"column":16},"end":{"line":56,"column":17}}],"line":51},"4":{"loc":{"start":{"line":74,"column":12},"end":{"line":84,"column":13}},"type":"if","locations":[{"start":{"line":74,"column":12},"end":{"line":84,"column":13}},{"start":{"line":74,"column":12},"end":{"line":84,"column":13}}],"line":74},"5":{"loc":{"start":{"line":76,"column":16},"end":{"line":81,"column":17}},"type":"if","locations":[{"start":{"line":76,"column":16},"end":{"line":81,"column":17}},{"start":{"line":76,"column":16},"end":{"line":81,"column":17}}],"line":76},"6":{"loc":{"start":{"line":98,"column":8},"end":{"line":100,"column":9}},"type":"if","locations":[{"start":{"line":98,"column":8},"end":{"line":100,"column":9}},{"start":{"line":98,"column":8},"end":{"line":100,"column":9}}],"line":98},"7":{"loc":{"start":{"line":121,"column":8},"end":{"line":128,"column":9}},"type":"if","locations":[{"start":{"line":121,"column":8},"end":{"line":128,"column":9}},{"start":{"line":121,"column":8},"end":{"line":128,"column":9}}],"line":121},"8":{"loc":{"start":{"line":143,"column":8},"end":{"line":148,"column":9}},"type":"if","locations":[{"start":{"line":143,"column":8},"end":{"line":148,"column":9}},{"start":{"line":143,"column":8},"end":{"line":148,"column":9}}],"line":143},"9":{"loc":{"start":{"line":168,"column":12},"end":{"line":170,"column":13}},"type":"if","locations":[{"start":{"line":168,"column":12},"end":{"line":170,"column":13}},{"start":{"line":168,"column":12},"end":{"line":170,"column":13}}],"line":168},"10":{"loc":{"start":{"line":196,"column":12},"end":{"line":201,"column":13}},"type":"if","locations":[{"start":{"line":196,"column":12},"end":{"line":201,"column":13}},{"start":{"line":196,"column":12},"end":{"line":201,"column":13}}],"line":196},"11":{"loc":{"start":{"line":198,"column":16},"end":{"line":200,"column":17}},"type":"if","locations":[{"start":{"line":198,"column":16},"end":{"line":200,"column":17}},{"start":{"line":198,"column":16},"end":{"line":200,"column":17}}],"line":198}},"s":{"0":3,"1":3,"2":2,"3":1,"4":3,"5":3,"6":3,"7":2,"8":1,"9":1,"10":1,"11":3,"12":3,"13":3,"14":2,"15":1,"16":2,"17":2,"18":1,"19":1,"20":1,"21":1,"22":1,"23":0,"24":0,"25":0,"26":1,"27":2,"28":2,"29":2,"30":2,"31":2,"32":2,"33":2,"34":0,"35":0,"36":0,"37":2,"38":6,"39":6,"40":6,"41":6,"42":6,"43":0,"44":6,"45":6,"46":6,"47":0,"48":6,"49":6,"50":6,"51":6,"52":6,"53":6,"54":0,"55":0,"56":0,"57":15,"58":15,"59":0,"60":15,"61":15,"62":15,"63":15,"64":15,"65":0,"66":9,"67":9,"68":9,"69":9,"70":9,"71":9,"72":0,"73":0,"74":1,"75":1,"76":1,"77":0,"78":1,"79":1,"80":1,"81":1,"82":1,"83":1,"84":1,"85":1,"86":0,"87":0},"f":{"0":3,"1":3,"2":3,"3":2,"4":2,"5":6,"6":6,"7":6,"8":0,"9":15,"10":9,"11":1,"12":1},"b":{"0":[1,1],"1":[2,1],"2":[1,0],"3":[0,1],"4":[2,0],"5":[0,2],"6":[6,0],"7":[6,0],"8":[0,15],"9":[9,0],"10":[1,0],"11":[1,0]},"_coverageSchema":"1a1c01bbd47fc00a2c39e90264f33305004495a9","hash":"76616ebf3bf8df9feaf7a687b48d498ed5ce4b55","contentHash":"cc61dff266c77ae9e6aad41d37247f11bbf83b05d170e45f3541c410e85c8087"},"/Users/oluwafemibabayemi/Documents/Personal-Project/e-commerce/src/middleware/mail/mail.js":{"path":"/Users/oluwafemibabayemi/Documents/Personal-Project/e-commerce/src/middleware/mail/mail.js","statementMap":{"0":{"start":{"line":6,"column":21},"end":{"line":11,"column":9}},"1":{"start":{"line":13,"column":8},"end":{"line":18,"column":9}},"2":{"start":{"line":14,"column":29},"end":{"line":14,"column":62}},"3":{"start":{"line":15,"column":12},"end":{"line":15,"column":44}},"4":{"start":{"line":17,"column":12},"end":{"line":17,"column":40}},"5":{"start":{"line":22,"column":21},"end":{"line":27,"column":9}},"6":{"start":{"line":29,"column":8},"end":{"line":34,"column":9}},"7":{"start":{"line":30,"column":29},"end":{"line":30,"column":62}},"8":{"start":{"line":31,"column":12},"end":{"line":31,"column":44}},"9":{"start":{"line":33,"column":12},"end":{"line":33,"column":40}},"10":{"start":{"line":38,"column":21},"end":{"line":43,"column":9}},"11":{"start":{"line":45,"column":8},"end":{"line":50,"column":9}},"12":{"start":{"line":46,"column":29},"end":{"line":46,"column":62}},"13":{"start":{"line":47,"column":12},"end":{"line":47,"column":44}},"14":{"start":{"line":49,"column":12},"end":{"line":49,"column":40}},"15":{"start":{"line":54,"column":21},"end":{"line":59,"column":9}},"16":{"start":{"line":61,"column":8},"end":{"line":66,"column":9}},"17":{"start":{"line":62,"column":29},"end":{"line":62,"column":62}},"18":{"start":{"line":63,"column":12},"end":{"line":63,"column":44}},"19":{"start":{"line":65,"column":12},"end":{"line":65,"column":40}},"20":{"start":{"line":70,"column":21},"end":{"line":75,"column":9}},"21":{"start":{"line":77,"column":8},"end":{"line":82,"column":9}},"22":{"start":{"line":78,"column":29},"end":{"line":78,"column":62}},"23":{"start":{"line":79,"column":12},"end":{"line":79,"column":44}},"24":{"start":{"line":81,"column":12},"end":{"line":81,"column":40}},"25":{"start":{"line":86,"column":8},"end":{"line":100,"column":9}},"26":{"start":{"line":87,"column":12},"end":{"line":99,"column":14}},"27":{"start":{"line":88,"column":16},"end":{"line":98,"column":19}},"28":{"start":{"line":89,"column":20},"end":{"line":97,"column":21}},"29":{"start":{"line":90,"column":24},"end":{"line":94,"column":26}},"30":{"start":{"line":96,"column":24},"end":{"line":96,"column":58}}},"fnMap":{"0":{"name":"(anonymous_0)","decl":{"start":{"line":5,"column":4},"end":{"line":5,"column":5}},"loc":{"start":{"line":5,"column":91},"end":{"line":19,"column":5}},"line":5},"1":{"name":"(anonymous_1)","decl":{"start":{"line":21,"column":4},"end":{"line":21,"column":5}},"loc":{"start":{"line":21,"column":78},"end":{"line":35,"column":5}},"line":21},"2":{"name":"(anonymous_2)","decl":{"start":{"line":37,"column":4},"end":{"line":37,"column":5}},"loc":{"start":{"line":37,"column":97},"end":{"line":51,"column":5}},"line":37},"3":{"name":"(anonymous_3)","decl":{"start":{"line":53,"column":4},"end":{"line":53,"column":5}},"loc":{"start":{"line":53,"column":65},"end":{"line":67,"column":5}},"line":53},"4":{"name":"(anonymous_4)","decl":{"start":{"line":69,"column":4},"end":{"line":69,"column":5}},"loc":{"start":{"line":69,"column":71},"end":{"line":83,"column":5}},"line":69},"5":{"name":"(anonymous_5)","decl":{"start":{"line":85,"column":4},"end":{"line":85,"column":5}},"loc":{"start":{"line":85,"column":40},"end":{"line":101,"column":5}},"line":85},"6":{"name":"(anonymous_6)","decl":{"start":{"line":87,"column":31},"end":{"line":87,"column":32}},"loc":{"start":{"line":87,"column":52},"end":{"line":99,"column":13}},"line":87},"7":{"name":"(anonymous_7)","decl":{"start":{"line":88,"column":41},"end":{"line":88,"column":42}},"loc":{"start":{"line":88,"column":56},"end":{"line":98,"column":17}},"line":88}},"branchMap":{"0":{"loc":{"start":{"line":86,"column":8},"end":{"line":100,"column":9}},"type":"if","locations":[{"start":{"line":86,"column":8},"end":{"line":100,"column":9}},{"start":{"line":86,"column":8},"end":{"line":100,"column":9}}],"line":86},"1":{"loc":{"start":{"line":89,"column":20},"end":{"line":97,"column":21}},"type":"if","locations":[{"start":{"line":89,"column":20},"end":{"line":97,"column":21}},{"start":{"line":89,"column":20},"end":{"line":97,"column":21}}],"line":89}},"s":{"0":1,"1":1,"2":1,"3":1,"4":0,"5":1,"6":1,"7":1,"8":1,"9":0,"10":1,"11":1,"12":1,"13":1,"14":0,"15":1,"16":1,"17":1,"18":1,"19":0,"20":1,"21":1,"22":1,"23":1,"24":0,"25":5,"26":0,"27":0,"28":0,"29":0,"30":0},"f":{"0":1,"1":1,"2":1,"3":1,"4":1,"5":5,"6":0,"7":0},"b":{"0":[0,5],"1":[0,0]},"_coverageSchema":"1a1c01bbd47fc00a2c39e90264f33305004495a9","hash":"b237e72ad0638b25935a8a06bd0215e4576f274e","contentHash":"083a63d69b2a9d44889eacbfd159979ac487a91063a7a9533d49767a53589da0"},"/Users/oluwafemibabayemi/Documents/Personal-Project/e-commerce/src/middleware/category/category.js":{"path":"/Users/oluwafemibabayemi/Documents/Personal-Project/e-commerce/src/middleware/category/category.js","statementMap":{"0":{"start":{"line":7,"column":8},"end":{"line":17,"column":9}},"1":{"start":{"line":8,"column":12},"end":{"line":8,"column":67}},"2":{"start":{"line":9,"column":12},"end":{"line":9,"column":19}},"3":{"start":{"line":11,"column":12},"end":{"line":16,"column":15}},"4":{"start":{"line":21,"column":8},"end":{"line":33,"column":9}},"5":{"start":{"line":22,"column":37},"end":{"line":22,"column":45}},"6":{"start":{"line":24,"column":25},"end":{"line":24,"column":82}},"7":{"start":{"line":25,"column":12},"end":{"line":30,"column":13}},"8":{"start":{"line":26,"column":16},"end":{"line":29,"column":17}},"9":{"start":{"line":32,"column":12},"end":{"line":32,"column":69}},"10":{"start":{"line":34,"column":8},"end":{"line":34,"column":15}},"11":{"start":{"line":38,"column":23},"end":{"line":38,"column":33}},"12":{"start":{"line":39,"column":27},"end":{"line":39,"column":68}},"13":{"start":{"line":40,"column":8},"end":{"line":42,"column":9}},"14":{"start":{"line":41,"column":12},"end":{"line":41,"column":26}},"15":{"start":{"line":43,"column":8},"end":{"line":43,"column":68}}},"fnMap":{"0":{"name":"(anonymous_0)","decl":{"start":{"line":6,"column":4},"end":{"line":6,"column":5}},"loc":{"start":{"line":6,"column":50},"end":{"line":18,"column":5}},"line":6},"1":{"name":"(anonymous_1)","decl":{"start":{"line":20,"column":4},"end":{"line":20,"column":5}},"loc":{"start":{"line":20,"column":42},"end":{"line":35,"column":5}},"line":20},"2":{"name":"(anonymous_2)","decl":{"start":{"line":37,"column":4},"end":{"line":37,"column":5}},"loc":{"start":{"line":37,"column":49},"end":{"line":44,"column":5}},"line":37}},"branchMap":{"0":{"loc":{"start":{"line":25,"column":12},"end":{"line":30,"column":13}},"type":"if","locations":[{"start":{"line":25,"column":12},"end":{"line":30,"column":13}},{"start":{"line":25,"column":12},"end":{"line":30,"column":13}}],"line":25},"1":{"loc":{"start":{"line":40,"column":8},"end":{"line":42,"column":9}},"type":"if","locations":[{"start":{"line":40,"column":8},"end":{"line":42,"column":9}},{"start":{"line":40,"column":8},"end":{"line":42,"column":9}}],"line":40}},"s":{"0":1,"1":1,"2":1,"3":0,"4":1,"5":1,"6":1,"7":1,"8":0,"9":0,"10":1,"11":1,"12":1,"13":1,"14":1,"15":0},"f":{"0":1,"1":1,"2":1},"b":{"0":[0,1],"1":[1,0]},"_coverageSchema":"1a1c01bbd47fc00a2c39e90264f33305004495a9","hash":"18c25abb6cc5513e041a67e79a280b4c249460d8","contentHash":"47dad62cbf03d113ebbc36f9814a1dbbcd92c1bd568d4d119b195dbcdb28c0df"},"/Users/oluwafemibabayemi/Documents/Personal-Project/e-commerce/src/middleware/subCategory/subCategory.js":{"path":"/Users/oluwafemibabayemi/Documents/Personal-Project/e-commerce/src/middleware/subCategory/subCategory.js","statementMap":{"0":{"start":{"line":7,"column":8},"end":{"line":17,"column":9}},"1":{"start":{"line":8,"column":12},"end":{"line":8,"column":70}},"2":{"start":{"line":9,"column":12},"end":{"line":9,"column":19}},"3":{"start":{"line":11,"column":12},"end":{"line":16,"column":15}},"4":{"start":{"line":21,"column":8},"end":{"line":30,"column":9}},"5":{"start":{"line":22,"column":45},"end":{"line":22,"column":53}},"6":{"start":{"line":24,"column":25},"end":{"line":24,"column":96}},"7":{"start":{"line":25,"column":12},"end":{"line":27,"column":13}},"8":{"start":{"line":26,"column":16},"end":{"line":26,"column":80}},"9":{"start":{"line":29,"column":12},"end":{"line":29,"column":69}},"10":{"start":{"line":31,"column":8},"end":{"line":31,"column":15}},"11":{"start":{"line":35,"column":23},"end":{"line":35,"column":33}},"12":{"start":{"line":36,"column":30},"end":{"line":36,"column":85}},"13":{"start":{"line":37,"column":8},"end":{"line":39,"column":9}},"14":{"start":{"line":38,"column":12},"end":{"line":38,"column":26}},"15":{"start":{"line":40,"column":8},"end":{"line":40,"column":72}}},"fnMap":{"0":{"name":"(anonymous_0)","decl":{"start":{"line":6,"column":4},"end":{"line":6,"column":5}},"loc":{"start":{"line":6,"column":50},"end":{"line":18,"column":5}},"line":6},"1":{"name":"(anonymous_1)","decl":{"start":{"line":20,"column":4},"end":{"line":20,"column":5}},"loc":{"start":{"line":20,"column":45},"end":{"line":32,"column":5}},"line":20},"2":{"name":"(anonymous_2)","decl":{"start":{"line":34,"column":4},"end":{"line":34,"column":5}},"loc":{"start":{"line":34,"column":52},"end":{"line":41,"column":5}},"line":34}},"branchMap":{"0":{"loc":{"start":{"line":25,"column":12},"end":{"line":27,"column":13}},"type":"if","locations":[{"start":{"line":25,"column":12},"end":{"line":27,"column":13}},{"start":{"line":25,"column":12},"end":{"line":27,"column":13}}],"line":25},"1":{"loc":{"start":{"line":37,"column":8},"end":{"line":39,"column":9}},"type":"if","locations":[{"start":{"line":37,"column":8},"end":{"line":39,"column":9}},{"start":{"line":37,"column":8},"end":{"line":39,"column":9}}],"line":37}},"s":{"0":1,"1":1,"2":1,"3":0,"4":1,"5":1,"6":1,"7":1,"8":0,"9":0,"10":1,"11":1,"12":1,"13":1,"14":1,"15":0},"f":{"0":1,"1":1,"2":1},"b":{"0":[0,1],"1":[1,0]},"_coverageSchema":"1a1c01bbd47fc00a2c39e90264f33305004495a9","hash":"41ae9a5ea3d7a86606c4b164a24bdc12d0f9e3ed","contentHash":"ca5fa03c169cba89a3ccb84d34ca9ba9b04a74d9cdb78f2291c81eb9a129c6cf"},"/Users/oluwafemibabayemi/Documents/Personal-Project/e-commerce/src/middleware/product/product.js":{"path":"/Users/oluwafemibabayemi/Documents/Personal-Project/e-commerce/src/middleware/product/product.js","statementMap":{"0":{"start":{"line":7,"column":8},"end":{"line":17,"column":9}},"1":{"start":{"line":8,"column":12},"end":{"line":8,"column":66}},"2":{"start":{"line":9,"column":12},"end":{"line":9,"column":19}},"3":{"start":{"line":11,"column":12},"end":{"line":16,"column":15}},"4":{"start":{"line":21,"column":8},"end":{"line":30,"column":9}},"5":{"start":{"line":22,"column":37},"end":{"line":22,"column":45}},"6":{"start":{"line":24,"column":25},"end":{"line":24,"column":80}},"7":{"start":{"line":25,"column":12},"end":{"line":27,"column":13}},"8":{"start":{"line":26,"column":16},"end":{"line":26,"column":75}},"9":{"start":{"line":29,"column":12},"end":{"line":29,"column":69}},"10":{"start":{"line":31,"column":8},"end":{"line":31,"column":15}},"11":{"start":{"line":35,"column":41},"end":{"line":35,"column":51}},"12":{"start":{"line":36,"column":24},"end":{"line":36,"column":91}},"13":{"start":{"line":37,"column":8},"end":{"line":37,"column":83}},"14":{"start":{"line":38,"column":8},"end":{"line":40,"column":9}},"15":{"start":{"line":39,"column":12},"end":{"line":39,"column":26}},"16":{"start":{"line":41,"column":8},"end":{"line":41,"column":69}},"17":{"start":{"line":45,"column":23},"end":{"line":45,"column":33}},"18":{"start":{"line":46,"column":26},"end":{"line":46,"column":73}},"19":{"start":{"line":47,"column":8},"end":{"line":49,"column":9}},"20":{"start":{"line":48,"column":12},"end":{"line":48,"column":26}},"21":{"start":{"line":50,"column":8},"end":{"line":50,"column":69}},"22":{"start":{"line":54,"column":8},"end":{"line":64,"column":9}},"23":{"start":{"line":55,"column":12},"end":{"line":55,"column":70}},"24":{"start":{"line":56,"column":12},"end":{"line":56,"column":19}},"25":{"start":{"line":58,"column":12},"end":{"line":63,"column":15}}},"fnMap":{"0":{"name":"(anonymous_0)","decl":{"start":{"line":6,"column":4},"end":{"line":6,"column":5}},"loc":{"start":{"line":6,"column":50},"end":{"line":18,"column":5}},"line":6},"1":{"name":"(anonymous_1)","decl":{"start":{"line":20,"column":4},"end":{"line":20,"column":5}},"loc":{"start":{"line":20,"column":41},"end":{"line":32,"column":5}},"line":20},"2":{"name":"(anonymous_2)","decl":{"start":{"line":34,"column":4},"end":{"line":34,"column":5}},"loc":{"start":{"line":34,"column":46},"end":{"line":42,"column":5}},"line":34},"3":{"name":"(anonymous_3)","decl":{"start":{"line":44,"column":4},"end":{"line":44,"column":5}},"loc":{"start":{"line":44,"column":48},"end":{"line":51,"column":5}},"line":44},"4":{"name":"(anonymous_4)","decl":{"start":{"line":53,"column":4},"end":{"line":53,"column":5}},"loc":{"start":{"line":53,"column":51},"end":{"line":65,"column":5}},"line":53}},"branchMap":{"0":{"loc":{"start":{"line":25,"column":12},"end":{"line":27,"column":13}},"type":"if","locations":[{"start":{"line":25,"column":12},"end":{"line":27,"column":13}},{"start":{"line":25,"column":12},"end":{"line":27,"column":13}}],"line":25},"1":{"loc":{"start":{"line":38,"column":8},"end":{"line":40,"column":9}},"type":"if","locations":[{"start":{"line":38,"column":8},"end":{"line":40,"column":9}},{"start":{"line":38,"column":8},"end":{"line":40,"column":9}}],"line":38},"2":{"loc":{"start":{"line":47,"column":8},"end":{"line":49,"column":9}},"type":"if","locations":[{"start":{"line":47,"column":8},"end":{"line":49,"column":9}},{"start":{"line":47,"column":8},"end":{"line":49,"column":9}}],"line":47}},"s":{"0":1,"1":1,"2":1,"3":0,"4":1,"5":1,"6":1,"7":1,"8":0,"9":0,"10":1,"11":0,"12":0,"13":0,"14":0,"15":0,"16":0,"17":1,"18":1,"19":1,"20":1,"21":0,"22":1,"23":1,"24":1,"25":0},"f":{"0":1,"1":1,"2":0,"3":1,"4":1},"b":{"0":[0,1],"1":[0,0],"2":[1,0]},"_coverageSchema":"1a1c01bbd47fc00a2c39e90264f33305004495a9","hash":"6bb913028868c04f5ff7e6cbf87df198a6d32d05","contentHash":"fc17d324420c406dc02ec680df64f92e4acc8d2569cdeb81dce80513f1b14bb2"},"/Users/oluwafemibabayemi/Documents/Personal-Project/e-commerce/src/middleware/multer/multer.js":{"path":"/Users/oluwafemibabayemi/Documents/Personal-Project/e-commerce/src/middleware/multer/multer.js","statementMap":{"0":{"start":{"line":3,"column":16},"end":{"line":3,"column":38}},"1":{"start":{"line":5,"column":15},"end":{"line":5,"column":58}}},"fnMap":{},"branchMap":{},"s":{"0":1,"1":1},"f":{},"b":{},"_coverageSchema":"1a1c01bbd47fc00a2c39e90264f33305004495a9","hash":"b1512b04c894bdb47a5d4bdb9bc25bc4ffe1b105","contentHash":"a2a0d9b42971da9a40f538974f6302ace076de7aef0b68c2dfabfbf9c79ca3be"},"/Users/oluwafemibabayemi/Documents/Personal-Project/e-commerce/src/middleware/order/order.js":{"path":"/Users/oluwafemibabayemi/Documents/Personal-Project/e-commerce/src/middleware/order/order.js","statementMap":{"0":{"start":{"line":7,"column":8},"end":{"line":17,"column":9}},"1":{"start":{"line":8,"column":12},"end":{"line":8,"column":71}},"2":{"start":{"line":9,"column":12},"end":{"line":9,"column":19}},"3":{"start":{"line":11,"column":12},"end":{"line":16,"column":15}},"4":{"start":{"line":21,"column":23},"end":{"line":21,"column":33}},"5":{"start":{"line":22,"column":24},"end":{"line":22,"column":81}},"6":{"start":{"line":23,"column":8},"end":{"line":25,"column":9}},"7":{"start":{"line":24,"column":12},"end":{"line":24,"column":26}},"8":{"start":{"line":26,"column":8},"end":{"line":26,"column":67}}},"fnMap":{"0":{"name":"(anonymous_0)","decl":{"start":{"line":6,"column":4},"end":{"line":6,"column":5}},"loc":{"start":{"line":6,"column":50},"end":{"line":18,"column":5}},"line":6},"1":{"name":"(anonymous_1)","decl":{"start":{"line":20,"column":4},"end":{"line":20,"column":5}},"loc":{"start":{"line":20,"column":53},"end":{"line":27,"column":5}},"line":20}},"branchMap":{"0":{"loc":{"start":{"line":23,"column":8},"end":{"line":25,"column":9}},"type":"if","locations":[{"start":{"line":23,"column":8},"end":{"line":25,"column":9}},{"start":{"line":23,"column":8},"end":{"line":25,"column":9}}],"line":23}},"s":{"0":1,"1":1,"2":1,"3":0,"4":2,"5":2,"6":2,"7":2,"8":0},"f":{"0":1,"1":2},"b":{"0":[2,0]},"_coverageSchema":"1a1c01bbd47fc00a2c39e90264f33305004495a9","hash":"ee81f3bc391bb07dffcbc26cd6204bccae5824ac","contentHash":"dd635d0f8aa7a9d2feb5c98ee66cce1bb31fc18f167d0d2b45cafa99115b0f99"},"/Users/oluwafemibabayemi/Documents/Personal-Project/e-commerce/src/middleware/cart/cart.js":{"path":"/Users/oluwafemibabayemi/Documents/Personal-Project/e-commerce/src/middleware/cart/cart.js","statementMap":{"0":{"start":{"line":7,"column":23},"end":{"line":7,"column":33}},"1":{"start":{"line":8,"column":26},"end":{"line":8,"column":74}},"2":{"start":{"line":9,"column":8},"end":{"line":11,"column":9}},"3":{"start":{"line":10,"column":12},"end":{"line":10,"column":26}},"4":{"start":{"line":12,"column":8},"end":{"line":12,"column":66}},"5":{"start":{"line":16,"column":26},"end":{"line":16,"column":41}},"6":{"start":{"line":17,"column":21},"end":{"line":17,"column":63}},"7":{"start":{"line":18,"column":24},"end":{"line":18,"column":31}},"8":{"start":{"line":19,"column":21},"end":{"line":19,"column":64}},"9":{"start":{"line":20,"column":8},"end":{"line":22,"column":9}},"10":{"start":{"line":21,"column":12},"end":{"line":21,"column":26}},"11":{"start":{"line":23,"column":8},"end":{"line":23,"column":66}},"12":{"start":{"line":27,"column":26},"end":{"line":27,"column":41}},"13":{"start":{"line":28,"column":21},"end":{"line":28,"column":63}},"14":{"start":{"line":29,"column":24},"end":{"line":29,"column":31}},"15":{"start":{"line":30,"column":21},"end":{"line":30,"column":64}},"16":{"start":{"line":31,"column":28},"end":{"line":31,"column":78}},"17":{"start":{"line":32,"column":8},"end":{"line":34,"column":9}},"18":{"start":{"line":33,"column":12},"end":{"line":33,"column":26}},"19":{"start":{"line":35,"column":8},"end":{"line":35,"column":60}},"20":{"start":{"line":39,"column":8},"end":{"line":53,"column":9}},"21":{"start":{"line":40,"column":30},"end":{"line":40,"column":45}},"22":{"start":{"line":41,"column":25},"end":{"line":41,"column":67}},"23":{"start":{"line":42,"column":28},"end":{"line":42,"column":35}},"24":{"start":{"line":43,"column":25},"end":{"line":43,"column":68}},"25":{"start":{"line":44,"column":35},"end":{"line":44,"column":45}},"26":{"start":{"line":45,"column":12},"end":{"line":50,"column":13}},"27":{"start":{"line":46,"column":29},"end":{"line":46,"column":93}},"28":{"start":{"line":47,"column":16},"end":{"line":49,"column":17}},"29":{"start":{"line":48,"column":20},"end":{"line":48,"column":87}},"30":{"start":{"line":52,"column":12},"end":{"line":52,"column":69}},"31":{"start":{"line":54,"column":8},"end":{"line":54,"column":15}},"32":{"start":{"line":58,"column":8},"end":{"line":67,"column":9}},"33":{"start":{"line":59,"column":35},"end":{"line":59,"column":45}},"34":{"start":{"line":60,"column":28},"end":{"line":60,"column":91}},"35":{"start":{"line":61,"column":12},"end":{"line":63,"column":13}},"36":{"start":{"line":62,"column":16},"end":{"line":62,"column":104}},"37":{"start":{"line":66,"column":12},"end":{"line":66,"column":70}},"38":{"start":{"line":68,"column":8},"end":{"line":68,"column":15}},"39":{"start":{"line":72,"column":8},"end":{"line":86,"column":9}},"40":{"start":{"line":73,"column":27},"end":{"line":73,"column":37}},"41":{"start":{"line":74,"column":31},"end":{"line":74,"column":72}},"42":{"start":{"line":75,"column":28},"end":{"line":75,"column":91}},"43":{"start":{"line":76,"column":29},"end":{"line":76,"column":49}},"44":{"start":{"line":78,"column":12},"end":{"line":82,"column":13}},"45":{"start":{"line":79,"column":16},"end":{"line":79,"column":40}},"46":{"start":{"line":81,"column":16},"end":{"li
[...]
[{"start":{"line":18,"column":19},"end":{"line":21,"column":13}},{"start":{"line":18,"column":19},"end":{"line":21,"column":13}}],"line":18},"2":{"loc":{"start":{"line":36,"column":19},"end":{"line":38,"column":70}},"type":"cond-expr","locations":[{"start":{"line":37,"column":18},"end":{"line":37,"column":76}},{"start":{"line":38,"column":18},"end":{"line":38,"column":70}}],"line":36},"3":{"loc":{"start":{"line":50,"column":12},"end":{"line":55,"column":13}},"type":"if","locations":[{"start":{"line":50,"column":12},"end":{"line":55,"column":13}},{"start":{"line":50,"column":12},"end":{"line":55,"column":13}}],"line":50},"4":{"loc":{"start":{"line":53,"column":19},"end":{"line":55,"column":13}},"type":"if","locations":[{"start":{"line":53,"column":19},"end":{"line":55,"column":13}},{"start":{"line":53,"column":19},"end":{"line":55,"column":13}}],"line":53},"5":{"loc":{"start":{"line":66,"column":19},"end":{"line":68,"column":78}},"type":"cond-expr","locations":[{"start":{"line":67,"column":18},"end":{"line":67,"column":77}},{"start":{"line":68,"column":18},"end":{"line":68,"column":78}}],"line":66},"6":{"loc":{"start":{"line":78,"column":19},"end":{"line":80,"column":74}},"type":"cond-expr","locations":[{"start":{"line":79,"column":18},"end":{"line":79,"column":69}},{"start":{"line":80,"column":18},"end":{"line":80,"column":74}}],"line":78},"7":{"loc":{"start":{"line":93,"column":19},"end":{"line":95,"column":73}},"type":"cond-expr","locations":[{"start":{"line":94,"column":18},"end":{"line":94,"column":73}},{"start":{"line":95,"column":18},"end":{"line":95,"column":73}}],"line":93}},"s":{"0":1,"1":1,"2":1,"3":1,"4":1,"5":1,"6":1,"7":1,"8":1,"9":1,"10":1,"11":0,"12":0,"13":0,"14":0,"15":0,"16":1,"17":1,"18":1,"19":1,"20":1,"21":1,"22":1,"23":0,"24":0,"25":0,"26":0,"27":0,"28":0,"29":0,"30":0,"31":0,"32":0,"33":0,"34":0,"35":0,"36":0,"37":0,"38":0,"39":0,"40":0,"41":0,"42":0,"43":0,"44":0,"45":0,"46":0,"47":0,"48":0,"49":0,"50":0,"51":0,"52":0},"f":{"0":1,"1":1,"2":0,"3":0,"4":0,"5":0},"b":{"0":[1,0],"1":[0,0],"2":[1,0],"3":[0,0],"4":[0,0],"5":[0,0],"6":[0,0],"7":[0,0]},"_coverageSchema":"1a1c01bbd47fc00a2c39e90264f33305004495a9","hash":"b8f7d91f8083f05e7ecb386f4c31b5fee4f645de","contentHash":"26d835c7f10d85d9e2524c13bc652055b3665143cab238df68e2a75492e1b68a"},"/Users/oluwafemibabayemi/Documents/Personal-Project/e-commerce/src/controllers/transaction/index.js":{"path":"/Users/oluwafemibabayemi/Documents/Personal-Project/e-commerce/src/controllers/transaction/index.js","statementMap":{"0":{"start":{"line":9,"column":26},"end":{"line":9,"column":41}},"1":{"start":{"line":10,"column":8},"end":{"line":31,"column":9}},"2":{"start":{"line":13,"column":16},"end":{"line":13,"column":24}},"3":{"start":{"line":14,"column":28},"end":{"line":25,"column":13}},"4":{"start":{"line":26,"column":32},"end":{"line":26,"column":52}},"5":{"start":{"line":27,"column":29},"end":{"line":27,"column":45}},"6":{"start":{"line":28,"column":12},"end":{"line":28,"column":33}},"7":{"start":{"line":30,"column":12},"end":{"line":30,"column":70}},"8":{"start":{"line":35,"column":26},"end":{"line":35,"column":41}},"9":{"start":{"line":36,"column":8},"end":{"line":67,"column":9}},"10":{"start":{"line":37,"column":25},"end":{"line":37,"column":67}},"11":{"start":{"line":38,"column":25},"end":{"line":38,"column":68}},"12":{"start":{"line":39,"column":27},"end":{"line":39,"column":69}},"13":{"start":{"line":45,"column":16},"end":{"line":45,"column":24}},"14":{"start":{"line":46,"column":28},"end":{"line":60,"column":13}},"15":{"start":{"line":61,"column":32},"end":{"line":61,"column":52}},"16":{"start":{"line":62,"column":29},"end":{"line":62,"column":45}},"17":{"start":{"line":63,"column":12},"end":{"line":63,"column":83}},"18":{"start":{"line":64,"column":12},"end":{"line":64,"column":33}},"19":{"start":{"line":66,"column":12},"end":{"line":66,"column":70}},"20":{"start":{"line":71,"column":8},"end":{"line":91,"column":9}},"21":{"start":{"line":72,"column":34},"end":{"line":72,"column":44}},"22":{"start":{"line":73,"column":28},"end":{"line":80,"column":13}},"23":{"start":{"line":81,"column":38},"end":{"line":81,"column":58}},"24":{"start":{"line":82,"column":29},"end":{"line":82,"column":51}},"25":{"start":{"line":83,"column":12},"end":{"line":87,"column":13}},"26":{"start":{"line":84,"column":16},"end":{"line":84,"column":81}},"27":{"start":{"line":86,"column":16},"end":{"line":86,"column":80}},"28":{"start":{"line":88,"column":12},"end":{"line":88,"column":33}},"29":{"start":{"line":90,"column":12},"end":{"line":90,"column":70}},"30":{"start":{"line":95,"column":8},"end":{"line":113,"column":9}},"31":{"start":{"line":96,"column":34},"end":{"line":96,"column":44}},"32":{"start":{"line":97,"column":31},"end":{"line":97,"column":39}},"33":{"start":{"line":98,"column":28},"end":{"line":107,"column":13}},"34":{"start":{"line":108,"column":27},"end":{"line":108,"column":47}},"35":{"start":{"line":109,"column":29},"end":{"line":109,"column":40}},"36":{"start":{"line":110,"column":12},"end":{"line":110,"column":33}},"37":{"start":{"line":112,"column":12},"end":{"line":112,"column":70}}},"fnMap":{"0":{"name":"(anonymous_0)","decl":{"start":{"line":8,"column":4},"end":{"line":8,"column":5}},"loc":{"start":{"line":8,"column":39},"end":{"line":32,"column":5}},"line":8},"1":{"name":"(anonymous_1)","decl":{"start":{"line":34,"column":4},"end":{"line":34,"column":5}},"loc":{"start":{"line":34,"column":39},"end":{"line":68,"column":5}},"line":34},"2":{"name":"(anonymous_2)","decl":{"start":{"line":70,"column":4},"end":{"line":70,"column":5}},"loc":{"start":{"line":70,"column":41},"end":{"line":92,"column":5}},"line":70},"3":{"name":"(anonymous_3)","decl":{"start":{"line":94,"column":4},"end":{"line":94,"column":5}},"loc":{"start":{"line":94,"column":41},"end":{"line":114,"column":5}},"line":94}},"branchMap":{"0":{"loc":{"start":{"line":83,"column":12},"end":{"line":87,"column":13}},"type":"if","locations":[{"start":{"line":83,"column":12},"end":{"line":87,"column":13}},{"start":{"line":83,"column":12},"end":{"line":87,"column":13}}],"line":83}},"s":{"0":0,"1":0,"2":0,"3":0,"4":0,"5":0,"6":0,"7":0,"8":0,"9":0,"10":0,"11":0,"12":0,"13":0,"14":0,"15":0,"16":0,"17":0,"18":0,"19":0,"20":0,"21":0,"22":0,"23":0,"24":0,"25":0,"26":0,"27":0,"28":0,"29":0,"30":0,"31":0,"32":0,"33":0,"34":0,"35":0,"36":0,"37":0},"f":{"0":0,"1":0,"2":0,"3":0},"b":{"0":[0,0]},"_coverageSchema":"1a1c01bbd47fc00a2c39e90264f33305004495a9","hash":"58b75f507abe7a00d17355971ae9c3ff212aa42f","contentHash":"b1b1dc022061ed1cbc6e831ea2d7b671e931d90c33a3d9e458dc468a5fce6f38"},"/Users/oluwafemibabayemi/Documents/Personal-Project/e-commerce/src/controllers/index.js":{"path":"/Users/oluwafemibabayemi/Documents/Personal-Project/e-commerce/src/controllers/index.js","statementMap":{},"fnMap":{},"branchMap":{},"s":{},"f":{},"b":{},"_coverageSchema":"1a1c01bbd47fc00a2c39e90264f33305004495a9","hash":"4ba588ac672d7f37e7fdf412ad51ee8448fdd708","contentHash":"d2ea87b3ecf81436a515ee97f3b94ae211bcd608fb5a07542243134313d55263"},"/Users/oluwafemibabayemi/Documents/Personal-Project/e-commerce/src/routes/users.js":{"path":"/Users/oluwafemibabayemi/Documents/Personal-Project/e-commerce/src/routes/users.js","statementMap":{"0":{"start":{"line":5,"column":15},"end":{"line":5,"column":27}},"1":{"start":{"line":7,"column":0},"end":{"line":7,"column":108}},"2":{"start":{"line":8,"column":0},"end":{"line":8,"column":148}},"3":{"start":{"line":9,"column":0},"end":{"line":9,"column":91}},"4":{"start":{"line":10,"column":0},"end":{"line":10,"column":136}},"5":{"start":{"line":11,"column":0},"end":{"line":11,"column":94}},"6":{"start":{"line":12,"column":0},"end":{"line":12,"column":118}}},"fnMap":{},"branchMap":{},"s":{"0":1,"1":1,"2":1,"3":1,"4":1,"5":1,"6":1},"f":{},"b":{},"_coverageSchema":"1a1c01bbd47fc00a2c39e90264f33305004495a9","hash":"f5ce384e1896b4bc15f4738e81198e765fae94b4","contentHash":"7105f12c16e7128f756d044ed61e23aa8b1762ae10767db3be34e3f1b5d955ca"},"/Users/oluwafemibabayemi/Documents/Personal-Project/e-commerce/src/routes/auth.js":{"path":"/Users/oluwafemibabayemi/Documents/Personal-Project/e-commerce/src/routes/auth.js","statementMap":{"0":{"start":{"line":6,"column":19},"end":{"line":6,"column":31}},"1":{"start":{"line":8,"column":0},"end":{"line":8,"column":85}},"2":{"start":{"line":10,"column":0},"end":{"line":10,"column":102}},"3":{"start":{"line":12,"column":0},"end":{"line":17,"column":7}},"4":{"start":{"line":16,"column":8},"end":{"line":16,"column":34}},"5":{"start":{"line":19,"column":0},"end":{"line":24,"column":7}},"6":{"start":{"line":23,"column":8},"end":{"line":23,"column":35}},"7":{"start":{"line":26,"column":0},"end":{"line":28,"column":3}},"8":{"start":{"line":27,"column":4},"end":{"line":27,"column":31}},"9":{"start":{"line":30,"column":0},"end":{"line":32,"column":3}},"10":{"start":{"line":31,"column":4},"end":{"line":31,"column":43}}},"fnMap":{"0":{"name":"(anonymous_0)","decl":{"start":{"line":15,"column":8},"end":{"line":15,"column":9}},"loc":{"start":{"line":15,"column":22},"end":{"line":17,"column":5}},"line":15},"1":{"name":"(anonymous_1)","decl":{"start":{"line":22,"column":8},"end":{"line":22,"column":9}},"loc":{"start":{"line":22,"column":22},"end":{"line":24,"column":5}},"line":22},"2":{"name":"(anonymous_2)","decl":{"start":{"line":26,"column":24},"end":{"line":26,"column":25}},"loc":{"start":{"line":26,"column":38},"end":{"line":28,"column":1}},"line":26},"3":{"name":"(anonymous_3)","decl":{"start":{"line":30,"column":29},"end":{"line":30,"column":30}},"loc":{"start":{"line":30,"column":49},"end":{"line":32,"column":1}},"line":30}},"branchMap":{},"s":{"0":1,"1":1,"2":1,"3":1,"4":0,"5":1,"6":0,"7":1,"8":0,"9":1,"10":0},"f":{"0":0,"1":0,"2":0,"3":0},"b":{},"_coverageSchema":"1a1c01bbd47fc00a2c39e90264f33305004495a9","hash":"49332a188c2a2962e7a9133ff3486ba7bfa21d2b","contentHash":"b8f76bdd49220c16f05595afbceb0d3038740d97c7456eff6d085cbaefa23f1b"},"/Users/oluwafemibabayemi/Documents/Personal-Project/e-commerce/src/routes/category.js":{"path":"/Users/oluwafemibabayemi/Documents/Personal-Project/e-commerce/src/routes/category.js","statementMap":{"0":{"start":{"line":5,"column":15},"end":{"line":5,"column":27}},"1":{"start":{"line":7,"column":0},"end":{"line":7,"column":172}},"2":{"start":{"line":8,"column":0},"end":{"line":8,"column":51}},"3":{"start":{"line":9,"column":0},"end":{"line":9,"column":108}},"4":{"start":{"line":10,"column":0},"end":{"line":10,"column":147}}},"fnMap":{},"branchMap":{},"s":{"0":1,"1":1,"2":1,"3":1,"4":1},"f":{},"b":{},"_coverageSchema":"1a1c01bbd47fc00a2c39e90264f33305004495a9","hash":"e1cdb2132a1aea21cf5c030de96da3cd95f07aec","contentHash":"85fe0eddbd5e2c9bbc849753a921de1520ab63e877493c164f10b78037b091df"},"/Users/oluwafemibabayemi/Documents/Personal-Project/e-commerce/src/routes/subCategory.js":{"path":"/Users/oluwafemibabayemi/Documents/Personal-Project/e-commerce/src/routes/subCategory.js","statementMap":{"0":{"start":{"line":5,"column":15},"end":{"line":5,"column":27}},"1":{"start":{"line":7,"column":0},"end":{"line":7,"column":203}},"2":{"start":{"line":8,"column":0},"end":{"line":8,"column":82}},"3":{"start":{"line":9,"column":0},"end":{"line":9,"column":93}},"4":{"start":{"line":10,"column":0},"end":{"line":10,"column":60}},"5":{"start":{"line":11,"column":0},"end":{"line":11,"column":163}},"6":{"start":{"line":12,"column":0},"end":{"line":12,"column":117}}},"fnMap":{},"branchMap":{},"s":{"0":1,"1":1,"2":1,"3":1,"4":1,"5":1,"6":1},"f":{},"b":{},"_coverageSchema":"1a1c01bbd47fc00a2c39e90264f33305004495a9","hash":"ba3b2e7450e590b8202bb6311e04d7545e2d4520","contentHash":"75b29632ab8c5ebb694fb09d2e0f8af38e36a35d0cdb38fbb8fb260fe3591431"},"/Users/oluwafemibabayemi/Documents/Personal-Project/e-commerce/src/routes/product.js":{"path":"/Users/oluwafemibabayemi/Documents/Personal-Project/e-commerce/src/routes/product.js","statementMap":{"0":{"start":{"line":5,"column":15},"end":{"line":5,"column":27}},"1":{"start":{"line":7,"column":0},"end":{"line":7,"column":216}},"2":{"start":{"line":8,"column":0},"end":{"line":8,"column":68}},"3":{"start":{"line":9,"column":0},"end":{"line":9,"column":112}},"4":{"start":{"line":10,"column":0},"end":{"line":10,"column":132}},"5":{"start":{"line":11,"column":0},"end":{"line":11,"column":107}},"6":{"start":{"line":12,"column":0},"end":{"line":12,"column":163}},"7":{"start":{"line":13,"column":0},"end":{"line":13,"column":134}}},"fnMap":{},"branchMap":{},"s":{"0":1,"1":1,"2":1,"3":1,"4":1,"5":1,"6":1,"7":1},"f":{},"b":{},"_coverageSchema":"1a1c01bbd47fc00a2c39e90264f33305004495a9","hash":"012f407ee8ef4936db342680c7d4f97644901109","contentHash":"13a91484a9b0706be77e280615e0da909f94d178c712381b167f12773156c36a"},"/Users/oluwafemibabayemi/Documents/Personal-Project/e-commerce/src/routes/cart.js":{"path":"/Users/oluwafemibabayemi/Documents/Personal-Project/e-commerce/src/routes/cart.js","statementMap":{"0":{"start":{"line":5,"column":15},"end":{"line":5,"column":27}},"1":{"start":{"line":7,"column":0},"end":{"line":7,"column":139}},"2":{"start":{"line":8,"column":0},"end":{"line":8,"column":75}},"3":{"start":{"line":9,"column":0},"end":{"line":9,"column":77}},"4":{"start":{"line":10,"column":0},"end":{"line":10,"column":119}},"5":{"start":{"line":11,"column":0},"end":{"line":11,"column":100}},"6":{"start":{"line":12,"column":0},"end":{"line":12,"column":109}}},"fnMap":{},"branchMap":{},"s":{"0":1,"1":1,"2":1,"3":1,"4":1,"5":1,"6":1},"f":{},"b":{},"_coverageSchema":"1a1c01bbd47fc00a2c39e90264f33305004495a9","hash":"8de7e5ee1490d40ae54e8f6bfa8cf2a3197754f6","contentHash":"075b354aac675934650290a539e7a572998ecc333340c8608cc1abade8c10d96"},"/Users/oluwafemibabayemi/Documents/Personal-Project/e-commerce/src/routes/orderDetails.js":{"path":"/Users/oluwafemibabayemi/Documents/Personal-Project/e-commerce/src/routes/orderDetails.js","statementMap":{"0":{"start":{"line":5,"column":15},"end":{"line":5,"column":27}},"1":{"start":{"line":7,"column":0},"end":{"line":7,"column":135}},"2":{"start":{"line":8,"column":0},"end":{"line":8,"column":105}},"3":{"start":{"line":9,"column":0},"end":{"line":9,"column":144}},"4":{"start":{"line":10,"column":0},"end":{"line":10,"column":141}},"5":{"start":{"line":11,"column":0},"end":{"line":11,"column":148}}},"fnMap":{},"branchMap":{},"s":{"0":1,"1":1,"2":1,"3":1,"4":1,"5":1},"f":{},"b":{},"_coverageSchema":"1a1c01bbd47fc00a2c39e90264f33305004495a9","hash":"3d4fc691fed856f01b46e499c7048ab6319e528c","contentHash":"a20b3adb1649f60b2139b6a1040c818e72839b08e82f4602964dfbefe2cf0d67"},"/Users/oluwafemibabayemi/Documents/Personal-Project/e-commerce/src/routes/transaction.js":{"path":"/Users/oluwafemibabayemi/Documents/Personal-Project/e-commerce/src/routes/transaction.js","statementMap":{"0":{"start":{"line":5,"column":15},"end":{"line":5,"column":27}},"1":{"start":{"line":7,"column":0},"end":{"line":7,"column":91}},"2":{"start":{"line":8,"column":0},"end":{"line":8,"column":105}},"3":{"start":{"line":9,"column":0},"end":{"line":9,"column":132}}},"fnMap":{},"branchMap":{},"s":{"0":1,"1":1,"2":1,"3":1},"f":{},"b":{},"_coverageSchema":"1a1c01bbd47fc00a2c39e90264f33305004495a9","hash":"371ca27bf8843d2757eb6507d4e7c36516924245","contentHash":"502f241754d65cae6c37e4391f400ee64cc8d3c03eeb385e806bf7a2e24120cf"},"/Users/oluwafemibabayemi/Documents/Personal-Project/e-commerce/src/routes/order.js":{"path":"/Users/oluwafemibabayemi/Documents/Personal-Project/e-commerce/src/routes/order.js","statementMap":{"0":{"start":{"line":5,"column":15},"end":{"line":5,"column":27}},"1":{"start":{"line":7,"column":0},"end":{"line":7,"column":106}}},"fnMap":{},"branchMap":{},"s":{"0":1,"1":1},"f":{},"b":{},"_coverageSchema":"1a1c01bbd47fc00a2c39e90264f33305004495a9","hash":"bbad1875c70db53d43681d9ef8852aa41f577361","contentHash":"d73b064992a61a3b94ffcf352e87986a4ef4ba2a7d58266c41df47ede5ec7b05"},"/Users/oluwafemibabayemi/Documents/Personal-Project/e-commerce/src/config/versioning/v1.js":{"path":"/Users/oluwafemibabayemi/Documents/Personal-Project/e-commerce/src/config/versioning/v1.js","statementMap":{"0":{"start":{"line":12,"column":12},"end":{"line":12,"column":20}},"1":{"start":{"line":14,"column":0},"end":{"line":14,"column":24}},"2":{"start":{"line":15,"column":0},"end":{"line":15,"column":29}},"3":{"start":{"line":16,"column":0},"end":{"line":16,"column":31}},"4":{"start":{"line":17,"column":0},"end":{"line":17,"column":34}},"5":{"start":{"line":18,"column":0},"end":{"line":18,"column":22}},"6":{"start":{"line":19,"column":0},"end":{"line":19,"column":23}},"7":{"start":{"line":20,"column":0},"end":{"line":20,"column":27}},"8":{"start":{"line":21,"column":0},"end":{"line":21,"column":26}},"9":{"start":{"line":22,"column":0},"end":{"line":22,"column":25}}},"fnMap":{},"branchMap":{},"s":{"0":1,"1":1,"2":1,"3":1,"4":1,"5":1,"6":1,"7":1,"8":1,"9":1},"f":{},"b":{},"_coverageSchema":"1a1c01bbd47fc00a2c39e90264f33305004495a9","hash":"e154abc26952bb59a5e35a02c9cc857d22576f2c","contentHash":"3cf298b2f1b8f8214b8dc8ef77d94219682af1151126b6fe553dc1bda1403338"},"/Users/oluwafemibabayemi/Documents/Personal-Project/e-commerce/src/routes/index.js":{"path":"/Users/oluwafemibabayemi/Documents/Personal-Project/e-commerce/src/routes/index.js","statementMap":{"0":{"start":{"line":3,"column":15},"end":{"line":5,"column":1}},"1":{"start":{"line":4,"column":4},"end":{"line":4,"column":36}}},"fnMap":{"0":{"name":"(anonymous_0)","decl":{"start":{"line":3,"column":15},"end":{"line":3,"column":16}},"loc":{"start":{"line":3,"column":24},"end":{"line":5,"column":1}},"line":3}},"branchMap":{},"s":{"0":1,"1":1},"f":{"0":1},"b":{},"_coverageSchema":"1a1c01bbd47fc00a2c39e90264f33305004495a9","hash":"9561bb6300861f68fc2736e07838b4c2f2f895ef","contentHash":"0db9c39a490ac89cc878d25d1e26b4c6d67405a1774efaf0b56a6be34bc4e9ed"},"/Users/oluwafemibabayemi/Documents/Personal-Project/e-commerce/src/config/express.js":{"path":"/Users/oluwafemibabayemi/Documents/Personal-Project/e-commerce/src/config/express.js","statementMap":{"0":{"start":{"line":13,"column":12},"end":{"line":13,"column":21}},"1":{"start":{"line":15,"column":0},"end":{"line":15,"column":52}},"2":{"start":{"line":16,"column":0},"end":{"line":16,"column":27}},"3":{"start":{"line":17,"column":0},"end":{"line":17,"column":56}},"4":{"start":{"line":20,"column":0},"end":{"line":24,"column":4}},"5":{"start":{"line":27,"column":0},"end":{"line":27,"column":31}},"6":{"start":{"line":28,"column":0},"end":{"line":28,"column":28}},"7":{"start":{"line":30,"column":0},"end":{"line":30,"column":16}},"8":{"start":{"line":32,"column":0},"end":{"line":34,"column":3}},"9":{"start":{"line":33,"column":4},"end":{"line":33,"column":38}},"10":{"start":{"line":36,"column":0},"end":{"line":36,"column":12}},"11":{"start":{"line":38,"column":0},"end":{"line":40,"column":3}},"12":{"start":{"line":39,"column":4},"end":{"line":39,"column":52}}},"fnMap":{"0":{"name":"(anonymous_0)","decl":{"start":{"line":32,"column":13},"end":{"line":32,"column":14}},"loc":{"start":{"line":32,"column":27},"end":{"line":34,"column":1}},"line":32},"1":{"name":"(anonymous_1)","decl":{"start":{"line":38,"column":8},"end":{"line":38,"column":9}},"loc":{"start":{"line":38,"column":22},"end":{"line":40,"column":1}},"line":38}},"branchMap":{},"s":{"0":1,"1":1,"2":1,"3":1,"4":1,"5":1,"6":1,"7":1,"8":1,"9":0,"10":1,"11":1,"12":1},"f":{"0":0,"1":1},"b":{},"_coverageSchema":"1a1c01bbd47fc00a2c39e90264f33305004495a9","hash":"f03791a74540e9f641aa1de220125e6ab2a6b08d","contentHash":"5fe653ffc49bee7987f3ef75aa64b09224411520499677c0317ee1db6584e72f"},"/Users/oluwafemibabayemi/Documents/Personal-Project/e-commerce/src/config/index.js":{"path":"/Users/oluwafemibabayemi/Documents/Personal-Project/e-commerce/src/config/index.js","statementMap":{},"fnMap":{},"branchMap":{},"s":{},"f":{},"b":{},"_coverageSchema":"1a1c01bbd47fc00a2c39e90264f33305004495a9","hash":"924829afe3286497958abd7c2c7d03163cf64e2f","contentHash":"edd3e244edff0021d8aec2950c4d60e927aa839dcfa9f68c6939936a8e8385e5"}}